#
# There is insufficient memory for the Java Runtime Environment to continue.
# Native memory allocation (mmap) failed to map 9437184 bytes. Error detail: G1 virtual space
# Possible reasons:
#   The system is out of physical RAM or swap space
#   This process is running with CompressedOops enabled, and the Java Heap may be blocking the growth of the native heap
# Possible solutions:
#   Reduce memory load on the system
#   Increase physical memory or swap space
#   Check if swap backing store is full
#   Decrease Java heap size (-Xmx/-Xms)
#   Decrease number of Java threads
#   Decrease Java thread stack sizes (-Xss)
#   Set larger code cache with -XX:ReservedCodeCacheSize=
#   JVM is running with Unscaled Compressed Oops mode in which the Java heap is
#     placed in the first 4GB address space. The Java Heap base address is the
#     maximum limit for the native heap growth. Please use -XX:HeapBaseMinAddress
#     to set the Java Heap base and to place the Java Heap above 4GB virtual address.
# This output file may be truncated or incomplete.
#
#  Out of Memory Error (os_windows.cpp:3828), pid=7908, tid=24172
#
# JRE version: OpenJDK Runtime Environment (21.0.5) (build 21.0.5+-13047016-b750.29)
# Java VM: OpenJDK 64-Bit Server VM (21.0.5+-13047016-b750.29, mixed mode, tiered, compressed oops, compressed class ptrs, g1 gc, windows-amd64)
# No core dump will be written. Minidumps are not enabled by default on client versions of Windows
#

---------------  S U M M A R Y ------------

Command Line: org.jetbrains.kotlin.cli.jvm.K2JVMCompiler @C:\Users\Magdalena\TwitterSearch\app\build\20250302_10071099212522324748.compiler.options

Host: AMD Ryzen 3 5300U with Radeon Graphics         , 8 cores, 7G,  Windows 11 , 64 bit Build 22621 (10.0.22621.4830)
Time: Sun Mar  2 21:19:46 2025 Central European Standard Time elapsed time: 4.561566 seconds (0d 0h 0m 4s)

---------------  T H R E A D  ---------------

Current thread (0x0000019efaa48110):  VMThread "VM Thread"          [id=24172, stack(0x0000009b78500000,0x0000009b78600000) (1024K)]

Stack: [0x0000009b78500000,0x0000009b78600000]
Native frames: (J=compiled Java code, j=interpreted, Vv=VM code, C=native code)
V  [jvm.dll+0x6cfb29]
V  [jvm.dll+0x85df93]
V  [jvm.dll+0x8604ee]
V  [jvm.dll+0x860bd3]
V  [jvm.dll+0x27e6b6]
V  [jvm.dll+0x6cc385]
V  [jvm.dll+0x6c078a]
V  [jvm.dll+0x35525b]
V  [jvm.dll+0x35ceb6]
V  [jvm.dll+0x3aedd6]
V  [jvm.dll+0x3af0a8]
V  [jvm.dll+0x32792c]
V  [jvm.dll+0x3279b7]
V  [jvm.dll+0x36d80c]
V  [jvm.dll+0x36bfbe]
V  [jvm.dll+0x327081]
V  [jvm.dll+0x36b6d0]
V  [jvm.dll+0x866958]
V  [jvm.dll+0x867cd4]
V  [jvm.dll+0x868210]
V  [jvm.dll+0x8684a3]
V  [jvm.dll+0x806368]
V  [jvm.dll+0x6ce3fd]
C  [ucrtbase.dll+0x29333]
C  [KERNEL32.DLL+0x1259d]
C  [ntdll.dll+0x5af38]

VM_Operation (0x0000009b77ef67e0): G1CollectForAllocation, mode: safepoint, requested by thread 0x0000019ef038fde0


---------------  P R O C E S S  ---------------

Threads class SMR info:
_java_thread_list=0x0000019e904ead70, length=13, elements={
0x0000019ef038fde0, 0x0000019efaa99170, 0x0000019efaa99bc0, 0x0000019efaa9bc30,
0x0000019efaa9c680, 0x0000019efaa9f0e0, 0x0000019efaabe3b0, 0x0000019efaac0b50,
0x0000019efaac11f0, 0x0000019efac4f2e0, 0x0000019efac50fc0, 0x0000019e91f4ee70,
0x0000019e920b9330
}

Java Threads: ( => current thread )
  0x0000019ef038fde0 JavaThread "main"                              [_thread_blocked, id=5172, stack(0x0000009b77e00000,0x0000009b77f00000) (1024K)]
  0x0000019efaa99170 JavaThread "Reference Handler"          daemon [_thread_blocked, id=13284, stack(0x0000009b78600000,0x0000009b78700000) (1024K)]
  0x0000019efaa99bc0 JavaThread "Finalizer"                  daemon [_thread_blocked, id=5300, stack(0x0000009b78700000,0x0000009b78800000) (1024K)]
  0x0000019efaa9bc30 JavaThread "Signal Dispatcher"          daemon [_thread_blocked, id=8672, stack(0x0000009b78800000,0x0000009b78900000) (1024K)]
  0x0000019efaa9c680 JavaThread "Attach Listener"            daemon [_thread_blocked, id=16124, stack(0x0000009b78900000,0x0000009b78a00000) (1024K)]
  0x0000019efaa9f0e0 JavaThread "Service Thread"             daemon [_thread_blocked, id=22216, stack(0x0000009b78a00000,0x0000009b78b00000) (1024K)]
  0x0000019efaabe3b0 JavaThread "Monitor Deflation Thread"   daemon [_thread_blocked, id=15884, stack(0x0000009b78b00000,0x0000009b78c00000) (1024K)]
  0x0000019efaac0b50 JavaThread "C2 CompilerThread0"         daemon [_thread_blocked, id=14156, stack(0x0000009b78c00000,0x0000009b78d00000) (1024K)]
  0x0000019efaac11f0 JavaThread "C1 CompilerThread0"         daemon [_thread_blocked, id=19332, stack(0x0000009b78d00000,0x0000009b78e00000) (1024K)]
  0x0000019efac4f2e0 JavaThread "Notification Thread"        daemon [_thread_blocked, id=19700, stack(0x0000009b78e00000,0x0000009b78f00000) (1024K)]
  0x0000019efac50fc0 JavaThread "Common-Cleaner"             daemon [_thread_blocked, id=19916, stack(0x0000009b78f00000,0x0000009b79000000) (1024K)]
  0x0000019e91f4ee70 JavaThread "C2 CompilerThread1"         daemon [_thread_in_native, id=7900, stack(0x0000009b79000000,0x0000009b79100000) (1024K)]
  0x0000019e920b9330 JavaThread "C2 CompilerThread2"         daemon [_thread_blocked, id=13520, stack(0x0000009b79100000,0x0000009b79200000) (1024K)]
Total: 13

Other Threads:
=>0x0000019efaa48110 VMThread "VM Thread"                           [id=24172, stack(0x0000009b78500000,0x0000009b78600000) (1024K)]
  0x0000019efa87c630 WatcherThread "VM Periodic Task Thread"        [id=13616, stack(0x0000009b78400000,0x0000009b78500000) (1024K)]
  0x0000019ef05e2e40 WorkerThread "GC Thread#0"                     [id=4244, stack(0x0000009b77f00000,0x0000009b78000000) (1024K)]
  0x0000019eff6549c0 WorkerThread "GC Thread#1"                     [id=16020, stack(0x0000009b79200000,0x0000009b79300000) (1024K)]
  0x0000019eff64df30 WorkerThread "GC Thread#2"                     [id=14408, stack(0x0000009b79300000,0x0000009b79400000) (1024K)]
  0x0000019eff64e2d0 WorkerThread "GC Thread#3"                     [id=14248, stack(0x0000009b79400000,0x0000009b79500000) (1024K)]
  0x0000019eff600bb0 WorkerThread "GC Thread#4"                     [id=21624, stack(0x0000009b79500000,0x0000009b79600000) (1024K)]
  0x0000019eff600f50 WorkerThread "GC Thread#5"                     [id=19636, stack(0x0000009b79600000,0x0000009b79700000) (1024K)]
  0x0000019e8f20f410 WorkerThread "GC Thread#6"                     [id=16988, stack(0x0000009b79700000,0x0000009b79800000) (1024K)]
  0x0000019e8f210290 WorkerThread "GC Thread#7"                     [id=5524, stack(0x0000009b79800000,0x0000009b79900000) (1024K)]
  0x0000019ef05f2920 ConcurrentGCThread "G1 Main Marker"            [id=13512, stack(0x0000009b78000000,0x0000009b78100000) (1024K)]
  0x0000019ef05f3ba0 WorkerThread "G1 Conc#0"                       [id=14492, stack(0x0000009b78100000,0x0000009b78200000) (1024K)]
  0x0000019e8f20e930 WorkerThread "G1 Conc#1"                       [id=22992, stack(0x0000009b79900000,0x0000009b79a00000) (1024K)]
  0x0000019efa74b4a0 ConcurrentGCThread "G1 Refine#0"               [id=9868, stack(0x0000009b78200000,0x0000009b78300000) (1024K)]
  0x0000019efa74cdd0 ConcurrentGCThread "G1 Service"                [id=15848, stack(0x0000009b78300000,0x0000009b78400000) (1024K)]
Total: 15

Threads with active compile tasks:
C2 CompilerThread0  4579 3975   !   4       org.jetbrains.kotlin.metadata.ProtoBuf$Function::<init> (1410 bytes)
C2 CompilerThread1  4579 3661       4       java.lang.invoke.MethodType::methodType (69 bytes)
C2 CompilerThread2  4579 3469   !   4       jdk.internal.loader.BuiltinClassLoader::findClassOnClassPathOrNull (64 bytes)
Total: 3

VM state: at safepoint (normal execution)

VM Mutex/Monitor currently owned by a thread:  ([mutex/lock_event])
[0x00007ffcb388d360] Threads_lock - owner thread: 0x0000019efaa48110
[0x00007ffcb388d460] Heap_lock - owner thread: 0x0000019ef038fde0

Heap address: 0x000000008ac00000, size: 1876 MB, Compressed Oops mode: 32-bit

CDS archive(s) not mapped
Compressed class space mapped at: 0x0000000100000000-0x0000000140000000, reserved size: 1073741824
Narrow klass base: 0x0000000000000000, Narrow klass shift: 3, Narrow klass range: 0x140000000

GC Precious Log:
 CardTable entry size: 512
 Card Set container configuration: InlinePtr #cards 5 size 8 Array Of Cards #cards 12 size 40 Howl #buckets 4 coarsen threshold 1843 Howl Bitmap #cards 512 size 80 coarsen threshold 460 Card regions per heap region 1 cards per card region 2048
 CPUs: 8 total, 8 available
 Memory: 7502M
 Large Page Support: Disabled
 NUMA Support: Disabled
 Compressed Oops: Enabled (32-bit)
 Heap Region Size: 1M
 Heap Min Capacity: 8M
 Heap Initial Capacity: 118M
 Heap Max Capacity: 1876M
 Pre-touch: Disabled
 Parallel Workers: 8
 Concurrent Workers: 2
 Concurrent Refinement Workers: 8
 Periodic GC: Disabled

Heap:
 garbage-first heap   total 102400K, used 45666K [0x000000008ac00000, 0x0000000100000000)
  region size 1024K, 2 young (2048K), 2 survivors (2048K)
 Metaspace       used 49626K, committed 49920K, reserved 1114112K
  class space    used 5715K, committed 5824K, reserved 1048576K

Heap Regions: E=young(eden), S=young(survivor), O=old, HS=humongous(starts), HC=humongous(continues), CS=collection set, F=free, TAMS=top-at-mark-start, PB=parsable bottom
|   0|0x000000008ac00000, 0x000000008ad00000, 0x000000008ad00000|100%|HS|  |TAMS 0x000000008ad00000| PB 0x000000008ac00000| Complete 
|   1|0x000000008ad00000, 0x000000008ae00000, 0x000000008ae00000|100%|HC|  |TAMS 0x000000008ae00000| PB 0x000000008ad00000| Complete 
|   2|0x000000008ae00000, 0x000000008af00000, 0x000000008af00000|100%|HC|  |TAMS 0x000000008af00000| PB 0x000000008ae00000| Complete 
|   3|0x000000008af00000, 0x000000008b000000, 0x000000008b000000|100%| O|  |TAMS 0x000000008b000000| PB 0x000000008af00000| Untracked 
|   4|0x000000008b000000, 0x000000008b100000, 0x000000008b100000|100%| O|  |TAMS 0x000000008b100000| PB 0x000000008b000000| Untracked 
|   5|0x000000008b100000, 0x000000008b200000, 0x000000008b200000|100%| O|  |TAMS 0x000000008b200000| PB 0x000000008b100000| Untracked 
|   6|0x000000008b200000, 0x000000008b300000, 0x000000008b300000|100%| O|  |TAMS 0x000000008b300000| PB 0x000000008b200000| Untracked 
|   7|0x000000008b300000, 0x000000008b400000, 0x000000008b400000|100%| O|  |TAMS 0x000000008b400000| PB 0x000000008b300000| Untracked 
|   8|0x000000008b400000, 0x000000008b500000, 0x000000008b500000|100%| O|  |TAMS 0x000000008b500000| PB 0x000000008b400000| Untracked 
|   9|0x000000008b500000, 0x000000008b600000, 0x000000008b600000|100%| O|  |TAMS 0x000000008b600000| PB 0x000000008b500000| Untracked 
|  10|0x000000008b600000, 0x000000008b700000, 0x000000008b700000|100%| O|  |TAMS 0x000000008b700000| PB 0x000000008b600000| Untracked 
|  11|0x000000008b700000, 0x000000008b800000, 0x000000008b800000|100%| O|  |TAMS 0x000000008b800000| PB 0x000000008b700000| Untracked 
|  12|0x000000008b800000, 0x000000008b900000, 0x000000008b900000|100%| O|  |TAMS 0x000000008b900000| PB 0x000000008b800000| Untracked 
|  13|0x000000008b900000, 0x000000008ba00000, 0x000000008ba00000|100%| O|  |TAMS 0x000000008ba00000| PB 0x000000008b900000| Untracked 
|  14|0x000000008ba00000, 0x000000008bb00000, 0x000000008bb00000|100%| O|  |TAMS 0x000000008bb00000| PB 0x000000008ba00000| Untracked 
|  15|0x000000008bb00000, 0x000000008bc00000, 0x000000008bc00000|100%| O|  |TAMS 0x000000008bc00000| PB 0x000000008bb00000| Untracked 
|  16|0x000000008bc00000, 0x000000008bd00000, 0x000000008bd00000|100%| O|  |TAMS 0x000000008bd00000| PB 0x000000008bc00000| Untracked 
|  17|0x000000008bd00000, 0x000000008be00000, 0x000000008be00000|100%| O|  |TAMS 0x000000008be00000| PB 0x000000008bd00000| Untracked 
|  18|0x000000008be00000, 0x000000008bf00000, 0x000000008bf00000|100%| O|  |TAMS 0x000000008bf00000| PB 0x000000008be00000| Untracked 
|  19|0x000000008bf00000, 0x000000008c000000, 0x000000008c000000|100%| O|  |TAMS 0x000000008c000000| PB 0x000000008bf00000| Untracked 
|  20|0x000000008c000000, 0x000000008c100000, 0x000000008c100000|100%| O|  |TAMS 0x000000008c100000| PB 0x000000008c000000| Untracked 
|  21|0x000000008c100000, 0x000000008c200000, 0x000000008c200000|100%| O|  |TAMS 0x000000008c200000| PB 0x000000008c100000| Untracked 
|  22|0x000000008c200000, 0x000000008c300000, 0x000000008c300000|100%| O|  |TAMS 0x000000008c300000| PB 0x000000008c200000| Untracked 
|  23|0x000000008c300000, 0x000000008c400000, 0x000000008c400000|100%| O|  |TAMS 0x000000008c300000| PB 0x000000008c300000| Untracked 
|  24|0x000000008c400000, 0x000000008c500000, 0x000000008c500000|100%| O|  |TAMS 0x000000008c500000| PB 0x000000008c400000| Untracked 
|  25|0x000000008c500000, 0x000000008c600000, 0x000000008c600000|100%| O|  |TAMS 0x000000008c600000| PB 0x000000008c500000| Untracked 
|  26|0x000000008c600000, 0x000000008c700000, 0x000000008c700000|100%| O|  |TAMS 0x000000008c700000| PB 0x000000008c600000| Untracked 
|  27|0x000000008c700000, 0x000000008c800000, 0x000000008c800000|100%| O|  |TAMS 0x000000008c800000| PB 0x000000008c700000| Untracked 
|  28|0x000000008c800000, 0x000000008c900000, 0x000000008c900000|100%| O|  |TAMS 0x000000008c900000| PB 0x000000008c800000| Untracked 
|  29|0x000000008c900000, 0x000000008ca00000, 0x000000008ca00000|100%| O|  |TAMS 0x000000008ca00000| PB 0x000000008c900000| Untracked 
|  30|0x000000008ca00000, 0x000000008cb00000, 0x000000008cb00000|100%| O|  |TAMS 0x000000008cb00000| PB 0x000000008ca00000| Untracked 
|  31|0x000000008cb00000, 0x000000008cc00000, 0x000000008cc00000|100%| O|  |TAMS 0x000000008cc00000| PB 0x000000008cb00000| Untracked 
|  32|0x000000008cc00000, 0x000000008cd00000, 0x000000008cd00000|100%| O|  |TAMS 0x000000008cd00000| PB 0x000000008cc00000| Untracked 
|  33|0x000000008cd00000, 0x000000008ce00000, 0x000000008ce00000|100%|HS|  |TAMS 0x000000008ce00000| PB 0x000000008cd00000| Complete 
|  34|0x000000008ce00000, 0x000000008cf00000, 0x000000008cf00000|100%| O|  |TAMS 0x000000008cf00000| PB 0x000000008ce00000| Untracked 
|  35|0x000000008cf00000, 0x000000008d000000, 0x000000008d000000|100%| O|  |TAMS 0x000000008d000000| PB 0x000000008cf00000| Untracked 
|  36|0x000000008d000000, 0x000000008d100000, 0x000000008d100000|100%| O|  |TAMS 0x000000008d100000| PB 0x000000008d000000| Untracked 
|  37|0x000000008d100000, 0x000000008d200000, 0x000000008d200000|100%| O|  |TAMS 0x000000008d200000| PB 0x000000008d100000| Untracked 
|  38|0x000000008d200000, 0x000000008d300000, 0x000000008d300000|100%| O|  |TAMS 0x000000008d300000| PB 0x000000008d200000| Untracked 
|  39|0x000000008d300000, 0x000000008d300000, 0x000000008d400000|  0%| F|  |TAMS 0x000000008d300000| PB 0x000000008d300000| Untracked 
|  40|0x000000008d400000, 0x000000008d400000, 0x000000008d500000|  0%| F|  |TAMS 0x000000008d400000| PB 0x000000008d400000| Untracked 
|  41|0x000000008d500000, 0x000000008d600000, 0x000000008d600000|100%| O|  |TAMS 0x000000008d500000| PB 0x000000008d500000| Untracked 
|  42|0x000000008d600000, 0x000000008d700000, 0x000000008d700000|100%| O|  |TAMS 0x000000008d600000| PB 0x000000008d600000| Untracked 
|  43|0x000000008d700000, 0x000000008d798ac8, 0x000000008d800000| 59%| O|  |TAMS 0x000000008d700000| PB 0x000000008d700000| Untracked 
|  44|0x000000008d800000, 0x000000008d800000, 0x000000008d900000|  0%| F|  |TAMS 0x000000008d800000| PB 0x000000008d800000| Untracked 
|  45|0x000000008d900000, 0x000000008da00000, 0x000000008da00000|100%| S|CS|TAMS 0x000000008d900000| PB 0x000000008d900000| Complete 
|  46|0x000000008da00000, 0x000000008db00000, 0x000000008db00000|100%| S|CS|TAMS 0x000000008da00000| PB 0x000000008da00000| Complete 
|  47|0x000000008db00000, 0x000000008db00000, 0x000000008dc00000|  0%| F|  |TAMS 0x000000008db00000| PB 0x000000008db00000| Untracked 
|  48|0x000000008dc00000, 0x000000008dc00000, 0x000000008dd00000|  0%| F|  |TAMS 0x000000008dc00000| PB 0x000000008dc00000| Untracked 
|  49|0x000000008dd00000, 0x000000008dd00000, 0x000000008de00000|  0%| F|  |TAMS 0x000000008dd00000| PB 0x000000008dd00000| Untracked 
|  50|0x000000008de00000, 0x000000008de00000, 0x000000008df00000|  0%| F|  |TAMS 0x000000008de00000| PB 0x000000008de00000| Untracked 
|  51|0x000000008df00000, 0x000000008df00000, 0x000000008e000000|  0%| F|  |TAMS 0x000000008df00000| PB 0x000000008df00000| Untracked 
|  52|0x000000008e000000, 0x000000008e000000, 0x000000008e100000|  0%| F|  |TAMS 0x000000008e000000| PB 0x000000008e000000| Untracked 
|  53|0x000000008e100000, 0x000000008e100000, 0x000000008e200000|  0%| F|  |TAMS 0x000000008e100000| PB 0x000000008e100000| Untracked 
|  54|0x000000008e200000, 0x000000008e200000, 0x000000008e300000|  0%| F|  |TAMS 0x000000008e200000| PB 0x000000008e200000| Untracked 
|  55|0x000000008e300000, 0x000000008e300000, 0x000000008e400000|  0%| F|  |TAMS 0x000000008e300000| PB 0x000000008e300000| Untracked 
|  56|0x000000008e400000, 0x000000008e400000, 0x000000008e500000|  0%| F|  |TAMS 0x000000008e400000| PB 0x000000008e400000| Untracked 
|  57|0x000000008e500000, 0x000000008e500000, 0x000000008e600000|  0%| F|  |TAMS 0x000000008e500000| PB 0x000000008e500000| Untracked 
|  58|0x000000008e600000, 0x000000008e600000, 0x000000008e700000|  0%| F|  |TAMS 0x000000008e600000| PB 0x000000008e600000| Untracked 
|  59|0x000000008e700000, 0x000000008e700000, 0x000000008e800000|  0%| F|  |TAMS 0x000000008e700000| PB 0x000000008e700000| Untracked 
|  60|0x000000008e800000, 0x000000008e800000, 0x000000008e900000|  0%| F|  |TAMS 0x000000008e800000| PB 0x000000008e800000| Untracked 
|  61|0x000000008e900000, 0x000000008e900000, 0x000000008ea00000|  0%| F|  |TAMS 0x000000008e900000| PB 0x000000008e900000| Untracked 
|  62|0x000000008ea00000, 0x000000008ea00000, 0x000000008eb00000|  0%| F|  |TAMS 0x000000008ea00000| PB 0x000000008ea00000| Untracked 
|  63|0x000000008eb00000, 0x000000008eb00000, 0x000000008ec00000|  0%| F|  |TAMS 0x000000008eb00000| PB 0x000000008eb00000| Untracked 
|  64|0x000000008ec00000, 0x000000008ec00000, 0x000000008ed00000|  0%| F|  |TAMS 0x000000008ec00000| PB 0x000000008ec00000| Untracked 
|  65|0x000000008ed00000, 0x000000008ed00000, 0x000000008ee00000|  0%| F|  |TAMS 0x000000008ed00000| PB 0x000000008ed00000| Untracked 
|  66|0x000000008ee00000, 0x000000008ee00000, 0x000000008ef00000|  0%| F|  |TAMS 0x000000008ee00000| PB 0x000000008ee00000| Untracked 
|  67|0x000000008ef00000, 0x000000008ef00000, 0x000000008f000000|  0%| F|  |TAMS 0x000000008ef00000| PB 0x000000008ef00000| Untracked 
|  68|0x000000008f000000, 0x000000008f000000, 0x000000008f100000|  0%| F|  |TAMS 0x000000008f000000| PB 0x000000008f000000| Untracked 
|  69|0x000000008f100000, 0x000000008f100000, 0x000000008f200000|  0%| F|  |TAMS 0x000000008f100000| PB 0x000000008f100000| Untracked 
|  70|0x000000008f200000, 0x000000008f200000, 0x000000008f300000|  0%| F|  |TAMS 0x000000008f200000| PB 0x000000008f200000| Untracked 
|  71|0x000000008f300000, 0x000000008f300000, 0x000000008f400000|  0%| F|  |TAMS 0x000000008f300000| PB 0x000000008f300000| Untracked 
|  72|0x000000008f400000, 0x000000008f400000, 0x000000008f500000|  0%| F|  |TAMS 0x000000008f400000| PB 0x000000008f400000| Untracked 
|  73|0x000000008f500000, 0x000000008f500000, 0x000000008f600000|  0%| F|  |TAMS 0x000000008f500000| PB 0x000000008f500000| Untracked 
|  74|0x000000008f600000, 0x000000008f600000, 0x000000008f700000|  0%| F|  |TAMS 0x000000008f600000| PB 0x000000008f600000| Untracked 
|  75|0x000000008f700000, 0x000000008f700000, 0x000000008f800000|  0%| F|  |TAMS 0x000000008f700000| PB 0x000000008f700000| Untracked 
|  76|0x000000008f800000, 0x000000008f800000, 0x000000008f900000|  0%| F|  |TAMS 0x000000008f800000| PB 0x000000008f800000| Untracked 
|  77|0x000000008f900000, 0x000000008f900000, 0x000000008fa00000|  0%| F|  |TAMS 0x000000008f900000| PB 0x000000008f900000| Untracked 
|  78|0x000000008fa00000, 0x000000008fa00000, 0x000000008fb00000|  0%| F|  |TAMS 0x000000008fa00000| PB 0x000000008fa00000| Untracked 
|  79|0x000000008fb00000, 0x000000008fb00000, 0x000000008fc00000|  0%| F|  |TAMS 0x000000008fb00000| PB 0x000000008fb00000| Untracked 
|  80|0x000000008fc00000, 0x000000008fc00000, 0x000000008fd00000|  0%| F|  |TAMS 0x000000008fc00000| PB 0x000000008fc00000| Untracked 
|  81|0x000000008fd00000, 0x000000008fd00000, 0x000000008fe00000|  0%| F|  |TAMS 0x000000008fd00000| PB 0x000000008fd00000| Untracked 
|  82|0x000000008fe00000, 0x000000008fe00000, 0x000000008ff00000|  0%| F|  |TAMS 0x000000008fe00000| PB 0x000000008fe00000| Untracked 
|  83|0x000000008ff00000, 0x000000008ff00000, 0x0000000090000000|  0%| F|  |TAMS 0x000000008ff00000| PB 0x000000008ff00000| Untracked 
|  84|0x0000000090000000, 0x0000000090000000, 0x0000000090100000|  0%| F|  |TAMS 0x0000000090000000| PB 0x0000000090000000| Untracked 
|  85|0x0000000090100000, 0x0000000090100000, 0x0000000090200000|  0%| F|  |TAMS 0x0000000090100000| PB 0x0000000090100000| Untracked 
|  86|0x0000000090200000, 0x0000000090200000, 0x0000000090300000|  0%| F|  |TAMS 0x0000000090200000| PB 0x0000000090200000| Untracked 
|  87|0x0000000090300000, 0x0000000090300000, 0x0000000090400000|  0%| F|  |TAMS 0x0000000090300000| PB 0x0000000090300000| Untracked 
|  88|0x0000000090400000, 0x0000000090400000, 0x0000000090500000|  0%| F|  |TAMS 0x0000000090400000| PB 0x0000000090400000| Untracked 
|  89|0x0000000090500000, 0x0000000090500000, 0x0000000090600000|  0%| F|  |TAMS 0x0000000090500000| PB 0x0000000090500000| Untracked 
|  90|0x0000000090600000, 0x0000000090600000, 0x0000000090700000|  0%| F|  |TAMS 0x0000000090600000| PB 0x0000000090600000| Untracked 
|  91|0x0000000090700000, 0x0000000090700000, 0x0000000090800000|  0%| F|  |TAMS 0x0000000090700000| PB 0x0000000090700000| Untracked 
|  92|0x0000000090800000, 0x0000000090800000, 0x0000000090900000|  0%| F|  |TAMS 0x0000000090800000| PB 0x0000000090800000| Untracked 
|  93|0x0000000090900000, 0x0000000090900000, 0x0000000090a00000|  0%| F|  |TAMS 0x0000000090900000| PB 0x0000000090900000| Untracked 
|  94|0x0000000090a00000, 0x0000000090a00000, 0x0000000090b00000|  0%| F|  |TAMS 0x0000000090a00000| PB 0x0000000090a00000| Untracked 
|  95|0x0000000090b00000, 0x0000000090b00000, 0x0000000090c00000|  0%| F|  |TAMS 0x0000000090b00000| PB 0x0000000090b00000| Untracked 
|  96|0x0000000090c00000, 0x0000000090c00000, 0x0000000090d00000|  0%| F|  |TAMS 0x0000000090c00000| PB 0x0000000090c00000| Untracked 
|  97|0x0000000090d00000, 0x0000000090d00000, 0x0000000090e00000|  0%| F|  |TAMS 0x0000000090d00000| PB 0x0000000090d00000| Untracked 
| 117|0x0000000092100000, 0x0000000092100000, 0x0000000092200000|  0%| F|  |TAMS 0x0000000092100000| PB 0x0000000092100000| Untracked 
|1875|0x00000000fff00000, 0x0000000100000000, 0x0000000100000000|100%| O|  |TAMS 0x0000000100000000| PB 0x00000000fff00000| Untracked 

Card table byte_map: [0x0000019ef5cd0000,0x0000019ef6080000] _byte_map_base: 0x0000019ef587a000

Marking Bits: (CMBitMap*) 0x0000019ef05e3450
 Bits: [0x0000019ef6080000, 0x0000019ef7dd0000)

Polling page: 0x0000019ef0650000

Metaspace:

Usage:
  Non-class:     42.88 MB used.
      Class:      5.58 MB used.
       Both:     48.46 MB used.

Virtual space:
  Non-class space:       64.00 MB reserved,      43.06 MB ( 67%) committed,  1 nodes.
      Class space:        1.00 GB reserved,       5.69 MB ( <1%) committed,  1 nodes.
             Both:        1.06 GB reserved,      48.75 MB (  4%) committed. 

Chunk freelists:
   Non-Class:  4.23 MB
       Class:  10.12 MB
        Both:  14.36 MB

MaxMetaspaceSize: unlimited
CompressedClassSpaceSize: 1.00 GB
Initial GC threshold: 21.00 MB
Current GC threshold: 80.44 MB
CDS: off
 - commit_granule_bytes: 65536.
 - commit_granule_words: 8192.
 - virtual_space_node_default_size: 8388608.
 - enlarge_chunks_in_place: 1.
 - use_allocation_guard: 0.


Internal statistics:

num_allocs_failed_limit: 6.
num_arena_births: 262.
num_arena_deaths: 0.
num_vsnodes_births: 2.
num_vsnodes_deaths: 0.
num_space_committed: 780.
num_space_uncommitted: 0.
num_chunks_returned_to_freelist: 6.
num_chunks_taken_from_freelist: 1723.
num_chunk_merges: 6.
num_chunk_splits: 1395.
num_chunks_enlarged: 1253.
num_inconsistent_stats: 0.

CodeHeap 'non-profiled nmethods': size=120000Kb used=1831Kb max_used=1831Kb free=118169Kb
 bounds [0x0000019e87ad0000, 0x0000019e87d40000, 0x0000019e8f000000]
CodeHeap 'profiled nmethods': size=120000Kb used=8055Kb max_used=8055Kb free=111944Kb
 bounds [0x0000019e80000000, 0x0000019e807e0000, 0x0000019e87530000]
CodeHeap 'non-nmethods': size=5760Kb used=1591Kb max_used=1630Kb free=4169Kb
 bounds [0x0000019e87530000, 0x0000019e877a0000, 0x0000019e87ad0000]
 total_blobs=4356 nmethods=3706 adapters=553
 compilation: enabled
              stopped_count=0, restarted_count=0
 full_count=0

Compilation events (20 events):
Event: 4.523 Thread 0x0000019efaac11f0 3997       3       kotlin.sequences.SequencesKt___SequencesKt$filterNotNull$1::invoke (13 bytes)
Event: 4.523 Thread 0x0000019efaac11f0 nmethod 3997 0x0000019e807d5990 code [0x0000019e807d5b40, 0x0000019e807d5d70]
Event: 4.523 Thread 0x0000019efaac11f0 3998       3       kotlin.sequences.FilteringSequence$iterator$1::next (44 bytes)
Event: 4.524 Thread 0x0000019efaac11f0 nmethod 3998 0x0000019e807d5e10 code [0x0000019e807d5fe0, 0x0000019e807d62a8]
Event: 4.526 Thread 0x0000019efaac11f0 4000       3       org.jetbrains.kotlin.protobuf.FieldSet::readPrimitiveField (263 bytes)
Event: 4.528 Thread 0x0000019efaac11f0 nmethod 4000 0x0000019e807d6390 code [0x0000019e807d6960, 0x0000019e807d8d18]
Event: 4.529 Thread 0x0000019efaac11f0 4002       3       org.jetbrains.kotlin.com.intellij.util.containers.IntArrayList::ensureCapacity (39 bytes)
Event: 4.530 Thread 0x0000019efaac11f0 nmethod 4002 0x0000019e807d9a10 code [0x0000019e807d9bc0, 0x0000019e807d9df0]
Event: 4.536 Thread 0x0000019efaac11f0 4003   !   3       org.jetbrains.kotlin.com.intellij.util.io.FileAccessorCache::get (72 bytes)
Event: 4.537 Thread 0x0000019efaac11f0 nmethod 4003 0x0000019e807d9f10 code [0x0000019e807da140, 0x0000019e807da780]
Event: 4.539 Thread 0x0000019efaac11f0 4004       3       org.jetbrains.kotlin.metadata.ProtoBuf$Package::initFields (36 bytes)
Event: 4.540 Thread 0x0000019efaac11f0 nmethod 4004 0x0000019e807da990 code [0x0000019e807dab80, 0x0000019e807db078]
Event: 4.544 Thread 0x0000019efaac11f0 4006       3       org.jetbrains.kotlin.metadata.deserialization.TypeTable::<init> (208 bytes)
Event: 4.546 Thread 0x0000019efaac11f0 nmethod 4006 0x0000019e807db190 code [0x0000019e807db5e0, 0x0000019e807dd308]
Event: 4.546 Thread 0x0000019efaac11f0 4007       3       org.jetbrains.kotlin.metadata.ProtoBuf$TypeTable::hasFirstNullable (16 bytes)
Event: 4.547 Thread 0x0000019efaac11f0 nmethod 4007 0x0000019e807ddf90 code [0x0000019e807de120, 0x0000019e807de288]
Event: 4.548 Thread 0x0000019efaac11f0 4008       3       java.nio.file.Paths::get (6 bytes)
Event: 4.548 Thread 0x0000019efaac11f0 nmethod 4008 0x0000019e807de310 code [0x0000019e807de4e0, 0x0000019e807de878]
Event: 4.548 Thread 0x0000019efaac11f0 4009       3       java.nio.file.Path::of (9 bytes)
Event: 4.548 Thread 0x0000019efaac11f0 nmethod 4009 0x0000019e807dea10 code [0x0000019e807debe0, 0x0000019e807def10]

GC Heap History (20 events):
Event: 1.824 GC heap after
{Heap after GC invocations=6 (full 0):
 garbage-first heap   total 35840K, used 15425K [0x000000008ac00000, 0x0000000100000000)
  region size 1024K, 2 young (2048K), 2 survivors (2048K)
 Metaspace       used 30586K, committed 30848K, reserved 1114112K
  class space    used 3757K, committed 3840K, reserved 1048576K
}
Event: 2.027 GC heap before
{Heap before GC invocations=6 (full 0):
 garbage-first heap   total 35840K, used 27713K [0x000000008ac00000, 0x0000000100000000)
  region size 1024K, 15 young (15360K), 2 survivors (2048K)
 Metaspace       used 33310K, committed 33600K, reserved 1114112K
  class space    used 4033K, committed 4160K, reserved 1048576K
}
Event: 2.034 GC heap after
{Heap after GC invocations=7 (full 0):
 garbage-first heap   total 45056K, used 16541K [0x000000008ac00000, 0x0000000100000000)
  region size 1024K, 2 young (2048K), 2 survivors (2048K)
 Metaspace       used 33310K, committed 33600K, reserved 1114112K
  class space    used 4033K, committed 4160K, reserved 1048576K
}
Event: 2.196 GC heap before
{Heap before GC invocations=7 (full 0):
 garbage-first heap   total 45056K, used 24733K [0x000000008ac00000, 0x0000000100000000)
  region size 1024K, 11 young (11264K), 2 survivors (2048K)
 Metaspace       used 35692K, committed 35968K, reserved 1114112K
  class space    used 4279K, committed 4416K, reserved 1048576K
}
Event: 2.200 GC heap after
{Heap after GC invocations=8 (full 0):
 garbage-first heap   total 45056K, used 17518K [0x000000008ac00000, 0x0000000100000000)
  region size 1024K, 2 young (2048K), 2 survivors (2048K)
 Metaspace       used 35692K, committed 35968K, reserved 1114112K
  class space    used 4279K, committed 4416K, reserved 1048576K
}
Event: 2.521 GC heap before
{Heap before GC invocations=9 (full 0):
 garbage-first heap   total 45056K, used 34926K [0x000000008ac00000, 0x0000000100000000)
  region size 1024K, 20 young (20480K), 2 survivors (2048K)
 Metaspace       used 40935K, committed 41216K, reserved 1114112K
  class space    used 4812K, committed 4928K, reserved 1048576K
}
Event: 2.525 GC heap after
{Heap after GC invocations=10 (full 0):
 garbage-first heap   total 45056K, used 17973K [0x000000008ac00000, 0x0000000100000000)
  region size 1024K, 2 young (2048K), 2 survivors (2048K)
 Metaspace       used 40935K, committed 41216K, reserved 1114112K
  class space    used 4812K, committed 4928K, reserved 1048576K
}
Event: 3.113 GC heap before
{Heap before GC invocations=10 (full 0):
 garbage-first heap   total 45056K, used 37429K [0x000000008ac00000, 0x0000000100000000)
  region size 1024K, 21 young (21504K), 2 survivors (2048K)
 Metaspace       used 44409K, committed 44736K, reserved 1114112K
  class space    used 5162K, committed 5312K, reserved 1048576K
}
Event: 3.127 GC heap after
{Heap after GC invocations=11 (full 0):
 garbage-first heap   total 45056K, used 20777K [0x000000008ac00000, 0x0000000100000000)
  region size 1024K, 3 young (3072K), 3 survivors (3072K)
 Metaspace       used 44409K, committed 44736K, reserved 1114112K
  class space    used 5162K, committed 5312K, reserved 1048576K
}
Event: 3.507 GC heap before
{Heap before GC invocations=11 (full 0):
 garbage-first heap   total 45056K, used 37161K [0x000000008ac00000, 0x0000000100000000)
  region size 1024K, 19 young (19456K), 3 survivors (3072K)
 Metaspace       used 45187K, committed 45504K, reserved 1114112K
  class space    used 5222K, committed 5376K, reserved 1048576K
}
Event: 3.518 GC heap after
{Heap after GC invocations=12 (full 0):
 garbage-first heap   total 55296K, used 25896K [0x000000008ac00000, 0x0000000100000000)
  region size 1024K, 3 young (3072K), 3 survivors (3072K)
 Metaspace       used 45187K, committed 45504K, reserved 1114112K
  class space    used 5222K, committed 5376K, reserved 1048576K
}
Event: 3.809 GC heap before
{Heap before GC invocations=12 (full 0):
 garbage-first heap   total 55296K, used 43304K [0x000000008ac00000, 0x0000000100000000)
  region size 1024K, 21 young (21504K), 3 survivors (3072K)
 Metaspace       used 46717K, committed 46976K, reserved 1114112K
  class space    used 5397K, committed 5504K, reserved 1048576K
}
Event: 3.818 GC heap after
{Heap after GC invocations=13 (full 0):
 garbage-first heap   total 55296K, used 30480K [0x000000008ac00000, 0x0000000100000000)
  region size 1024K, 3 young (3072K), 3 survivors (3072K)
 Metaspace       used 46717K, committed 46976K, reserved 1114112K
  class space    used 5397K, committed 5504K, reserved 1048576K
}
Event: 4.119 GC heap before
{Heap before GC invocations=13 (full 0):
 garbage-first heap   total 55296K, used 45840K [0x000000008ac00000, 0x0000000100000000)
  region size 1024K, 18 young (18432K), 3 survivors (3072K)
 Metaspace       used 49093K, committed 49408K, reserved 1114112K
  class space    used 5639K, committed 5760K, reserved 1048576K
}
Event: 4.130 GC heap after
{Heap after GC invocations=14 (full 0):
 garbage-first heap   total 55296K, used 33485K [0x000000008ac00000, 0x0000000100000000)
  region size 1024K, 3 young (3072K), 3 survivors (3072K)
 Metaspace       used 49093K, committed 49408K, reserved 1114112K
  class space    used 5639K, committed 5760K, reserved 1048576K
}
Event: 4.434 GC heap before
{Heap before GC invocations=15 (full 0):
 garbage-first heap   total 58368K, used 45773K [0x000000008ac00000, 0x0000000100000000)
  region size 1024K, 16 young (16384K), 3 survivors (3072K)
 Metaspace       used 49599K, committed 49856K, reserved 1114112K
  class space    used 5715K, committed 5824K, reserved 1048576K
}
Event: 4.445 GC heap after
{Heap after GC invocations=16 (full 0):
 garbage-first heap   total 58368K, used 36169K [0x000000008ac00000, 0x0000000100000000)
  region size 1024K, 2 young (2048K), 2 survivors (2048K)
 Metaspace       used 49599K, committed 49856K, reserved 1114112K
  class space    used 5715K, committed 5824K, reserved 1048576K
}
Event: 4.490 GC heap before
{Heap before GC invocations=16 (full 0):
 garbage-first heap   total 58368K, used 50505K [0x000000008ac00000, 0x0000000100000000)
  region size 1024K, 15 young (15360K), 2 survivors (2048K)
 Metaspace       used 49609K, committed 49856K, reserved 1114112K
  class space    used 5715K, committed 5824K, reserved 1048576K
}
Event: 4.502 GC heap after
{Heap after GC invocations=17 (full 0):
 garbage-first heap   total 58368K, used 41984K [0x000000008ac00000, 0x0000000100000000)
  region size 1024K, 2 young (2048K), 2 survivors (2048K)
 Metaspace       used 49609K, committed 49856K, reserved 1114112K
  class space    used 5715K, committed 5824K, reserved 1048576K
}
Event: 4.549 GC heap before
{Heap before GC invocations=17 (full 0):
 garbage-first heap   total 58368K, used 51200K [0x000000008ac00000, 0x0000000100000000)
  region size 1024K, 11 young (11264K), 2 survivors (2048K)
 Metaspace       used 49626K, committed 49920K, reserved 1114112K
  class space    used 5715K, committed 5824K, reserved 1048576K
}

Dll operation events (3 events):
Event: 0.007 Loaded shared library C:\Program Files\Android\Android Studio\jbr\bin\java.dll
Event: 0.014 Loaded shared library C:\Program Files\Android\Android Studio\jbr\bin\zip.dll
Event: 1.130 Loaded shared library C:\Program Files\Android\Android Studio\jbr\bin\verify.dll

Deoptimization events (20 events):
Event: 4.178 Thread 0x0000019ef038fde0 Uncommon trap: trap_request=0xffffff45 fr.pc=0x0000019e87bc1f4c relative=0x000000000000010c
Event: 4.178 Thread 0x0000019ef038fde0 Uncommon trap: reason=unstable_if action=reinterpret pc=0x0000019e87bc1f4c method=java.text.StringCharacterIterator.current()C @ 19 c2
Event: 4.178 Thread 0x0000019ef038fde0 DEOPT PACKING pc=0x0000019e87bc1f4c sp=0x0000009b77ef90a0
Event: 4.178 Thread 0x0000019ef038fde0 DEOPT UNPACKING pc=0x0000019e875846a2 sp=0x0000009b77ef9038 mode 2
Event: 4.179 Thread 0x0000019ef038fde0 Uncommon trap: trap_request=0xffffff45 fr.pc=0x0000019e87c748c8 relative=0x0000000000000368
Event: 4.179 Thread 0x0000019ef038fde0 Uncommon trap: reason=unstable_if action=reinterpret pc=0x0000019e87c748c8 method=org.jetbrains.org.objectweb.asm.Type.getTypeInternal(Ljava/lang/String;II)Lorg/jetbrains/org/objectweb/asm/Type; @ 5 c2
Event: 4.179 Thread 0x0000019ef038fde0 DEOPT PACKING pc=0x0000019e87c748c8 sp=0x0000009b77ef8c10
Event: 4.179 Thread 0x0000019ef038fde0 DEOPT UNPACKING pc=0x0000019e875846a2 sp=0x0000009b77ef8ba8 mode 2
Event: 4.251 Thread 0x0000019ef038fde0 DEOPT PACKING pc=0x0000019e8063da7d sp=0x0000009b77efa8b0
Event: 4.251 Thread 0x0000019ef038fde0 DEOPT UNPACKING pc=0x0000019e87584e42 sp=0x0000009b77ef9d60 mode 0
Event: 4.366 Thread 0x0000019ef038fde0 Uncommon trap: trap_request=0xffffff45 fr.pc=0x0000019e87bd2b7c relative=0x000000000000149c
Event: 4.366 Thread 0x0000019ef038fde0 Uncommon trap: reason=unstable_if action=reinterpret pc=0x0000019e87bd2b7c method=java.util.HashMap.putVal(ILjava/lang/Object;Ljava/lang/Object;ZZ)Ljava/lang/Object; @ 193 c2
Event: 4.366 Thread 0x0000019ef038fde0 DEOPT PACKING pc=0x0000019e87bd2b7c sp=0x0000009b77efa2b0
Event: 4.366 Thread 0x0000019ef038fde0 DEOPT UNPACKING pc=0x0000019e875846a2 sp=0x0000009b77efa168 mode 2
Event: 4.392 Thread 0x0000019ef038fde0 DEOPT PACKING pc=0x0000019e8063da7d sp=0x0000009b77ef9e90
Event: 4.392 Thread 0x0000019ef038fde0 DEOPT UNPACKING pc=0x0000019e87584e42 sp=0x0000009b77ef9340 mode 0
Event: 4.480 Thread 0x0000019ef038fde0 DEOPT PACKING pc=0x0000019e8063da7d sp=0x0000009b77ef8470
Event: 4.480 Thread 0x0000019ef038fde0 DEOPT UNPACKING pc=0x0000019e87584e42 sp=0x0000009b77ef7900 mode 0
Event: 4.516 Thread 0x0000019ef038fde0 DEOPT PACKING pc=0x0000019e8063da7d sp=0x0000009b77ef8470
Event: 4.516 Thread 0x0000019ef038fde0 DEOPT UNPACKING pc=0x0000019e87584e42 sp=0x0000009b77ef7900 mode 0

Classes loaded (20 events):
Event: 2.617 Loading class java/security/AccessControlException
Event: 2.617 Loading class java/security/AccessControlException done
Event: 2.627 Loading class java/lang/annotation/ElementType
Event: 2.627 Loading class java/lang/annotation/ElementType done
Event: 2.627 Loading class java/lang/Deprecated
Event: 2.627 Loading class java/lang/Deprecated done
Event: 2.627 Loading class java/lang/Override
Event: 2.627 Loading class java/lang/Override done
Event: 2.930 Loading class java/text/StringCharacterIterator
Event: 2.930 Loading class java/text/CharacterIterator
Event: 2.930 Loading class java/text/CharacterIterator done
Event: 2.930 Loading class java/text/StringCharacterIterator done
Event: 3.340 Loading class java/util/ArrayList$SubList$1
Event: 3.340 Loading class java/util/ArrayList$SubList$1 done
Event: 3.428 Loading class java/util/AbstractList$ListItr
Event: 3.429 Loading class java/util/AbstractList$ListItr done
Event: 3.959 Loading class java/util/AbstractList$SubList$1
Event: 3.960 Loading class java/util/AbstractList$SubList$1 done
Event: 4.186 Loading class java/util/AbstractMap$SimpleImmutableEntry
Event: 4.186 Loading class java/util/AbstractMap$SimpleImmutableEntry done

Classes unloaded (0 events):
No events

Classes redefined (0 events):
No events

Internal exceptions (20 events):
Event: 1.913 Thread 0x0000019ef038fde0 Exception <a 'java/lang/NoSuchMethodError'{0x000000008ca56250}: 'java.lang.Object java.lang.invoke.DirectMethodHandle$Holder.newInvokeSpecial(java.lang.Object, java.lang.Object, java.lang.Object, java.lang.Object, java.lang.Object, java.lang.Object, java.lang.Object)'> (0x000000008ca56250) 
thrown [s\src\hotspot\share\interpreter\linkResolver.cpp, line 784]
Event: 2.124 Thread 0x0000019ef038fde0 Exception <a 'java/lang/NoSuchMethodError'{0x000000008d118e20}: 'java.lang.Object java.lang.invoke.DirectMethodHandle$Holder.invokeVirtual(java.lang.Object, java.lang.Object, java.lang.Object)'> (0x000000008d118e20) 
thrown [s\src\hotspot\share\interpreter\linkResolver.cpp, line 784]
Event: 2.160 Thread 0x0000019ef038fde0 Exception <a 'java/lang/NoSuchMethodError'{0x000000008d087700}: 'java.lang.Object java.lang.invoke.DirectMethodHandle$Holder.newInvokeSpecial(java.lang.Object, java.lang.Object, int)'> (0x000000008d087700) 
thrown [s\src\hotspot\share\interpreter\linkResolver.cpp, line 784]
Event: 2.324 Thread 0x0000019ef038fde0 Exception <a 'java/lang/NoSuchMethodError'{0x000000008d26fb88}: 'int java.lang.invoke.DirectMethodHandle$Holder.invokeStaticInit(java.lang.Object, int)'> (0x000000008d26fb88) 
thrown [s\src\hotspot\share\interpreter\linkResolver.cpp, line 784]
Event: 2.375 Thread 0x0000019ef038fde0 Implicit null exception at 0x0000019e87b97e5a to 0x0000019e87b97f58
Event: 2.770 Thread 0x0000019ef038fde0 Implicit null exception at 0x0000019e87bb0789 to 0x0000019e87bb0f70
Event: 2.771 Thread 0x0000019ef038fde0 Implicit null exception at 0x0000019e87b70c3e to 0x0000019e87b70f00
Event: 2.775 Thread 0x0000019ef038fde0 Implicit null exception at 0x0000019e87b759bd to 0x0000019e87b75a39
Event: 3.720 Thread 0x0000019ef038fde0 Exception <a 'java/lang/NoSuchMethodError'{0x000000008d2705b0}: 'java.lang.Object java.lang.invoke.DirectMethodHandle$Holder.invokeStaticInit(java.lang.Object, java.lang.Object, java.lang.Object, java.lang.Object)'> (0x000000008d2705b0) 
thrown [s\src\hotspot\share\interpreter\linkResolver.cpp, line 784]
Event: 3.859 Thread 0x0000019ef038fde0 Exception <a 'java/lang/NoSuchMethodError'{0x0000000090c3a548}: 'java.lang.Object java.lang.invoke.DirectMethodHandle$Holder.newInvokeSpecial(java.lang.Object, java.lang.Object, java.lang.Object, java.lang.Object, java.lang.Object, java.lang.Object)'> (0x0000000090c3a548) 
thrown [s\src\hotspot\share\interpreter\linkResolver.cpp, line 784]
Event: 4.006 Thread 0x0000019ef038fde0 Exception <a 'java/lang/NoSuchMethodError'{0x000000008d662580}: 'java.lang.Object java.lang.invoke.DirectMethodHandle$Holder.newInvokeSpecial(java.lang.Object, java.lang.Object, java.lang.Object, java.lang.Object, int)'> (0x000000008d662580) 
thrown [s\src\hotspot\share\interpreter\linkResolver.cpp, line 784]
Event: 4.007 Thread 0x0000019ef038fde0 Exception <a 'java/lang/NoSuchMethodError'{0x000000008d6669c8}: 'java.lang.Object java.lang.invoke.DirectMethodHandle$Holder.invokeSpecial(java.lang.Object, java.lang.Object, java.lang.Object, java.lang.Object, java.lang.Object, int)'> (0x000000008d6669c8) 
thrown [s\src\hotspot\share\interpreter\linkResolver.cpp, line 784]
Event: 4.007 Thread 0x0000019ef038fde0 Exception <a 'java/lang/NoSuchMethodError'{0x000000008d66a708}: 'java.lang.Object java.lang.invoke.Invokers$Holder.linkToTargetMethod(java.lang.Object, java.lang.Object, java.lang.Object, int, java.lang.Object)'> (0x000000008d66a708) 
thrown [s\src\hotspot\share\interpreter\linkResolver.cpp, line 784]
Event: 4.028 Thread 0x0000019ef038fde0 Exception <a 'java/lang/NoSuchMethodError'{0x000000008d6acd68}: 'java.lang.Object java.lang.invoke.DirectMethodHandle$Holder.newInvokeSpecial(java.lang.Object, java.lang.Object, java.lang.Object, java.lang.Object, int, java.lang.Object, java.lang.Object)'> (0x000000008d6acd68) 
thrown [s\src\hotspot\share\interpreter\linkResolver.cpp, line 784]
Event: 4.343 Thread 0x0000019ef038fde0 Exception <a 'java/lang/NoSuchMethodError'{0x000000008dabde48}: 'java.lang.Object java.lang.invoke.DirectMethodHandle$Holder.newInvokeSpecial(java.lang.Object, java.lang.Object, java.lang.Object, java.lang.Object, java.lang.Object, java.lang.Object, java.lang.Object, java.lang.Object, java.lang.Object)'> (0x000000008dabde48) 
thrown [s\src\hotspot\share\interpreter\linkResolver.cpp, line 784]
Event: 4.348 Thread 0x0000019ef038fde0 Exception <a 'java/lang/NoSuchMethodError'{0x000000008dad2038}: 'java.lang.Object java.lang.invoke.DirectMethodHandle$Holder.newInvokeSpecial(java.lang.Object, java.lang.Object, java.lang.Object, int)'> (0x000000008dad2038) 
thrown [s\src\hotspot\share\interpreter\linkResolver.cpp, line 784]
Event: 4.349 Thread 0x0000019ef038fde0 Exception <a 'java/lang/NoSuchMethodError'{0x000000008dad5eb8}: 'java.lang.Object java.lang.invoke.DirectMethodHandle$Holder.invokeSpecial(java.lang.Object, java.lang.Object, java.lang.Object, java.lang.Object, int)'> (0x000000008dad5eb8) 
thrown [s\src\hotspot\share\interpreter\linkResolver.cpp, line 784]
Event: 4.349 Thread 0x0000019ef038fde0 Exception <a 'java/lang/NoSuchMethodError'{0x000000008dad9670}: 'java.lang.Object java.lang.invoke.Invokers$Holder.linkToTargetMethod(java.lang.Object, java.lang.Object, int, java.lang.Object)'> (0x000000008dad9670) 
thrown [s\src\hotspot\share\interpreter\linkResolver.cpp, line 784]
Event: 4.352 Thread 0x0000019ef038fde0 Exception <a 'java/lang/NoSuchMethodError'{0x000000008dae8cb0}: 'java.lang.Object java.lang.invoke.DirectMethodHandle$Holder.newInvokeSpecial(java.lang.Object, int, java.lang.Object)'> (0x000000008dae8cb0) 
thrown [s\src\hotspot\share\interpreter\linkResolver.cpp, line 784]
Event: 4.367 Thread 0x0000019ef038fde0 Exception <a 'java/lang/NoSuchMethodError'{0x000000008d947a80}: 'java.lang.Object java.lang.invoke.DirectMethodHandle$Holder.invokeStatic(java.lang.Object, int, java.lang.Object, java.lang.Object)'> (0x000000008d947a80) 
thrown [s\src\hotspot\share\interpreter\linkResolver.cpp, line 784]

ZGC Phase Switch (0 events):
No events

VM Operations (20 events):
Event: 2.934 Executing VM operation: HandshakeAllThreads (Deoptimize) done
Event: 3.113 Executing VM operation: G1CollectForAllocation (G1 Evacuation Pause)
Event: 3.127 Executing VM operation: G1CollectForAllocation (G1 Evacuation Pause) done
Event: 3.429 Executing VM operation: HandshakeAllThreads (Deoptimize)
Event: 3.429 Executing VM operation: HandshakeAllThreads (Deoptimize) done
Event: 3.507 Executing VM operation: G1CollectForAllocation (G1 Evacuation Pause)
Event: 3.518 Executing VM operation: G1CollectForAllocation (G1 Evacuation Pause) done
Event: 3.809 Executing VM operation: G1CollectForAllocation (G1 Evacuation Pause)
Event: 3.818 Executing VM operation: G1CollectForAllocation (G1 Evacuation Pause) done
Event: 4.119 Executing VM operation: G1CollectForAllocation (G1 Evacuation Pause)
Event: 4.130 Executing VM operation: G1CollectForAllocation (G1 Evacuation Pause) done
Event: 4.158 Executing VM operation: G1PauseRemark
Event: 4.167 Executing VM operation: G1PauseRemark done
Event: 4.177 Executing VM operation: G1PauseCleanup
Event: 4.177 Executing VM operation: G1PauseCleanup done
Event: 4.434 Executing VM operation: G1CollectForAllocation (G1 Evacuation Pause)
Event: 4.445 Executing VM operation: G1CollectForAllocation (G1 Evacuation Pause) done
Event: 4.489 Executing VM operation: G1CollectForAllocation (G1 Evacuation Pause)
Event: 4.502 Executing VM operation: G1CollectForAllocation (G1 Evacuation Pause) done
Event: 4.549 Executing VM operation: G1CollectForAllocation (G1 Evacuation Pause)

Memory protections (0 events):
No events

Nmethod flushes (20 events):
Event: 4.166 Thread 0x0000019efaa48110 flushing  nmethod 0x0000019e801f7610
Event: 4.166 Thread 0x0000019efaa48110 flushing  nmethod 0x0000019e801f7f10
Event: 4.166 Thread 0x0000019efaa48110 flushing  nmethod 0x0000019e801f8290
Event: 4.166 Thread 0x0000019efaa48110 flushing  nmethod 0x0000019e801f9c10
Event: 4.166 Thread 0x0000019efaa48110 flushing  nmethod 0x0000019e8020c510
Event: 4.166 Thread 0x0000019efaa48110 flushing  nmethod 0x0000019e8020f790
Event: 4.166 Thread 0x0000019efaa48110 flushing  nmethod 0x0000019e80227390
Event: 4.166 Thread 0x0000019efaa48110 flushing  nmethod 0x0000019e8024df10
Event: 4.166 Thread 0x0000019efaa48110 flushing  nmethod 0x0000019e80252810
Event: 4.166 Thread 0x0000019efaa48110 flushing  nmethod 0x0000019e8026ae10
Event: 4.166 Thread 0x0000019efaa48110 flushing  nmethod 0x0000019e8026b690
Event: 4.166 Thread 0x0000019efaa48110 flushing  nmethod 0x0000019e8033c590
Event: 4.166 Thread 0x0000019efaa48110 flushing  nmethod 0x0000019e8033c910
Event: 4.166 Thread 0x0000019efaa48110 flushing  nmethod 0x0000019e8033cf90
Event: 4.166 Thread 0x0000019efaa48110 flushing  nmethod 0x0000019e80349e10
Event: 4.166 Thread 0x0000019efaa48110 flushing  nmethod 0x0000019e8034a590
Event: 4.166 Thread 0x0000019efaa48110 flushing  nmethod 0x0000019e8034ae90
Event: 4.166 Thread 0x0000019efaa48110 flushing  nmethod 0x0000019e8034b990
Event: 4.166 Thread 0x0000019efaa48110 flushing  nmethod 0x0000019e80358610
Event: 4.166 Thread 0x0000019efaa48110 flushing  nmethod 0x0000019e8035bb90

Events (20 events):
Event: 0.081 Thread 0x0000019ef038fde0 Thread added: 0x0000019efaa99170
Event: 0.082 Thread 0x0000019ef038fde0 Thread added: 0x0000019efaa99bc0
Event: 0.083 Thread 0x0000019ef038fde0 Thread added: 0x0000019efaa9bc30
Event: 0.084 Thread 0x0000019ef038fde0 Thread added: 0x0000019efaa9c680
Event: 0.084 Thread 0x0000019ef038fde0 Thread added: 0x0000019efaa9f0e0
Event: 0.084 Thread 0x0000019ef038fde0 Thread added: 0x0000019efaabe3b0
Event: 0.084 Thread 0x0000019ef038fde0 Thread added: 0x0000019efaac0b50
Event: 0.084 Thread 0x0000019ef038fde0 Thread added: 0x0000019efaac11f0
Event: 0.143 Thread 0x0000019ef038fde0 Thread added: 0x0000019efac4f2e0
Event: 0.152 Thread 0x0000019ef038fde0 Thread added: 0x0000019efac50fc0
Event: 0.166 Loaded shared library C:\Program Files\Android\Android Studio\jbr\bin\net.dll
Event: 0.170 Loaded shared library C:\Program Files\Android\Android Studio\jbr\bin\nio.dll
Event: 0.192 Thread 0x0000019efaac0b50 Thread added: 0x0000019efacf8740
Event: 0.192 Thread 0x0000019efaac0b50 Thread added: 0x0000019efacf91f0
Event: 0.204 Loaded shared library C:\Program Files\Android\Android Studio\jbr\bin\zip.dll
Event: 0.249 Loaded shared library C:\Program Files\Android\Android Studio\jbr\bin\jimage.dll
Event: 2.146 Thread 0x0000019efacf91f0 Thread exited: 0x0000019efacf91f0
Event: 2.349 Thread 0x0000019efacf8740 Thread exited: 0x0000019efacf8740
Event: 2.646 Thread 0x0000019efaac0b50 Thread added: 0x0000019e91f4ee70
Event: 2.951 Thread 0x0000019efaac11f0 Thread added: 0x0000019e920b9330


Dynamic libraries:
0x00007ff6280d0000 - 0x00007ff6280da000 	C:\Program Files\Android\Android Studio\jbr\bin\java.exe
0x00007ffd2dd50000 - 0x00007ffd2df67000 	C:\WINDOWS\SYSTEM32\ntdll.dll
0x00007ffce0f70000 - 0x00007ffce0f8a000 	C:\Program Files\AVG\Antivirus\aswhook.dll
0x00007ffd2c970000 - 0x00007ffd2ca34000 	C:\WINDOWS\System32\KERNEL32.DLL
0x00007ffd2b3f0000 - 0x00007ffd2b7c0000 	C:\WINDOWS\System32\KERNELBASE.dll
0x00007ffd2b0b0000 - 0x00007ffd2b1c1000 	C:\WINDOWS\System32\ucrtbase.dll
0x00007ffd26ec0000 - 0x00007ffd26edb000 	C:\Program Files\Android\Android Studio\jbr\bin\VCRUNTIME140.dll
0x00007ffd13740000 - 0x00007ffd13758000 	C:\Program Files\Android\Android Studio\jbr\bin\jli.dll
0x00007ffd2bdc0000 - 0x00007ffd2bf6e000 	C:\WINDOWS\System32\USER32.dll
0x00007ffd2b000000 - 0x00007ffd2b026000 	C:\WINDOWS\System32\win32u.dll
0x00007ffd07910000 - 0x00007ffd07ba2000 	C:\WINDOWS\WinSxS\amd64_microsoft.windows.common-controls_6595b64144ccf1df_6.0.22621.4830_none_270fe7d773858e80\COMCTL32.dll
0x00007ffd2bf70000 - 0x00007ffd2bf99000 	C:\WINDOWS\System32\GDI32.dll
0x00007ffd2c030000 - 0x00007ffd2c0d7000 	C:\WINDOWS\System32\msvcrt.dll
0x00007ffd2b7c0000 - 0x00007ffd2b8db000 	C:\WINDOWS\System32\gdi32full.dll
0x00007ffd2b9a0000 - 0x00007ffd2ba3a000 	C:\WINDOWS\System32\msvcp_win.dll
0x00007ffd2d960000 - 0x00007ffd2d991000 	C:\WINDOWS\System32\IMM32.DLL
0x00007ffd27c50000 - 0x00007ffd27c5c000 	C:\Program Files\Android\Android Studio\jbr\bin\vcruntime140_1.dll
0x00007ffcd2190000 - 0x00007ffcd221d000 	C:\Program Files\Android\Android Studio\jbr\bin\msvcp140.dll
0x00007ffcb2ce0000 - 0x00007ffcb396a000 	C:\Program Files\Android\Android Studio\jbr\bin\server\jvm.dll
0x00007ffd2d9b0000 - 0x00007ffd2da61000 	C:\WINDOWS\System32\ADVAPI32.dll
0x00007ffd2d3f0000 - 0x00007ffd2d497000 	C:\WINDOWS\System32\sechost.dll
0x00007ffd2b3c0000 - 0x00007ffd2b3e8000 	C:\WINDOWS\System32\bcrypt.dll
0x00007ffd2c0e0000 - 0x00007ffd2c1f4000 	C:\WINDOWS\System32\RPCRT4.dll
0x00007ffd2db30000 - 0x00007ffd2dba1000 	C:\WINDOWS\System32\WS2_32.dll
0x00007ffd2ad20000 - 0x00007ffd2ad6d000 	C:\WINDOWS\SYSTEM32\POWRPROF.dll
0x00007ffd26c90000 - 0x00007ffd26cc4000 	C:\WINDOWS\SYSTEM32\WINMM.dll
0x00007ffd237c0000 - 0x00007ffd237ca000 	C:\WINDOWS\SYSTEM32\VERSION.dll
0x00007ffd2ad00000 - 0x00007ffd2ad13000 	C:\WINDOWS\SYSTEM32\UMPDC.dll
0x00007ffd2a040000 - 0x00007ffd2a058000 	C:\WINDOWS\SYSTEM32\kernel.appcore.dll
0x00007ffd27c20000 - 0x00007ffd27c2a000 	C:\Program Files\Android\Android Studio\jbr\bin\jimage.dll
0x00007ffd25db0000 - 0x00007ffd25fe2000 	C:\WINDOWS\SYSTEM32\DBGHELP.DLL
0x00007ffd2d4f0000 - 0x00007ffd2d880000 	C:\WINDOWS\System32\combase.dll
0x00007ffd2d880000 - 0x00007ffd2d957000 	C:\WINDOWS\System32\OLEAUT32.dll
0x00007ffd20ee0000 - 0x00007ffd20f12000 	C:\WINDOWS\SYSTEM32\dbgcore.DLL
0x00007ffd2b1d0000 - 0x00007ffd2b24b000 	C:\WINDOWS\System32\bcryptPrimitives.dll
0x00007ffd26e40000 - 0x00007ffd26e60000 	C:\Program Files\Android\Android Studio\jbr\bin\java.dll
0x00007ffd23dd0000 - 0x00007ffd23de8000 	C:\Program Files\Android\Android Studio\jbr\bin\zip.dll
0x00007ffd2cb70000 - 0x00007ffd2d3e8000 	C:\WINDOWS\System32\SHELL32.dll
0x00007ffd28f50000 - 0x00007ffd29860000 	C:\WINDOWS\SYSTEM32\windows.storage.dll
0x00007ffd28e10000 - 0x00007ffd28f4f000 	C:\WINDOWS\SYSTEM32\wintypes.dll
0x00007ffd2dbd0000 - 0x00007ffd2dcda000 	C:\WINDOWS\System32\SHCORE.dll
0x00007ffd2da70000 - 0x00007ffd2dace000 	C:\WINDOWS\System32\shlwapi.dll
0x00007ffd2af30000 - 0x00007ffd2af5b000 	C:\WINDOWS\SYSTEM32\profapi.dll
0x00007ffd26f30000 - 0x00007ffd26f40000 	C:\Program Files\Android\Android Studio\jbr\bin\net.dll
0x00007ffd27fa0000 - 0x00007ffd280cc000 	C:\WINDOWS\SYSTEM32\WINHTTP.dll
0x00007ffd2a4c0000 - 0x00007ffd2a52a000 	C:\WINDOWS\system32\mswsock.dll
0x00007ffd158f0000 - 0x00007ffd15906000 	C:\Program Files\Android\Android Studio\jbr\bin\nio.dll
0x00007ffd135a0000 - 0x00007ffd135b0000 	C:\Program Files\Android\Android Studio\jbr\bin\verify.dll

dbghelp: loaded successfully - version: 4.0.5 - missing functions: none
symbol engine: initialized successfully - sym options: 0x614 - pdb path: .;C:\Program Files\Android\Android Studio\jbr\bin;C:\WINDOWS\SYSTEM32;C:\Program Files\AVG\Antivirus;C:\WINDOWS\WinSxS\amd64_microsoft.windows.common-controls_6595b64144ccf1df_6.0.22621.4830_none_270fe7d773858e80;C:\Program Files\Android\Android Studio\jbr\bin\server

VM Arguments:
java_command: org.jetbrains.kotlin.cli.jvm.K2JVMCompiler @C:\Users\Magdalena\TwitterSearch\app\build\20250302_10071099212522324748.compiler.options
java_class_path (initial): C:\Users\Magdalena\.gradle\caches\modules-2\files-2.1\org.jetbrains.kotlin\kotlin-compiler-embeddable\2.0.0\1de310de3446414381282ffc46c3ed3919a4d1da\kotlin-compiler-embeddable-2.0.0.jar;C:\Users\Magdalena\.gradle\caches\modules-2\files-2.1\org.jetbrains.kotlin\kotlin-stdlib\2.0.0\b48df2c4aede9586cc931ead433bc02d6fd7879e\kotlin-stdlib-2.0.0.jar;C:\Users\Magdalena\.gradle\caches\modules-2\files-2.1\org.jetbrains.kotlin\kotlin-script-runtime\2.0.0\fdc27dd047d592fa41d2dfa21e7621287a361612\kotlin-script-runtime-2.0.0.jar;C:\Users\Magdalena\.gradle\caches\modules-2\files-2.1\org.jetbrains.kotlin\kotlin-reflect\1.6.10\1cbe9c92c12a94eea200d23c2bbaedaf3daf5132\kotlin-reflect-1.6.10.jar;C:\Users\Magdalena\.gradle\caches\modules-2\files-2.1\org.jetbrains.kotlin\kotlin-daemon-embeddable\2.0.0\b39c612768614c4428c96ee9c65477181fffe9d\kotlin-daemon-embeddable-2.0.0.jar;C:\Users\Magdalena\.gradle\caches\modules-2\files-2.1\org.jetbrains.intellij.deps\trove4j\1.0.20200330\3afb14d5f9ceb459d724e907a21145e8ff394f02\trove4j-1.0.20200330.jar;C:\Users\Magdalena\.gradle\caches\modules-2\files-2.1\org.jetbrains\annotations\13.0\919f0dfe192fb4e063e7dacadee7f8bb9a2672a9\annotations-13.0.jar
Launcher Type: SUN_STANDARD

[Global flags]
     intx CICompilerCount                          = 4                                         {product} {ergonomic}
     uint ConcGCThreads                            = 2                                         {product} {ergonomic}
     uint G1ConcRefinementThreads                  = 8                                         {product} {ergonomic}
   size_t G1HeapRegionSize                         = 1048576                                   {product} {ergonomic}
    uintx GCDrainStackTargetSize                   = 64                                        {product} {ergonomic}
   size_t InitialHeapSize                          = 123731968                                 {product} {ergonomic}
   size_t MarkStackSize                            = 4194304                                   {product} {ergonomic}
   size_t MaxHeapSize                              = 1967128576                                {product} {ergonomic}
   size_t MaxNewSize                               = 1179648000                                {product} {ergonomic}
   size_t MinHeapDeltaBytes                        = 1048576                                   {product} {ergonomic}
   size_t MinHeapSize                              = 8388608                                   {product} {ergonomic}
    uintx NonNMethodCodeHeapSize                   = 5839372                                {pd product} {ergonomic}
    uintx NonProfiledCodeHeapSize                  = 122909434                              {pd product} {ergonomic}
    uintx ProfiledCodeHeapSize                     = 122909434                              {pd product} {ergonomic}
    uintx ReservedCodeCacheSize                    = 251658240                              {pd product} {ergonomic}
     bool SegmentedCodeCache                       = true                                      {product} {ergonomic}
   size_t SoftMaxHeapSize                          = 1967128576                             {manageable} {ergonomic}
     bool UseCompressedOops                        = true                           {product lp64_product} {ergonomic}
     bool UseG1GC                                  = true                                      {product} {ergonomic}
     bool UseLargePagesIndividualAllocation        = false                                  {pd product} {ergonomic}

Logging:
Log output configuration:
 #0: stdout all=warning uptime,level,tags foldmultilines=false
 #1: stderr all=off uptime,level,tags foldmultilines=false

Environment Variables:
PATH=C:\Program Files\Microsoft\jdk-11.0.16.101-hotspot\bin;C:\Program Files (x86)\NVIDIA Corporation\PhysX\Common;C:\Program Files\Common Files\Oracle\Java\javapath;C:\Program Files (x86)\Common Files\Oracle\Java\javapath;C:\Windows\system32;C:\Windows;C:\Windows\System32\Wbem;C:\Windows\System32\WindowsPowerShell\v1.0\;C:\Windows\System32\OpenSSH\;C:\WINDOWS\system32;C:\WINDOWS;C:\WINDOWS\System32\Wbem;C:\WINDOWS\System32\WindowsPowerShell\v1.0\;C:\WINDOWS\System32\OpenSSH\;C:\Program Files\Microsoft SQL Server\Client SDK\ODBC\110\Tools\Binn\;C:\Program Files (x86)\Windows Kits\8.1\Windows Performance Toolkit\;C:\Program Files\Git\cmd;C:\Program Files\Microsoft SQL Server\Client SDK\ODBC\170\Tools\Binn\;C:\Program Files\dotnet\;C:\Program Files (x86)\Microsoft SQL Server\160\Tools\Binn\;C:\Program Files\Microsoft SQL Server\160\Tools\Binn\;C:\Program Files\Microsoft SQL Server\160\DTS\Binn\;C:\Program Files (x86)\Microsoft SQL Server\160\DTS\Binn\;C:\Program Files\Microsoft SQL Server\150\Tools\Binn\;C:\Program Files\nodejs\;C:\Users\Magdalena\AppData\Local\Microsoft\WindowsApps;C:\Users\Magdalena\flutter\flutter\bin;C:\Program Files\PostgreSQL\15\bin;C:\Program Files\Java\jdk-17\bin;C:\Program Files\Java\jdk-17;C:\Program Files\Azure Data Studio\bin;C:\Users\Magdalena\.dotnet\tools;C:\Program Files\MongoDB\mongosh-2.1.5-win32-x64\bin;C:\Users\Magdalena\AppData\Local\Programs\Microsoft VS Code\bin;C:\Users\Magdalena\AppData\Roaming\npm
USERNAME=Magdalena
OS=Windows_NT
PROCESSOR_IDENTIFIER=AMD64 Family 23 Model 104 Stepping 1, AuthenticAMD
TMP=C:\Users\MAGDAL~1\AppData\Local\Temp
TEMP=C:\Users\MAGDAL~1\AppData\Local\Temp




Periodic native trim disabled

JNI global refs:
JNI global refs: 9, weak refs: 8

JNI global refs memory usage: 835, weak refs: 833

Process memory usage:
Resident Set Size: 237620K (3% of 7682180K total physical memory with 1192300K free physical memory)

OOME stack traces (most recent first):
Classloader memory used:
Loader jdk.internal.loader.ClassLoaders$AppClassLoader                                 : 38667K
Loader bootstrap                                                                       : 10727K
Loader java.net.URLClassLoader                                                         : 232K

---------------  S Y S T E M  ---------------

OS:
 Windows 11 , 64 bit Build 22621 (10.0.22621.4830)
OS uptime: 2 days 9:31 hours

CPU: total 8 (initial active 8) (8 cores per cpu, 2 threads per core) family 23 model 104 stepping 1 microcode 0x0, cx8, cmov, fxsr, ht, mmx, 3dnowpref, sse, sse2, sse3, ssse3, sse4a, sse4.1, sse4.2, popcnt, lzcnt, tsc, tscinvbit, avx, avx2, aes, clmul, bmi1, bmi2, adx, sha, fma, vzeroupper, clflush, clflushopt, rdtscp, rdpid, f16c
Processor Information for all 8 processors :
  Max Mhz: 2600, Current Mhz: 2600, Mhz Limit: 2600

Memory: 4k page, system-wide physical 7502M (1164M free)
TotalPageFile size 15102M (AvailPageFile size 7M)
current process WorkingSet (physical memory assigned to process): 232M, peak: 236M
current process commit charge ("private bytes"): 306M, peak: 317M

vm_info: OpenJDK 64-Bit Server VM (21.0.5+-13047016-b750.29) for windows-amd64 JRE (21.0.5+-13047016-b750.29), built on 2025-02-11T21:12:39Z by "builder" with MS VC++ 16.10 / 16.11 (VS2019)

END.
