#
# There is insufficient memory for the Java Runtime Environment to continue.
# Native memory allocation (mmap) failed to map 123731968 bytes. Error detail: G1 virtual space
# Possible reasons:
#   The system is out of physical RAM or swap space
#   This process is running with CompressedOops enabled, and the Java Heap may be blocking the growth of the native heap
# Possible solutions:
#   Reduce memory load on the system
#   Increase physical memory or swap space
#   Check if swap backing store is full
#   Decrease Java heap size (-Xmx/-Xms)
#   Decrease number of Java threads
#   Decrease Java thread stack sizes (-Xss)
#   Set larger code cache with -XX:ReservedCodeCacheSize=
#   JVM is running with Unscaled Compressed Oops mode in which the Java heap is
#     placed in the first 4GB address space. The Java Heap base address is the
#     maximum limit for the native heap growth. Please use -XX:HeapBaseMinAddress
#     to set the Java Heap base and to place the Java Heap above 4GB virtual address.
# This output file may be truncated or incomplete.
#
#  Out of Memory Error (os_windows.cpp:3828), pid=23188, tid=15292
#
# JRE version:  (21.0.5) (build )
# Java VM: OpenJDK 64-Bit Server VM (21.0.5+-13047016-b750.29, mixed mode, sharing, tiered, compressed oops, compressed class ptrs, g1 gc, windows-amd64)
# No core dump will be written. Minidumps are not enabled by default on client versions of Windows
#

---------------  S U M M A R Y ------------

Command Line: org.jetbrains.kotlin.cli.jvm.K2JVMCompiler @C:\Users\Magdalena\TwitterSearch\app\build\20250302_3695442842736347335.compiler.options

Host: AMD Ryzen 3 5300U with Radeon Graphics         , 8 cores, 7G,  Windows 11 , 64 bit Build 22621 (10.0.22621.4830)
Time: Sun Mar  2 21:20:24 2025 Central European Standard Time elapsed time: 0.012932 seconds (0d 0h 0m 0s)

---------------  T H R E A D  ---------------

Current thread (0x00000191d50b5710):  JavaThread "Unknown thread" [_thread_in_vm, id=15292, stack(0x0000008271400000,0x0000008271500000) (1024K)]

Stack: [0x0000008271400000,0x0000008271500000]
Native frames: (J=compiled Java code, j=interpreted, Vv=VM code, C=native code)
V  [jvm.dll+0x6cfb29]
V  [jvm.dll+0x85df93]
V  [jvm.dll+0x8604ee]
V  [jvm.dll+0x860bd3]
V  [jvm.dll+0x27e6b6]
V  [jvm.dll+0x6cc385]
V  [jvm.dll+0x6c078a]
V  [jvm.dll+0x35525b]
V  [jvm.dll+0x35ceb6]
V  [jvm.dll+0x3aedd6]
V  [jvm.dll+0x3af0a8]
V  [jvm.dll+0x32792c]
V  [jvm.dll+0x32861b]
V  [jvm.dll+0x8259d9]
V  [jvm.dll+0x3bbfa8]
V  [jvm.dll+0x80ec88]
V  [jvm.dll+0x45015e]
V  [jvm.dll+0x4518c1]
C  [jli.dll+0x52ab]
C  [ucrtbase.dll+0x29333]
C  [KERNEL32.DLL+0x1259d]
C  [ntdll.dll+0x5af38]


---------------  P R O C E S S  ---------------

Threads class SMR info:
_java_thread_list=0x00007ffcb3820808, length=0, elements={
}

Java Threads: ( => current thread )
Total: 0

Other Threads:
  0x00000191d51042e0 WorkerThread "GC Thread#0"                     [id=13184, stack(0x0000008271500000,0x0000008271600000) (1024K)]
  0x00000191d5115ad0 ConcurrentGCThread "G1 Main Marker"            [id=2368, stack(0x0000008271600000,0x0000008271700000) (1024K)]
  0x00000191d51165d0 WorkerThread "G1 Conc#0"                       [id=19876, stack(0x0000008271700000,0x0000008271800000) (1024K)]

[error occurred during error reporting (printing all threads), id 0xc0000005, EXCEPTION_ACCESS_VIOLATION (0xc0000005) at pc=0x00007ffcb301a967]
VM state: not at safepoint (not fully initialized)

VM Mutex/Monitor currently owned by a thread:  ([mutex/lock_event])
[0x00007ffcb388d460] Heap_lock - owner thread: 0x00000191d50b5710

Heap address: 0x000000008ac00000, size: 1876 MB, Compressed Oops mode: 32-bit

CDS archive(s) mapped at: [0x0000000000000000-0x0000000000000000-0x0000000000000000), size 0, SharedBaseAddress: 0x0000000800000000, ArchiveRelocationMode: 1.
Narrow klass base: 0x0000000000000000, Narrow klass shift: 0, Narrow klass range: 0x0

GC Precious Log:
 CardTable entry size: 512
 Card Set container configuration: InlinePtr #cards 5 size 8 Array Of Cards #cards 12 size 40 Howl #buckets 4 coarsen threshold 1843 Howl Bitmap #cards 512 size 80 coarsen threshold 460 Card regions per heap region 1 cards per card region 2048

Heap:
 garbage-first heap   total 0K, used 0K [0x000000008ac00000, 0x0000000100000000)
  region size 1024K, 0 young (0K), 0 survivors (0K)
 Metaspace       used 0K, committed 0K, reserved 0K
  class space    used 0K, committed 0K, reserved 0K

Heap Regions: E=young(eden), S=young(survivor), O=old, HS=humongous(starts), HC=humongous(continues), CS=collection set, F=free, TAMS=top-at-mark-start, PB=parsable bottom

Card table byte_map: [0x00000191e78e0000,0x00000191e7c90000] _byte_map_base: 0x00000191e748a000

Marking Bits: (CMBitMap*) 0x00000191d51051f0
 Bits: [0x00000191e7c90000, 0x00000191e99e0000)

GC Heap History (0 events):
No events

Dll operation events (1 events):
Event: 0.008 Loaded shared library C:\Program Files\Android\Android Studio\jbr\bin\java.dll

Deoptimization events (0 events):
No events

Classes loaded (0 events):
No events

Classes unloaded (0 events):
No events

Classes redefined (0 events):
No events

Internal exceptions (0 events):
No events

ZGC Phase Switch (0 events):
No events

VM Operations (0 events):
No events

Memory protections (0 events):
No events

Nmethod flushes (0 events):
No events

Events (0 events):
No events


Dynamic libraries:
0x00007ff6280d0000 - 0x00007ff6280da000 	C:\Program Files\Android\Android Studio\jbr\bin\java.exe
0x00007ffd2dd50000 - 0x00007ffd2df67000 	C:\WINDOWS\SYSTEM32\ntdll.dll
0x00007ffce0f70000 - 0x00007ffce0f8a000 	C:\Program Files\AVG\Antivirus\aswhook.dll
0x00007ffd2c970000 - 0x00007ffd2ca34000 	C:\WINDOWS\System32\KERNEL32.DLL
0x00007ffd2b3f0000 - 0x00007ffd2b7c0000 	C:\WINDOWS\System32\KERNELBASE.dll
0x00007ffd2b0b0000 - 0x00007ffd2b1c1000 	C:\WINDOWS\System32\ucrtbase.dll
0x00007ffd26ec0000 - 0x00007ffd26edb000 	C:\Program Files\Android\Android Studio\jbr\bin\VCRUNTIME140.dll
0x00007ffd13740000 - 0x00007ffd13758000 	C:\Program Files\Android\Android Studio\jbr\bin\jli.dll
0x00007ffd2bdc0000 - 0x00007ffd2bf6e000 	C:\WINDOWS\System32\USER32.dll
0x00007ffd2b000000 - 0x00007ffd2b026000 	C:\WINDOWS\System32\win32u.dll
0x00007ffd07910000 - 0x00007ffd07ba2000 	C:\WINDOWS\WinSxS\amd64_microsoft.windows.common-controls_6595b64144ccf1df_6.0.22621.4830_none_270fe7d773858e80\COMCTL32.dll
0x00007ffd2c030000 - 0x00007ffd2c0d7000 	C:\WINDOWS\System32\msvcrt.dll
0x00007ffd2bf70000 - 0x00007ffd2bf99000 	C:\WINDOWS\System32\GDI32.dll
0x00007ffd2b7c0000 - 0x00007ffd2b8db000 	C:\WINDOWS\System32\gdi32full.dll
0x00007ffd2b9a0000 - 0x00007ffd2ba3a000 	C:\WINDOWS\System32\msvcp_win.dll
0x00007ffd2d960000 - 0x00007ffd2d991000 	C:\WINDOWS\System32\IMM32.DLL
0x00007ffd27c50000 - 0x00007ffd27c5c000 	C:\Program Files\Android\Android Studio\jbr\bin\vcruntime140_1.dll
0x00007ffcd2190000 - 0x00007ffcd221d000 	C:\Program Files\Android\Android Studio\jbr\bin\msvcp140.dll
0x00007ffcb2ce0000 - 0x00007ffcb396a000 	C:\Program Files\Android\Android Studio\jbr\bin\server\jvm.dll
0x00007ffd2d9b0000 - 0x00007ffd2da61000 	C:\WINDOWS\System32\ADVAPI32.dll
0x00007ffd2d3f0000 - 0x00007ffd2d497000 	C:\WINDOWS\System32\sechost.dll
0x00007ffd2b3c0000 - 0x00007ffd2b3e8000 	C:\WINDOWS\System32\bcrypt.dll
0x00007ffd2c0e0000 - 0x00007ffd2c1f4000 	C:\WINDOWS\System32\RPCRT4.dll
0x00007ffd2db30000 - 0x00007ffd2dba1000 	C:\WINDOWS\System32\WS2_32.dll
0x00007ffd2ad20000 - 0x00007ffd2ad6d000 	C:\WINDOWS\SYSTEM32\POWRPROF.dll
0x00007ffd26c90000 - 0x00007ffd26cc4000 	C:\WINDOWS\SYSTEM32\WINMM.dll
0x00007ffd237c0000 - 0x00007ffd237ca000 	C:\WINDOWS\SYSTEM32\VERSION.dll
0x00007ffd2ad00000 - 0x00007ffd2ad13000 	C:\WINDOWS\SYSTEM32\UMPDC.dll
0x00007ffd2a040000 - 0x00007ffd2a058000 	C:\WINDOWS\SYSTEM32\kernel.appcore.dll
0x00007ffd27c20000 - 0x00007ffd27c2a000 	C:\Program Files\Android\Android Studio\jbr\bin\jimage.dll
0x00007ffd25db0000 - 0x00007ffd25fe2000 	C:\WINDOWS\SYSTEM32\DBGHELP.DLL
0x00007ffd2d4f0000 - 0x00007ffd2d880000 	C:\WINDOWS\System32\combase.dll
0x00007ffd2d880000 - 0x00007ffd2d957000 	C:\WINDOWS\System32\OLEAUT32.dll
0x00007ffd20ee0000 - 0x00007ffd20f12000 	C:\WINDOWS\SYSTEM32\dbgcore.DLL
0x00007ffd2b1d0000 - 0x00007ffd2b24b000 	C:\WINDOWS\System32\bcryptPrimitives.dll
0x00007ffd26e40000 - 0x00007ffd26e60000 	C:\Program Files\Android\Android Studio\jbr\bin\java.dll

dbghelp: loaded successfully - version: 4.0.5 - missing functions: none
symbol engine: initialized successfully - sym options: 0x614 - pdb path: .;C:\Program Files\Android\Android Studio\jbr\bin;C:\WINDOWS\SYSTEM32;C:\Program Files\AVG\Antivirus;C:\WINDOWS\WinSxS\amd64_microsoft.windows.common-controls_6595b64144ccf1df_6.0.22621.4830_none_270fe7d773858e80;C:\Program Files\Android\Android Studio\jbr\bin\server

VM Arguments:
java_command: org.jetbrains.kotlin.cli.jvm.K2JVMCompiler @C:\Users\Magdalena\TwitterSearch\app\build\20250302_3695442842736347335.compiler.options
java_class_path (initial): C:\Users\Magdalena\.gradle\caches\modules-2\files-2.1\org.jetbrains.kotlin\kotlin-compiler-embeddable\2.0.0\1de310de3446414381282ffc46c3ed3919a4d1da\kotlin-compiler-embeddable-2.0.0.jar;C:\Users\Magdalena\.gradle\caches\modules-2\files-2.1\org.jetbrains.kotlin\kotlin-stdlib\2.0.0\b48df2c4aede9586cc931ead433bc02d6fd7879e\kotlin-stdlib-2.0.0.jar;C:\Users\Magdalena\.gradle\caches\modules-2\files-2.1\org.jetbrains.kotlin\kotlin-script-runtime\2.0.0\fdc27dd047d592fa41d2dfa21e7621287a361612\kotlin-script-runtime-2.0.0.jar;C:\Users\Magdalena\.gradle\caches\modules-2\files-2.1\org.jetbrains.kotlin\kotlin-reflect\1.6.10\1cbe9c92c12a94eea200d23c2bbaedaf3daf5132\kotlin-reflect-1.6.10.jar;C:\Users\Magdalena\.gradle\caches\modules-2\files-2.1\org.jetbrains.kotlin\kotlin-daemon-embeddable\2.0.0\b39c612768614c4428c96ee9c65477181fffe9d\kotlin-daemon-embeddable-2.0.0.jar;C:\Users\Magdalena\.gradle\caches\modules-2\files-2.1\org.jetbrains.intellij.deps\trove4j\1.0.20200330\3afb14d5f9ceb459d724e907a21145e8ff394f02\trove4j-1.0.20200330.jar;C:\Users\Magdalena\.gradle\caches\modules-2\files-2.1\org.jetbrains\annotations\13.0\919f0dfe192fb4e063e7dacadee7f8bb9a2672a9\annotations-13.0.jar
Launcher Type: SUN_STANDARD

[Global flags]
     intx CICompilerCount                          = 4                                         {product} {ergonomic}
     uint ConcGCThreads                            = 2                                         {product} {ergonomic}
     uint G1ConcRefinementThreads                  = 8                                         {product} {ergonomic}
   size_t G1HeapRegionSize                         = 1048576                                   {product} {ergonomic}
    uintx GCDrainStackTargetSize                   = 64                                        {product} {ergonomic}
   size_t InitialHeapSize                          = 123731968                                 {product} {ergonomic}
   size_t MarkStackSize                            = 4194304                                   {product} {ergonomic}
   size_t MaxHeapSize                              = 1967128576                                {product} {ergonomic}
   size_t MinHeapDeltaBytes                        = 1048576                                   {product} {ergonomic}
   size_t MinHeapSize                              = 8388608                                   {product} {ergonomic}
    uintx NonNMethodCodeHeapSize                   = 5839372                                {pd product} {ergonomic}
    uintx NonProfiledCodeHeapSize                  = 122909434                              {pd product} {ergonomic}
    uintx ProfiledCodeHeapSize                     = 122909434                              {pd product} {ergonomic}
    uintx ReservedCodeCacheSize                    = 251658240                              {pd product} {ergonomic}
     bool SegmentedCodeCache                       = true                                      {product} {ergonomic}
   size_t SoftMaxHeapSize                          = 1967128576                             {manageable} {ergonomic}
     bool UseCompressedOops                        = true                           {product lp64_product} {ergonomic}
     bool UseG1GC                                  = true                                      {product} {ergonomic}
     bool UseLargePagesIndividualAllocation        = false                                  {pd product} {ergonomic}

Logging:
Log output configuration:
 #0: stdout all=warning uptime,level,tags foldmultilines=false
 #1: stderr all=off uptime,level,tags foldmultilines=false

Environment Variables:
PATH=C:\Program Files\Microsoft\jdk-11.0.16.101-hotspot\bin;C:\Program Files (x86)\NVIDIA Corporation\PhysX\Common;C:\Program Files\Common Files\Oracle\Java\javapath;C:\Program Files (x86)\Common Files\Oracle\Java\javapath;C:\Windows\system32;C:\Windows;C:\Windows\System32\Wbem;C:\Windows\System32\WindowsPowerShell\v1.0\;C:\Windows\System32\OpenSSH\;C:\WINDOWS\system32;C:\WINDOWS;C:\WINDOWS\System32\Wbem;C:\WINDOWS\System32\WindowsPowerShell\v1.0\;C:\WINDOWS\System32\OpenSSH\;C:\Program Files\Microsoft SQL Server\Client SDK\ODBC\110\Tools\Binn\;C:\Program Files (x86)\Windows Kits\8.1\Windows Performance Toolkit\;C:\Program Files\Git\cmd;C:\Program Files\Microsoft SQL Server\Client SDK\ODBC\170\Tools\Binn\;C:\Program Files\dotnet\;C:\Program Files (x86)\Microsoft SQL Server\160\Tools\Binn\;C:\Program Files\Microsoft SQL Server\160\Tools\Binn\;C:\Program Files\Microsoft SQL Server\160\DTS\Binn\;C:\Program Files (x86)\Microsoft SQL Server\160\DTS\Binn\;C:\Program Files\Microsoft SQL Server\150\Tools\Binn\;C:\Program Files\nodejs\;C:\Users\Magdalena\AppData\Local\Microsoft\WindowsApps;C:\Users\Magdalena\flutter\flutter\bin;C:\Program Files\PostgreSQL\15\bin;C:\Program Files\Java\jdk-17\bin;C:\Program Files\Java\jdk-17;C:\Program Files\Azure Data Studio\bin;C:\Users\Magdalena\.dotnet\tools;C:\Program Files\MongoDB\mongosh-2.1.5-win32-x64\bin;C:\Users\Magdalena\AppData\Local\Programs\Microsoft VS Code\bin;C:\Users\Magdalena\AppData\Roaming\npm
USERNAME=Magdalena
OS=Windows_NT
PROCESSOR_IDENTIFIER=AMD64 Family 23 Model 104 Stepping 1, AuthenticAMD
TMP=C:\Users\MAGDAL~1\AppData\Local\Temp
TEMP=C:\Users\MAGDAL~1\AppData\Local\Temp




Periodic native trim disabled

JNI global refs:
JNI global refs: 0, weak refs: 0

JNI global refs memory usage: 0, weak refs: 0

Process memory usage:
Resident Set Size: 11972K (0% of 7682180K total physical memory with 936660K free physical memory)

OOME stack traces (most recent first):
Classloader memory used:

---------------  S Y S T E M  ---------------

OS:
 Windows 11 , 64 bit Build 22621 (10.0.22621.4830)
OS uptime: 2 days 9:31 hours

CPU: total 8 (initial active 8) (8 cores per cpu, 2 threads per core) family 23 model 104 stepping 1 microcode 0x0, cx8, cmov, fxsr, ht, mmx, 3dnowpref, sse, sse2, sse3, ssse3, sse4a, sse4.1, sse4.2, popcnt, lzcnt, tsc, tscinvbit, avx, avx2, aes, clmul, bmi1, bmi2, adx, sha, fma, vzeroupper, clflush, clflushopt, rdtscp, rdpid, f16c
Processor Information for all 8 processors :
  Max Mhz: 2600, Current Mhz: 2600, Mhz Limit: 2600

Memory: 4k page, system-wide physical 7502M (914M free)
TotalPageFile size 15102M (AvailPageFile size 11M)
current process WorkingSet (physical memory assigned to process): 11M, peak: 11M
current process commit charge ("private bytes"): 60M, peak: 178M

vm_info: OpenJDK 64-Bit Server VM (21.0.5+-13047016-b750.29) for windows-amd64 JRE (21.0.5+-13047016-b750.29), built on 2025-02-11T21:12:39Z by "builder" with MS VC++ 16.10 / 16.11 (VS2019)

END.
