#
# There is insufficient memory for the Java Runtime Environment to continue.
# Native memory allocation (malloc) failed to allocate 1554448 bytes. Error detail: Chunk::new
# Possible reasons:
#   The system is out of physical RAM or swap space
#   This process is running with CompressedOops enabled, and the Java Heap may be blocking the growth of the native heap
# Possible solutions:
#   Reduce memory load on the system
#   Increase physical memory or swap space
#   Check if swap backing store is full
#   Decrease Java heap size (-Xmx/-Xms)
#   Decrease number of Java threads
#   Decrease Java thread stack sizes (-Xss)
#   Set larger code cache with -XX:ReservedCodeCacheSize=
#   JVM is running with Unscaled Compressed Oops mode in which the Java heap is
#     placed in the first 4GB address space. The Java Heap base address is the
#     maximum limit for the native heap growth. Please use -XX:HeapBaseMinAddress
#     to set the Java Heap base and to place the Java Heap above 4GB virtual address.
# This output file may be truncated or incomplete.
#
#  Out of Memory Error (arena.cpp:168), pid=13216, tid=6496
#
# JRE version: OpenJDK Runtime Environment (21.0.5) (build 21.0.5+-13047016-b750.29)
# Java VM: OpenJDK 64-Bit Server VM (21.0.5+-13047016-b750.29, mixed mode, tiered, compressed oops, compressed class ptrs, g1 gc, windows-amd64)
# No core dump will be written. Minidumps are not enabled by default on client versions of Windows
#

---------------  S U M M A R Y ------------

Command Line: org.jetbrains.kotlin.cli.jvm.K2JVMCompiler @C:\Users\Magdalena\TwitterSearch\app\build\20250302_9060245828184070041.compiler.options

Host: AMD Ryzen 3 5300U with Radeon Graphics         , 8 cores, 7G,  Windows 11 , 64 bit Build 22621 (10.0.22621.4830)
Time: Sun Mar  2 21:13:19 2025 Central European Standard Time elapsed time: 10.057669 seconds (0d 0h 0m 10s)

---------------  T H R E A D  ---------------

Current thread (0x0000018ec3611430):  JavaThread "C2 CompilerThread0" daemon [_thread_in_native, id=6496, stack(0x0000003b06b00000,0x0000003b06c00000) (1024K)]


Current CompileTask:
C2:10057 8950       4       org.jetbrains.kotlin.fir.backend.Fir2IrTypeConverter::toIrType (1662 bytes)

Stack: [0x0000003b06b00000,0x0000003b06c00000]
Native frames: (J=compiled Java code, j=interpreted, Vv=VM code, C=native code)
V  [jvm.dll+0x6cfb29]
V  [jvm.dll+0x85df93]
V  [jvm.dll+0x8604ee]
V  [jvm.dll+0x860bd3]
V  [jvm.dll+0x27e6b6]
V  [jvm.dll+0xbff6d]
V  [jvm.dll+0xc04a3]
V  [jvm.dll+0x3b5ffb]
V  [jvm.dll+0x1de664]
V  [jvm.dll+0x247db4]
V  [jvm.dll+0x247231]
V  [jvm.dll+0x1c5ee4]
V  [jvm.dll+0x25697c]
V  [jvm.dll+0x254ec6]
V  [jvm.dll+0x3f0ce6]
V  [jvm.dll+0x806368]
V  [jvm.dll+0x6ce3fd]
C  [ucrtbase.dll+0x29333]
C  [KERNEL32.DLL+0x1259d]
C  [ntdll.dll+0x5af38]


---------------  P R O C E S S  ---------------

Threads class SMR info:
_java_thread_list=0x0000018ec9228c80, length=13, elements={
0x0000018eaa1053b0, 0x0000018ec35dcdf0, 0x0000018ec35ddb00, 0x0000018ec35e36c0,
0x0000018ec35dea70, 0x0000018ec35fbea0, 0x0000018ec35fc8f0, 0x0000018ec3611430,
0x0000018ec3613ae0, 0x0000018ec3792b00, 0x0000018ec3799f60, 0x0000018ec9662eb0,
0x0000018ece9f6300
}

Java Threads: ( => current thread )
  0x0000018eaa1053b0 JavaThread "main"                              [_thread_in_Java, id=14532, stack(0x0000003b05d00000,0x0000003b05e00000) (1024K)]
  0x0000018ec35dcdf0 JavaThread "Reference Handler"          daemon [_thread_blocked, id=20572, stack(0x0000003b06500000,0x0000003b06600000) (1024K)]
  0x0000018ec35ddb00 JavaThread "Finalizer"                  daemon [_thread_blocked, id=23500, stack(0x0000003b06600000,0x0000003b06700000) (1024K)]
  0x0000018ec35e36c0 JavaThread "Signal Dispatcher"          daemon [_thread_blocked, id=18652, stack(0x0000003b06700000,0x0000003b06800000) (1024K)]
  0x0000018ec35dea70 JavaThread "Attach Listener"            daemon [_thread_blocked, id=9096, stack(0x0000003b06800000,0x0000003b06900000) (1024K)]
  0x0000018ec35fbea0 JavaThread "Service Thread"             daemon [_thread_blocked, id=10704, stack(0x0000003b06900000,0x0000003b06a00000) (1024K)]
  0x0000018ec35fc8f0 JavaThread "Monitor Deflation Thread"   daemon [_thread_blocked, id=2516, stack(0x0000003b06a00000,0x0000003b06b00000) (1024K)]
=>0x0000018ec3611430 JavaThread "C2 CompilerThread0"         daemon [_thread_in_native, id=6496, stack(0x0000003b06b00000,0x0000003b06c00000) (1024K)]
  0x0000018ec3613ae0 JavaThread "C1 CompilerThread0"         daemon [_thread_blocked, id=10248, stack(0x0000003b06c00000,0x0000003b06d00000) (1024K)]
  0x0000018ec3792b00 JavaThread "Notification Thread"        daemon [_thread_blocked, id=1992, stack(0x0000003b06d00000,0x0000003b06e00000) (1024K)]
  0x0000018ec3799f60 JavaThread "Common-Cleaner"             daemon [_thread_blocked, id=23692, stack(0x0000003b06e00000,0x0000003b06f00000) (1024K)]
  0x0000018ec9662eb0 JavaThread "C2 CompilerThread1"         daemon [_thread_blocked, id=14308, stack(0x0000003b06f00000,0x0000003b07000000) (1024K)]
  0x0000018ece9f6300 JavaThread "C2 CompilerThread2"         daemon [_thread_blocked, id=14972, stack(0x0000003b07000000,0x0000003b07100000) (1024K)]
Total: 13

Other Threads:
  0x0000018ec3427d20 VMThread "VM Thread"                           [id=18156, stack(0x0000003b06400000,0x0000003b06500000) (1024K)]
  0x0000018ec33c3180 WatcherThread "VM Periodic Task Thread"        [id=23104, stack(0x0000003b06300000,0x0000003b06400000) (1024K)]
  0x0000018eaa153020 WorkerThread "GC Thread#0"                     [id=14580, stack(0x0000003b05e00000,0x0000003b05f00000) (1024K)]
  0x0000018ec862ed40 WorkerThread "GC Thread#1"                     [id=12232, stack(0x0000003b07100000,0x0000003b07200000) (1024K)]
  0x0000018ec8693e00 WorkerThread "GC Thread#2"                     [id=10520, stack(0x0000003b07200000,0x0000003b07300000) (1024K)]
  0x0000018ec86941a0 WorkerThread "GC Thread#3"                     [id=13128, stack(0x0000003b07300000,0x0000003b07400000) (1024K)]
  0x0000018ec8694950 WorkerThread "GC Thread#4"                     [id=13528, stack(0x0000003b07400000,0x0000003b07500000) (1024K)]
  0x0000018ec8694cf0 WorkerThread "GC Thread#5"                     [id=2208, stack(0x0000003b07500000,0x0000003b07600000) (1024K)]
  0x0000018ec88741a0 WorkerThread "GC Thread#6"                     [id=17696, stack(0x0000003b07600000,0x0000003b07700000) (1024K)]
  0x0000018ec8874540 WorkerThread "GC Thread#7"                     [id=16428, stack(0x0000003b07700000,0x0000003b07800000) (1024K)]
  0x0000018eaa1634d0 ConcurrentGCThread "G1 Main Marker"            [id=6264, stack(0x0000003b05f00000,0x0000003b06000000) (1024K)]
  0x0000018eaa164770 WorkerThread "G1 Conc#0"                       [id=19164, stack(0x0000003b06000000,0x0000003b06100000) (1024K)]
  0x0000018ec8874c80 WorkerThread "G1 Conc#1"                       [id=18140, stack(0x0000003b07800000,0x0000003b07900000) (1024K)]
  0x0000018eaa1be4a0 ConcurrentGCThread "G1 Refine#0"               [id=19224, stack(0x0000003b06100000,0x0000003b06200000) (1024K)]
  0x0000018ec32922c0 ConcurrentGCThread "G1 Service"                [id=14588, stack(0x0000003b06200000,0x0000003b06300000) (1024K)]
Total: 15

Threads with active compile tasks:
C2 CompilerThread0  10081 8950       4       org.jetbrains.kotlin.fir.backend.Fir2IrTypeConverter::toIrType (1662 bytes)
C1 CompilerThread0  10081 9363       3       org.jetbrains.kotlin.backend.jvm.lower.StaticDefaultFunctionLowering::visitCall (75 bytes)
Total: 2

VM state: not at safepoint (normal execution)

VM Mutex/Monitor currently owned by a thread: None

Heap address: 0x000000008ac00000, size: 1876 MB, Compressed Oops mode: 32-bit

CDS archive(s) not mapped
Compressed class space mapped at: 0x0000000100000000-0x0000000140000000, reserved size: 1073741824
Narrow klass base: 0x0000000000000000, Narrow klass shift: 3, Narrow klass range: 0x140000000

GC Precious Log:
 CardTable entry size: 512
 Card Set container configuration: InlinePtr #cards 5 size 8 Array Of Cards #cards 12 size 40 Howl #buckets 4 coarsen threshold 1843 Howl Bitmap #cards 512 size 80 coarsen threshold 460 Card regions per heap region 1 cards per card region 2048
 CPUs: 8 total, 8 available
 Memory: 7502M
 Large Page Support: Disabled
 NUMA Support: Disabled
 Compressed Oops: Enabled (32-bit)
 Heap Region Size: 1M
 Heap Min Capacity: 8M
 Heap Initial Capacity: 118M
 Heap Max Capacity: 1876M
 Pre-touch: Disabled
 Parallel Workers: 8
 Concurrent Workers: 2
 Concurrent Refinement Workers: 8
 Periodic GC: Disabled

Heap:
 garbage-first heap   total 161792K, used 124334K [0x000000008ac00000, 0x0000000100000000)
  region size 1024K, 46 young (47104K), 7 survivors (7168K)
 Metaspace       used 76175K, committed 76672K, reserved 1179648K
  class space    used 8223K, committed 8448K, reserved 1048576K

Heap Regions: E=young(eden), S=young(survivor), O=old, HS=humongous(starts), HC=humongous(continues), CS=collection set, F=free, TAMS=top-at-mark-start, PB=parsable bottom
|   0|0x000000008ac00000, 0x000000008ad00000, 0x000000008ad00000|100%|HS|  |TAMS 0x000000008ac00000| PB 0x000000008ac00000| Complete 
|   1|0x000000008ad00000, 0x000000008ae00000, 0x000000008ae00000|100%|HC|  |TAMS 0x000000008ad00000| PB 0x000000008ad00000| Complete 
|   2|0x000000008ae00000, 0x000000008af00000, 0x000000008af00000|100%|HC|  |TAMS 0x000000008ae00000| PB 0x000000008ae00000| Complete 
|   3|0x000000008af00000, 0x000000008b000000, 0x000000008b000000|100%| O|  |TAMS 0x000000008af00000| PB 0x000000008af00000| Untracked 
|   4|0x000000008b000000, 0x000000008b100000, 0x000000008b100000|100%| O|  |TAMS 0x000000008b000000| PB 0x000000008b000000| Untracked 
|   5|0x000000008b100000, 0x000000008b1ebb48, 0x000000008b200000| 92%| O|  |TAMS 0x000000008b100000| PB 0x000000008b100000| Untracked 
|   6|0x000000008b200000, 0x000000008b300000, 0x000000008b300000|100%| O|  |TAMS 0x000000008b200000| PB 0x000000008b200000| Untracked 
|   7|0x000000008b300000, 0x000000008b400000, 0x000000008b400000|100%| O|  |TAMS 0x000000008b300000| PB 0x000000008b300000| Untracked 
|   8|0x000000008b400000, 0x000000008b500000, 0x000000008b500000|100%| O|  |TAMS 0x000000008b400000| PB 0x000000008b400000| Untracked 
|   9|0x000000008b500000, 0x000000008b600000, 0x000000008b600000|100%| O|  |TAMS 0x000000008b500000| PB 0x000000008b500000| Untracked 
|  10|0x000000008b600000, 0x000000008b700000, 0x000000008b700000|100%| O|  |TAMS 0x000000008b600000| PB 0x000000008b600000| Untracked 
|  11|0x000000008b700000, 0x000000008b800000, 0x000000008b800000|100%| O|  |TAMS 0x000000008b700000| PB 0x000000008b700000| Untracked 
|  12|0x000000008b800000, 0x000000008b900000, 0x000000008b900000|100%| O|  |TAMS 0x000000008b800000| PB 0x000000008b800000| Untracked 
|  13|0x000000008b900000, 0x000000008ba00000, 0x000000008ba00000|100%| O|  |TAMS 0x000000008b900000| PB 0x000000008b900000| Untracked 
|  14|0x000000008ba00000, 0x000000008bb00000, 0x000000008bb00000|100%| O|  |TAMS 0x000000008ba00000| PB 0x000000008ba00000| Untracked 
|  15|0x000000008bb00000, 0x000000008bc00000, 0x000000008bc00000|100%| O|  |TAMS 0x000000008bb00000| PB 0x000000008bb00000| Untracked 
|  16|0x000000008bc00000, 0x000000008bd00000, 0x000000008bd00000|100%| O|  |TAMS 0x000000008bc00000| PB 0x000000008bc00000| Untracked 
|  17|0x000000008bd00000, 0x000000008be00000, 0x000000008be00000|100%| O|  |TAMS 0x000000008bd00000| PB 0x000000008bd00000| Untracked 
|  18|0x000000008be00000, 0x000000008bf00000, 0x000000008bf00000|100%| O|  |TAMS 0x000000008be00000| PB 0x000000008be00000| Untracked 
|  19|0x000000008bf00000, 0x000000008c000000, 0x000000008c000000|100%| O|  |TAMS 0x000000008bf00000| PB 0x000000008bf00000| Untracked 
|  20|0x000000008c000000, 0x000000008c100000, 0x000000008c100000|100%| O|  |TAMS 0x000000008c000000| PB 0x000000008c000000| Untracked 
|  21|0x000000008c100000, 0x000000008c200000, 0x000000008c200000|100%| O|  |TAMS 0x000000008c100000| PB 0x000000008c100000| Untracked 
|  22|0x000000008c200000, 0x000000008c300000, 0x000000008c300000|100%| O|  |TAMS 0x000000008c200000| PB 0x000000008c200000| Untracked 
|  23|0x000000008c300000, 0x000000008c400000, 0x000000008c400000|100%| O|  |TAMS 0x000000008c300000| PB 0x000000008c300000| Untracked 
|  24|0x000000008c400000, 0x000000008c500000, 0x000000008c500000|100%| O|  |TAMS 0x000000008c400000| PB 0x000000008c400000| Untracked 
|  25|0x000000008c500000, 0x000000008c600000, 0x000000008c600000|100%| O|  |TAMS 0x000000008c500000| PB 0x000000008c500000| Untracked 
|  26|0x000000008c600000, 0x000000008c700000, 0x000000008c700000|100%| O|  |TAMS 0x000000008c600000| PB 0x000000008c600000| Untracked 
|  27|0x000000008c700000, 0x000000008c800000, 0x000000008c800000|100%| O|  |TAMS 0x000000008c700000| PB 0x000000008c700000| Untracked 
|  28|0x000000008c800000, 0x000000008c900000, 0x000000008c900000|100%| O|  |TAMS 0x000000008c800000| PB 0x000000008c800000| Untracked 
|  29|0x000000008c900000, 0x000000008ca00000, 0x000000008ca00000|100%| O|  |TAMS 0x000000008c900000| PB 0x000000008c900000| Untracked 
|  30|0x000000008ca00000, 0x000000008cb00000, 0x000000008cb00000|100%| O|  |TAMS 0x000000008ca00000| PB 0x000000008ca00000| Untracked 
|  31|0x000000008cb00000, 0x000000008cc00000, 0x000000008cc00000|100%|HS|  |TAMS 0x000000008cb00000| PB 0x000000008cb00000| Complete 
|  32|0x000000008cc00000, 0x000000008cd00000, 0x000000008cd00000|100%| O|  |TAMS 0x000000008cc00000| PB 0x000000008cc00000| Untracked 
|  33|0x000000008cd00000, 0x000000008ce00000, 0x000000008ce00000|100%| O|  |TAMS 0x000000008cd00000| PB 0x000000008cd00000| Untracked 
|  34|0x000000008ce00000, 0x000000008cf00000, 0x000000008cf00000|100%| O|  |TAMS 0x000000008ce00000| PB 0x000000008ce00000| Untracked 
|  35|0x000000008cf00000, 0x000000008d000000, 0x000000008d000000|100%| O|  |TAMS 0x000000008cf00000| PB 0x000000008cf00000| Untracked 
|  36|0x000000008d000000, 0x000000008d100000, 0x000000008d100000|100%| O|  |TAMS 0x000000008d000000| PB 0x000000008d000000| Untracked 
|  37|0x000000008d100000, 0x000000008d200000, 0x000000008d200000|100%| O|  |TAMS 0x000000008d100000| PB 0x000000008d100000| Untracked 
|  38|0x000000008d200000, 0x000000008d300000, 0x000000008d300000|100%| O|  |TAMS 0x000000008d200000| PB 0x000000008d200000| Untracked 
|  39|0x000000008d300000, 0x000000008d400000, 0x000000008d400000|100%| O|  |TAMS 0x000000008d300000| PB 0x000000008d300000| Untracked 
|  40|0x000000008d400000, 0x000000008d500000, 0x000000008d500000|100%| O|  |TAMS 0x000000008d400000| PB 0x000000008d400000| Untracked 
|  41|0x000000008d500000, 0x000000008d600000, 0x000000008d600000|100%| O|  |TAMS 0x000000008d500000| PB 0x000000008d500000| Untracked 
|  42|0x000000008d600000, 0x000000008d700000, 0x000000008d700000|100%| O|  |TAMS 0x000000008d600000| PB 0x000000008d600000| Untracked 
|  43|0x000000008d700000, 0x000000008d800000, 0x000000008d800000|100%| O|  |TAMS 0x000000008d700000| PB 0x000000008d700000| Untracked 
|  44|0x000000008d800000, 0x000000008d900000, 0x000000008d900000|100%| O|  |TAMS 0x000000008d800000| PB 0x000000008d800000| Untracked 
|  45|0x000000008d900000, 0x000000008da00000, 0x000000008da00000|100%| O|  |TAMS 0x000000008d900000| PB 0x000000008d900000| Untracked 
|  46|0x000000008da00000, 0x000000008db00000, 0x000000008db00000|100%| O|  |TAMS 0x000000008da00000| PB 0x000000008da00000| Untracked 
|  47|0x000000008db00000, 0x000000008dc00000, 0x000000008dc00000|100%| O|  |TAMS 0x000000008db00000| PB 0x000000008db00000| Untracked 
|  48|0x000000008dc00000, 0x000000008dd00000, 0x000000008dd00000|100%| O|  |TAMS 0x000000008dc00000| PB 0x000000008dc00000| Untracked 
|  49|0x000000008dd00000, 0x000000008de00000, 0x000000008de00000|100%| O|  |TAMS 0x000000008dd00000| PB 0x000000008dd00000| Untracked 
|  50|0x000000008de00000, 0x000000008df00000, 0x000000008df00000|100%| O|  |TAMS 0x000000008de00000| PB 0x000000008de00000| Untracked 
|  51|0x000000008df00000, 0x000000008e000000, 0x000000008e000000|100%| O|  |TAMS 0x000000008df00000| PB 0x000000008df00000| Untracked 
|  52|0x000000008e000000, 0x000000008e100000, 0x000000008e100000|100%| O|  |TAMS 0x000000008e000000| PB 0x000000008e000000| Untracked 
|  53|0x000000008e100000, 0x000000008e200000, 0x000000008e200000|100%| O|  |TAMS 0x000000008e100000| PB 0x000000008e100000| Untracked 
|  54|0x000000008e200000, 0x000000008e300000, 0x000000008e300000|100%| O|  |TAMS 0x000000008e200000| PB 0x000000008e200000| Untracked 
|  55|0x000000008e300000, 0x000000008e400000, 0x000000008e400000|100%| O|  |TAMS 0x000000008e300000| PB 0x000000008e300000| Untracked 
|  56|0x000000008e400000, 0x000000008e500000, 0x000000008e500000|100%| O|  |TAMS 0x000000008e400000| PB 0x000000008e400000| Untracked 
|  57|0x000000008e500000, 0x000000008e600000, 0x000000008e600000|100%| O|  |TAMS 0x000000008e500000| PB 0x000000008e500000| Untracked 
|  58|0x000000008e600000, 0x000000008e700000, 0x000000008e700000|100%| O|  |TAMS 0x000000008e600000| PB 0x000000008e600000| Untracked 
|  59|0x000000008e700000, 0x000000008e800000, 0x000000008e800000|100%| O|  |TAMS 0x000000008e700000| PB 0x000000008e700000| Untracked 
|  60|0x000000008e800000, 0x000000008e900000, 0x000000008e900000|100%| O|  |TAMS 0x000000008e800000| PB 0x000000008e800000| Untracked 
|  61|0x000000008e900000, 0x000000008ea00000, 0x000000008ea00000|100%| O|  |TAMS 0x000000008e900000| PB 0x000000008e900000| Untracked 
|  62|0x000000008ea00000, 0x000000008eb00000, 0x000000008eb00000|100%| O|  |TAMS 0x000000008ea00000| PB 0x000000008ea00000| Untracked 
|  63|0x000000008eb00000, 0x000000008ec00000, 0x000000008ec00000|100%| O|  |TAMS 0x000000008eb00000| PB 0x000000008eb00000| Untracked 
|  64|0x000000008ec00000, 0x000000008ed00000, 0x000000008ed00000|100%| O|  |TAMS 0x000000008ec00000| PB 0x000000008ec00000| Untracked 
|  65|0x000000008ed00000, 0x000000008ee00000, 0x000000008ee00000|100%| O|  |TAMS 0x000000008ed00000| PB 0x000000008ed00000| Untracked 
|  66|0x000000008ee00000, 0x000000008ef00000, 0x000000008ef00000|100%| O|  |TAMS 0x000000008ee00000| PB 0x000000008ee00000| Untracked 
|  67|0x000000008ef00000, 0x000000008f000000, 0x000000008f000000|100%| O|  |TAMS 0x000000008ef00000| PB 0x000000008ef00000| Untracked 
|  68|0x000000008f000000, 0x000000008f100000, 0x000000008f100000|100%| O|  |TAMS 0x000000008f000000| PB 0x000000008f000000| Untracked 
|  69|0x000000008f100000, 0x000000008f200000, 0x000000008f200000|100%| O|  |TAMS 0x000000008f100000| PB 0x000000008f100000| Untracked 
|  70|0x000000008f200000, 0x000000008f300000, 0x000000008f300000|100%| O|  |TAMS 0x000000008f200000| PB 0x000000008f200000| Untracked 
|  71|0x000000008f300000, 0x000000008f400000, 0x000000008f400000|100%| O|  |TAMS 0x000000008f300000| PB 0x000000008f300000| Untracked 
|  72|0x000000008f400000, 0x000000008f500000, 0x000000008f500000|100%| O|  |TAMS 0x000000008f400000| PB 0x000000008f400000| Untracked 
|  73|0x000000008f500000, 0x000000008f580000, 0x000000008f600000| 50%| O|  |TAMS 0x000000008f500000| PB 0x000000008f500000| Untracked 
|  74|0x000000008f600000, 0x000000008f600000, 0x000000008f700000|  0%| F|  |TAMS 0x000000008f600000| PB 0x000000008f600000| Untracked 
|  75|0x000000008f700000, 0x000000008f700000, 0x000000008f800000|  0%| F|  |TAMS 0x000000008f700000| PB 0x000000008f700000| Untracked 
|  76|0x000000008f800000, 0x000000008f800000, 0x000000008f900000|  0%| F|  |TAMS 0x000000008f800000| PB 0x000000008f800000| Untracked 
|  77|0x000000008f900000, 0x000000008f900000, 0x000000008fa00000|  0%| F|  |TAMS 0x000000008f900000| PB 0x000000008f900000| Untracked 
|  78|0x000000008fa00000, 0x000000008fa00000, 0x000000008fb00000|  0%| F|  |TAMS 0x000000008fa00000| PB 0x000000008fa00000| Untracked 
|  79|0x000000008fb00000, 0x000000008fb00000, 0x000000008fc00000|  0%| F|  |TAMS 0x000000008fb00000| PB 0x000000008fb00000| Untracked 
|  80|0x000000008fc00000, 0x000000008fc00000, 0x000000008fd00000|  0%| F|  |TAMS 0x000000008fc00000| PB 0x000000008fc00000| Untracked 
|  81|0x000000008fd00000, 0x000000008fd00000, 0x000000008fe00000|  0%| F|  |TAMS 0x000000008fd00000| PB 0x000000008fd00000| Untracked 
|  82|0x000000008fe00000, 0x000000008fe00000, 0x000000008ff00000|  0%| F|  |TAMS 0x000000008fe00000| PB 0x000000008fe00000| Untracked 
|  83|0x000000008ff00000, 0x000000008ff00000, 0x0000000090000000|  0%| F|  |TAMS 0x000000008ff00000| PB 0x000000008ff00000| Untracked 
|  84|0x0000000090000000, 0x0000000090000000, 0x0000000090100000|  0%| F|  |TAMS 0x0000000090000000| PB 0x0000000090000000| Untracked 
|  85|0x0000000090100000, 0x0000000090100000, 0x0000000090200000|  0%| F|  |TAMS 0x0000000090100000| PB 0x0000000090100000| Untracked 
|  86|0x0000000090200000, 0x0000000090200000, 0x0000000090300000|  0%| F|  |TAMS 0x0000000090200000| PB 0x0000000090200000| Untracked 
|  87|0x0000000090300000, 0x0000000090300000, 0x0000000090400000|  0%| F|  |TAMS 0x0000000090300000| PB 0x0000000090300000| Untracked 
|  88|0x0000000090400000, 0x0000000090400000, 0x0000000090500000|  0%| F|  |TAMS 0x0000000090400000| PB 0x0000000090400000| Untracked 
|  89|0x0000000090500000, 0x0000000090500000, 0x0000000090600000|  0%| F|  |TAMS 0x0000000090500000| PB 0x0000000090500000| Untracked 
|  90|0x0000000090600000, 0x0000000090600000, 0x0000000090700000|  0%| F|  |TAMS 0x0000000090600000| PB 0x0000000090600000| Untracked 
|  91|0x0000000090700000, 0x0000000090700000, 0x0000000090800000|  0%| F|  |TAMS 0x0000000090700000| PB 0x0000000090700000| Untracked 
|  92|0x0000000090800000, 0x0000000090900000, 0x0000000090900000|100%| S|CS|TAMS 0x0000000090800000| PB 0x0000000090800000| Complete 
|  93|0x0000000090900000, 0x0000000090a00000, 0x0000000090a00000|100%| S|CS|TAMS 0x0000000090900000| PB 0x0000000090900000| Complete 
|  94|0x0000000090a00000, 0x0000000090b00000, 0x0000000090b00000|100%| S|CS|TAMS 0x0000000090a00000| PB 0x0000000090a00000| Complete 
|  95|0x0000000090b00000, 0x0000000090c00000, 0x0000000090c00000|100%| S|CS|TAMS 0x0000000090b00000| PB 0x0000000090b00000| Complete 
|  96|0x0000000090c00000, 0x0000000090d00000, 0x0000000090d00000|100%| S|CS|TAMS 0x0000000090c00000| PB 0x0000000090c00000| Complete 
|  97|0x0000000090d00000, 0x0000000090e00000, 0x0000000090e00000|100%| S|CS|TAMS 0x0000000090d00000| PB 0x0000000090d00000| Complete 
|  98|0x0000000090e00000, 0x0000000090e00000, 0x0000000090f00000|  0%| F|  |TAMS 0x0000000090e00000| PB 0x0000000090e00000| Untracked 
|  99|0x0000000090f00000, 0x0000000090f00000, 0x0000000091000000|  0%| F|  |TAMS 0x0000000090f00000| PB 0x0000000090f00000| Untracked 
| 100|0x0000000091000000, 0x0000000091000000, 0x0000000091100000|  0%| F|  |TAMS 0x0000000091000000| PB 0x0000000091000000| Untracked 
| 101|0x0000000091100000, 0x0000000091100000, 0x0000000091200000|  0%| F|  |TAMS 0x0000000091100000| PB 0x0000000091100000| Untracked 
| 102|0x0000000091200000, 0x0000000091200000, 0x0000000091300000|  0%| F|  |TAMS 0x0000000091200000| PB 0x0000000091200000| Untracked 
| 103|0x0000000091300000, 0x0000000091300000, 0x0000000091400000|  0%| F|  |TAMS 0x0000000091300000| PB 0x0000000091300000| Untracked 
| 104|0x0000000091400000, 0x0000000091400000, 0x0000000091500000|  0%| F|  |TAMS 0x0000000091400000| PB 0x0000000091400000| Untracked 
| 105|0x0000000091500000, 0x0000000091500000, 0x0000000091600000|  0%| F|  |TAMS 0x0000000091500000| PB 0x0000000091500000| Untracked 
| 106|0x0000000091600000, 0x0000000091700000, 0x0000000091700000|100%| S|CS|TAMS 0x0000000091600000| PB 0x0000000091600000| Complete 
| 107|0x0000000091700000, 0x0000000091700000, 0x0000000091800000|  0%| F|  |TAMS 0x0000000091700000| PB 0x0000000091700000| Untracked 
| 108|0x0000000091800000, 0x0000000091800000, 0x0000000091900000|  0%| F|  |TAMS 0x0000000091800000| PB 0x0000000091800000| Untracked 
| 109|0x0000000091900000, 0x0000000091900000, 0x0000000091a00000|  0%| F|  |TAMS 0x0000000091900000| PB 0x0000000091900000| Untracked 
| 110|0x0000000091a00000, 0x0000000091a00000, 0x0000000091b00000|  0%| F|  |TAMS 0x0000000091a00000| PB 0x0000000091a00000| Untracked 
| 111|0x0000000091b00000, 0x0000000091b00000, 0x0000000091c00000|  0%| F|  |TAMS 0x0000000091b00000| PB 0x0000000091b00000| Untracked 
| 112|0x0000000091c00000, 0x0000000091c00000, 0x0000000091d00000|  0%| F|  |TAMS 0x0000000091c00000| PB 0x0000000091c00000| Untracked 
| 113|0x0000000091d00000, 0x0000000091d00000, 0x0000000091e00000|  0%| F|  |TAMS 0x0000000091d00000| PB 0x0000000091d00000| Untracked 
| 114|0x0000000091e00000, 0x0000000091e00000, 0x0000000091f00000|  0%| F|  |TAMS 0x0000000091e00000| PB 0x0000000091e00000| Untracked 
| 115|0x0000000091f00000, 0x0000000091f00000, 0x0000000092000000|  0%| F|  |TAMS 0x0000000091f00000| PB 0x0000000091f00000| Untracked 
| 116|0x0000000092000000, 0x0000000092080000, 0x0000000092100000| 50%| E|  |TAMS 0x0000000092000000| PB 0x0000000092000000| Complete 
| 117|0x0000000092100000, 0x0000000092200000, 0x0000000092200000|100%| E|CS|TAMS 0x0000000092100000| PB 0x0000000092100000| Complete 
| 118|0x0000000092200000, 0x0000000092300000, 0x0000000092300000|100%| E|CS|TAMS 0x0000000092200000| PB 0x0000000092200000| Complete 
| 119|0x0000000092300000, 0x0000000092400000, 0x0000000092400000|100%| E|CS|TAMS 0x0000000092300000| PB 0x0000000092300000| Complete 
| 120|0x0000000092400000, 0x0000000092500000, 0x0000000092500000|100%| E|CS|TAMS 0x0000000092400000| PB 0x0000000092400000| Complete 
| 121|0x0000000092500000, 0x0000000092600000, 0x0000000092600000|100%| E|CS|TAMS 0x0000000092500000| PB 0x0000000092500000| Complete 
| 122|0x0000000092600000, 0x0000000092700000, 0x0000000092700000|100%| E|CS|TAMS 0x0000000092600000| PB 0x0000000092600000| Complete 
| 123|0x0000000092700000, 0x0000000092800000, 0x0000000092800000|100%| E|CS|TAMS 0x0000000092700000| PB 0x0000000092700000| Complete 
| 124|0x0000000092800000, 0x0000000092900000, 0x0000000092900000|100%| E|CS|TAMS 0x0000000092800000| PB 0x0000000092800000| Complete 
| 125|0x0000000092900000, 0x0000000092a00000, 0x0000000092a00000|100%| E|CS|TAMS 0x0000000092900000| PB 0x0000000092900000| Complete 
| 126|0x0000000092a00000, 0x0000000092b00000, 0x0000000092b00000|100%| E|CS|TAMS 0x0000000092a00000| PB 0x0000000092a00000| Complete 
| 127|0x0000000092b00000, 0x0000000092c00000, 0x0000000092c00000|100%| E|CS|TAMS 0x0000000092b00000| PB 0x0000000092b00000| Complete 
| 128|0x0000000092c00000, 0x0000000092d00000, 0x0000000092d00000|100%| E|CS|TAMS 0x0000000092c00000| PB 0x0000000092c00000| Complete 
| 129|0x0000000092d00000, 0x0000000092e00000, 0x0000000092e00000|100%| E|CS|TAMS 0x0000000092d00000| PB 0x0000000092d00000| Complete 
| 130|0x0000000092e00000, 0x0000000092f00000, 0x0000000092f00000|100%| E|CS|TAMS 0x0000000092e00000| PB 0x0000000092e00000| Complete 
| 131|0x0000000092f00000, 0x0000000093000000, 0x0000000093000000|100%| E|CS|TAMS 0x0000000092f00000| PB 0x0000000092f00000| Complete 
| 132|0x0000000093000000, 0x0000000093100000, 0x0000000093100000|100%| E|CS|TAMS 0x0000000093000000| PB 0x0000000093000000| Complete 
| 133|0x0000000093100000, 0x0000000093200000, 0x0000000093200000|100%| E|CS|TAMS 0x0000000093100000| PB 0x0000000093100000| Complete 
| 134|0x0000000093200000, 0x0000000093300000, 0x0000000093300000|100%| E|CS|TAMS 0x0000000093200000| PB 0x0000000093200000| Complete 
| 135|0x0000000093300000, 0x0000000093400000, 0x0000000093400000|100%| E|CS|TAMS 0x0000000093300000| PB 0x0000000093300000| Complete 
| 136|0x0000000093400000, 0x0000000093500000, 0x0000000093500000|100%| E|CS|TAMS 0x0000000093400000| PB 0x0000000093400000| Complete 
| 137|0x0000000093500000, 0x0000000093600000, 0x0000000093600000|100%| E|CS|TAMS 0x0000000093500000| PB 0x0000000093500000| Complete 
| 138|0x0000000093600000, 0x0000000093700000, 0x0000000093700000|100%| E|CS|TAMS 0x0000000093600000| PB 0x0000000093600000| Complete 
| 139|0x0000000093700000, 0x0000000093800000, 0x0000000093800000|100%| E|CS|TAMS 0x0000000093700000| PB 0x0000000093700000| Complete 
| 140|0x0000000093800000, 0x0000000093900000, 0x0000000093900000|100%| E|CS|TAMS 0x0000000093800000| PB 0x0000000093800000| Complete 
| 141|0x0000000093900000, 0x0000000093a00000, 0x0000000093a00000|100%| E|CS|TAMS 0x0000000093900000| PB 0x0000000093900000| Complete 
| 142|0x0000000093a00000, 0x0000000093b00000, 0x0000000093b00000|100%| E|CS|TAMS 0x0000000093a00000| PB 0x0000000093a00000| Complete 
| 143|0x0000000093b00000, 0x0000000093c00000, 0x0000000093c00000|100%| E|CS|TAMS 0x0000000093b00000| PB 0x0000000093b00000| Complete 
| 144|0x0000000093c00000, 0x0000000093d00000, 0x0000000093d00000|100%| E|CS|TAMS 0x0000000093c00000| PB 0x0000000093c00000| Complete 
| 145|0x0000000093d00000, 0x0000000093e00000, 0x0000000093e00000|100%| E|CS|TAMS 0x0000000093d00000| PB 0x0000000093d00000| Complete 
| 146|0x0000000093e00000, 0x0000000093f00000, 0x0000000093f00000|100%| E|CS|TAMS 0x0000000093e00000| PB 0x0000000093e00000| Complete 
| 147|0x0000000093f00000, 0x0000000094000000, 0x0000000094000000|100%| E|CS|TAMS 0x0000000093f00000| PB 0x0000000093f00000| Complete 
| 148|0x0000000094000000, 0x0000000094100000, 0x0000000094100000|100%| E|CS|TAMS 0x0000000094000000| PB 0x0000000094000000| Complete 
| 149|0x0000000094100000, 0x0000000094200000, 0x0000000094200000|100%| E|CS|TAMS 0x0000000094100000| PB 0x0000000094100000| Complete 
| 150|0x0000000094200000, 0x0000000094300000, 0x0000000094300000|100%| E|CS|TAMS 0x0000000094200000| PB 0x0000000094200000| Complete 
| 151|0x0000000094300000, 0x0000000094400000, 0x0000000094400000|100%| E|CS|TAMS 0x0000000094300000| PB 0x0000000094300000| Complete 
| 152|0x0000000094400000, 0x0000000094500000, 0x0000000094500000|100%| E|CS|TAMS 0x0000000094400000| PB 0x0000000094400000| Complete 
| 153|0x0000000094500000, 0x0000000094600000, 0x0000000094600000|100%| E|CS|TAMS 0x0000000094500000| PB 0x0000000094500000| Complete 
|1872|0x00000000ffc00000, 0x00000000ffd00000, 0x00000000ffd00000|100%| E|CS|TAMS 0x00000000ffc00000| PB 0x00000000ffc00000| Complete 
|1873|0x00000000ffd00000, 0x00000000ffe00000, 0x00000000ffe00000|100%| O|  |TAMS 0x00000000ffd00000| PB 0x00000000ffd00000| Untracked 
|1874|0x00000000ffe00000, 0x00000000fff00000, 0x00000000fff00000|100%| O|  |TAMS 0x00000000ffe00000| PB 0x00000000ffe00000| Untracked 
|1875|0x00000000fff00000, 0x0000000100000000, 0x0000000100000000|100%| O|  |TAMS 0x00000000fff00000| PB 0x00000000fff00000| Untracked 

Card table byte_map: [0x0000018ebe840000,0x0000018ebebf0000] _byte_map_base: 0x0000018ebe3ea000

Marking Bits: (CMBitMap*) 0x0000018eaa153f30
 Bits: [0x0000018ebebf0000, 0x0000018ec0940000)

Polling page: 0x0000018eaa1c0000

Metaspace:

Usage:
  Non-class:     66.39 MB used.
      Class:      8.03 MB used.
       Both:     74.42 MB used.

Virtual space:
  Non-class space:      128.00 MB reserved,      66.62 MB ( 52%) committed,  2 nodes.
      Class space:        1.00 GB reserved,       8.25 MB ( <1%) committed,  1 nodes.
             Both:        1.12 GB reserved,      74.88 MB (  6%) committed. 

Chunk freelists:
   Non-Class:  13.25 MB
       Class:  7.67 MB
        Both:  20.92 MB

MaxMetaspaceSize: unlimited
CompressedClassSpaceSize: 1.00 GB
Initial GC threshold: 21.00 MB
Current GC threshold: 82.81 MB
CDS: off
 - commit_granule_bytes: 65536.
 - commit_granule_words: 8192.
 - virtual_space_node_default_size: 8388608.
 - enlarge_chunks_in_place: 1.
 - use_allocation_guard: 0.


Internal statistics:

num_allocs_failed_limit: 3.
num_arena_births: 534.
num_arena_deaths: 0.
num_vsnodes_births: 3.
num_vsnodes_deaths: 0.
num_space_committed: 1197.
num_space_uncommitted: 0.
num_chunks_returned_to_freelist: 3.
num_chunks_taken_from_freelist: 2951.
num_chunk_merges: 3.
num_chunk_splits: 2369.
num_chunks_enlarged: 2069.
num_inconsistent_stats: 0.

CodeHeap 'non-profiled nmethods': size=120000Kb used=5247Kb max_used=5247Kb free=114752Kb
 bounds [0x0000018eb64f0000, 0x0000018eb6a10000, 0x0000018ebda20000]
CodeHeap 'profiled nmethods': size=120000Kb used=28371Kb max_used=28371Kb free=91628Kb
 bounds [0x0000018eaea20000, 0x0000018eb05e0000, 0x0000018eb5f50000]
CodeHeap 'non-nmethods': size=5760Kb used=1802Kb max_used=1858Kb free=3957Kb
 bounds [0x0000018eb5f50000, 0x0000018eb61c0000, 0x0000018eb64f0000]
 total_blobs=9636 nmethods=8825 adapters=712
 compilation: enabled
              stopped_count=0, restarted_count=0
 full_count=0

Compilation events (20 events):
Event: 10.052 Thread 0x0000018ece9f6300 9326       4       org.jetbrains.kotlin.ir.visitors.IrElementVisitorVoid$DefaultImpls::visitFunction (17 bytes)
Event: 10.052 Thread 0x0000018ec9662eb0 9327       4       java.util.ArrayList::remove (26 bytes)
Event: 10.052 Thread 0x0000018ece9f6300 nmethod 9326 0x0000018eb6a0c390 code [0x0000018eb6a0c520, 0x0000018eb6a0c5d0]
Event: 10.052 Thread 0x0000018ece9f6300 9329       4       java.util.ArrayList::fastRemove (44 bytes)
Event: 10.053 Thread 0x0000018ec3613ae0 nmethod 9321 0x0000018eb05a6a10 code [0x0000018eb05a6de0, 0x0000018eb05a8688]
Event: 10.053 Thread 0x0000018ec3613ae0 9322       3       org.jetbrains.kotlin.backend.jvm.lower.UniqueLoopLabelsLowering$lower$1::visitDeclaration (6 bytes)
Event: 10.054 Thread 0x0000018ec3613ae0 nmethod 9322 0x0000018eb05a8e90 code [0x0000018eb05a90c0, 0x0000018eb05a96f8]
Event: 10.054 Thread 0x0000018ec3613ae0 9323       3       org.jetbrains.kotlin.backend.jvm.lower.UniqueLoopLabelsLowering$lower$1::visitValueParameter (13 bytes)
Event: 10.054 Thread 0x0000018ece9f6300 nmethod 9329 0x0000018eb6a0c690 code [0x0000018eb6a0c820, 0x0000018eb6a0ca20]
Event: 10.054 Thread 0x0000018ece9f6300 9331       4       org.jetbrains.kotlin.ir.visitors.IrElementVisitorVoid$DefaultImpls::visitConst (14 bytes)
Event: 10.054 Thread 0x0000018ec9662eb0 nmethod 9327 0x0000018eb6a0cb90 code [0x0000018eb6a0cd20, 0x0000018eb6a0cf98]
Event: 10.054 Thread 0x0000018ec9662eb0 9332       4       org.jetbrains.kotlin.ir.visitors.IrElementVisitorVoid$DefaultImpls::visitConst (17 bytes)
Event: 10.054 Thread 0x0000018ece9f6300 nmethod 9331 0x0000018eb6a0d190 code [0x0000018eb6a0d320, 0x0000018eb6a0d3d0]
Event: 10.055 Thread 0x0000018ece9f6300 9333       4       org.jetbrains.kotlin.ir.visitors.IrElementVisitorVoid$DefaultImpls::visitCall (17 bytes)
Event: 10.055 Thread 0x0000018ec3613ae0 nmethod 9323 0x0000018eb05a9990 code [0x0000018eb05a9c80, 0x0000018eb05aa9a8]
Event: 10.055 Thread 0x0000018ec3613ae0 9324       3       org.jetbrains.kotlin.backend.jvm.lower.UniqueLoopLabelsLowering$lower$1::visitValueParameter (7 bytes)
Event: 10.055 Thread 0x0000018ece9f6300 nmethod 9333 0x0000018eb6a0d510 code [0x0000018eb6a0d6a0, 0x0000018eb6a0d750]
Event: 10.055 Thread 0x0000018ec9662eb0 nmethod 9332 0x0000018eb6a0d890 code [0x0000018eb6a0da20, 0x0000018eb6a0dad0]
Event: 10.056 Thread 0x0000018ec3613ae0 nmethod 9324 0x0000018eb05aae90 code [0x0000018eb05ab160, 0x0000018eb05abd40]
Event: 10.056 Thread 0x0000018ec3613ae0 9325       3       org.jetbrains.kotlin.backend.jvm.lower.UniqueLoopLabelsLowering$lower$1::visitValueParameter (6 bytes)

GC Heap History (20 events):
Event: 3.885 GC heap before
{Heap before GC invocations=15 (full 0):
 garbage-first heap   total 51200K, used 44026K [0x000000008ac00000, 0x0000000100000000)
  region size 1024K, 13 young (13312K), 2 survivors (2048K)
 Metaspace       used 49200K, committed 49472K, reserved 1114112K
  class space    used 5653K, committed 5760K, reserved 1048576K
}
Event: 3.895 GC heap after
{Heap after GC invocations=16 (full 0):
 garbage-first heap   total 62464K, used 34699K [0x000000008ac00000, 0x0000000100000000)
  region size 1024K, 2 young (2048K), 2 survivors (2048K)
 Metaspace       used 49200K, committed 49472K, reserved 1114112K
  class space    used 5653K, committed 5760K, reserved 1048576K
}
Event: 4.012 GC heap before
{Heap before GC invocations=16 (full 0):
 garbage-first heap   total 62464K, used 40843K [0x000000008ac00000, 0x0000000100000000)
  region size 1024K, 9 young (9216K), 2 survivors (2048K)
 Metaspace       used 49631K, committed 49984K, reserved 1114112K
  class space    used 5713K, committed 5888K, reserved 1048576K
}
Event: 4.020 GC heap after
{Heap after GC invocations=17 (full 0):
 garbage-first heap   total 62464K, used 36349K [0x000000008ac00000, 0x0000000100000000)
  region size 1024K, 2 young (2048K), 2 survivors (2048K)
 Metaspace       used 49631K, committed 49984K, reserved 1114112K
  class space    used 5713K, committed 5888K, reserved 1048576K
}
Event: 4.098 GC heap before
{Heap before GC invocations=18 (full 0):
 garbage-first heap   total 63488K, used 53757K [0x000000008ac00000, 0x0000000100000000)
  region size 1024K, 18 young (18432K), 2 survivors (2048K)
 Metaspace       used 49637K, committed 49984K, reserved 1114112K
  class space    used 5714K, committed 5888K, reserved 1048576K
}
Event: 4.110 GC heap after
{Heap after GC invocations=19 (full 0):
 garbage-first heap   total 63488K, used 43327K [0x000000008ac00000, 0x0000000100000000)
  region size 1024K, 3 young (3072K), 3 survivors (3072K)
 Metaspace       used 49637K, committed 49984K, reserved 1114112K
  class space    used 5714K, committed 5888K, reserved 1048576K
}
Event: 4.190 GC heap before
{Heap before GC invocations=19 (full 0):
 garbage-first heap   total 63488K, used 54591K [0x000000008ac00000, 0x0000000100000000)
  region size 1024K, 14 young (14336K), 3 survivors (3072K)
 Metaspace       used 49804K, committed 50112K, reserved 1114112K
  class space    used 5735K, committed 5888K, reserved 1048576K
}
Event: 4.203 GC heap after
{Heap after GC invocations=20 (full 0):
 garbage-first heap   total 63488K, used 47022K [0x000000008ac00000, 0x0000000100000000)
  region size 1024K, 2 young (2048K), 2 survivors (2048K)
 Metaspace       used 49804K, committed 50112K, reserved 1114112K
  class space    used 5735K, committed 5888K, reserved 1048576K
}
Event: 4.528 GC heap before
{Heap before GC invocations=20 (full 0):
 garbage-first heap   total 63488K, used 55214K [0x000000008ac00000, 0x0000000100000000)
  region size 1024K, 10 young (10240K), 2 survivors (2048K)
 Metaspace       used 50564K, committed 50816K, reserved 1114112K
  class space    used 5829K, committed 5952K, reserved 1048576K
}
Event: 4.533 GC heap after
{Heap after GC invocations=21 (full 0):
 garbage-first heap   total 63488K, used 48046K [0x000000008ac00000, 0x0000000100000000)
  region size 1024K, 1 young (1024K), 1 survivors (1024K)
 Metaspace       used 50564K, committed 50816K, reserved 1114112K
  class space    used 5829K, committed 5952K, reserved 1048576K
}
Event: 4.801 GC heap before
{Heap before GC invocations=22 (full 0):
 garbage-first heap   total 80896K, used 56238K [0x000000008ac00000, 0x0000000100000000)
  region size 1024K, 9 young (9216K), 1 survivors (1024K)
 Metaspace       used 50885K, committed 51264K, reserved 1114112K
  class space    used 5849K, committed 6016K, reserved 1048576K
}
Event: 4.808 GC heap after
{Heap after GC invocations=23 (full 0):
 garbage-first heap   total 80896K, used 49606K [0x000000008ac00000, 0x0000000100000000)
  region size 1024K, 2 young (2048K), 2 survivors (2048K)
 Metaspace       used 50885K, committed 51264K, reserved 1114112K
  class space    used 5849K, committed 6016K, reserved 1048576K
}
Event: 5.077 GC heap before
{Heap before GC invocations=23 (full 0):
 garbage-first heap   total 80896K, used 69062K [0x000000008ac00000, 0x0000000100000000)
  region size 1024K, 21 young (21504K), 2 survivors (2048K)
 Metaspace       used 51228K, committed 51584K, reserved 1114112K
  class space    used 5872K, committed 6016K, reserved 1048576K
}
Event: 5.093 GC heap after
{Heap after GC invocations=24 (full 0):
 garbage-first heap   total 161792K, used 54529K [0x000000008ac00000, 0x0000000100000000)
  region size 1024K, 3 young (3072K), 3 survivors (3072K)
 Metaspace       used 51228K, committed 51584K, reserved 1114112K
  class space    used 5872K, committed 6016K, reserved 1048576K
}
Event: 6.628 GC heap before
{Heap before GC invocations=24 (full 0):
 garbage-first heap   total 161792K, used 125185K [0x000000008ac00000, 0x0000000100000000)
  region size 1024K, 73 young (74752K), 3 survivors (3072K)
 Metaspace       used 56485K, committed 56832K, reserved 1114112K
  class space    used 6323K, committed 6464K, reserved 1048576K
}
Event: 6.660 GC heap after
{Heap after GC invocations=25 (full 0):
 garbage-first heap   total 161792K, used 69495K [0x000000008ac00000, 0x0000000100000000)
  region size 1024K, 10 young (10240K), 10 survivors (10240K)
 Metaspace       used 56485K, committed 56832K, reserved 1114112K
  class space    used 6323K, committed 6464K, reserved 1048576K
}
Event: 7.542 GC heap before
{Heap before GC invocations=25 (full 0):
 garbage-first heap   total 161792K, used 119671K [0x000000008ac00000, 0x0000000100000000)
  region size 1024K, 59 young (60416K), 10 survivors (10240K)
 Metaspace       used 63236K, committed 63552K, reserved 1114112K
  class space    used 6878K, committed 7040K, reserved 1048576K
}
Event: 7.567 GC heap after
{Heap after GC invocations=26 (full 0):
 garbage-first heap   total 161792K, used 77742K [0x000000008ac00000, 0x0000000100000000)
  region size 1024K, 8 young (8192K), 8 survivors (8192K)
 Metaspace       used 63236K, committed 63552K, reserved 1114112K
  class space    used 6878K, committed 7040K, reserved 1048576K
}
Event: 8.951 GC heap before
{Heap before GC invocations=26 (full 0):
 garbage-first heap   total 161792K, used 126894K [0x000000008ac00000, 0x0000000100000000)
  region size 1024K, 56 young (57344K), 8 survivors (8192K)
 Metaspace       used 68600K, committed 69056K, reserved 1114112K
  class space    used 7458K, committed 7616K, reserved 1048576K
}
Event: 8.972 GC heap after
{Heap after GC invocations=27 (full 0):
 garbage-first heap   total 161792K, used 85422K [0x000000008ac00000, 0x0000000100000000)
  region size 1024K, 7 young (7168K), 7 survivors (7168K)
 Metaspace       used 68600K, committed 69056K, reserved 1114112K
  class space    used 7458K, committed 7616K, reserved 1048576K
}

Dll operation events (3 events):
Event: 0.012 Loaded shared library C:\Program Files\Android\Android Studio\jbr\bin\java.dll
Event: 0.018 Loaded shared library C:\Program Files\Android\Android Studio\jbr\bin\zip.dll
Event: 1.070 Loaded shared library C:\Program Files\Android\Android Studio\jbr\bin\verify.dll

Deoptimization events (20 events):
Event: 9.614 Thread 0x0000018eaa1053b0 Uncommon trap: trap_request=0xffffff66 fr.pc=0x0000018eb69cc2a8 relative=0x0000000000000228
Event: 9.614 Thread 0x0000018eaa1053b0 Uncommon trap: reason=speculate_class_check action=maybe_recompile pc=0x0000018eb69cc2a8 method=org.jetbrains.kotlin.fir.backend.ConversionUtilsKt.computeValueClassRepresentation(Lorg/jetbrains/kotlin/fir/backend/Fir2IrComponents;Lorg/jetbrains/kotlin/fir
Event: 9.614 Thread 0x0000018eaa1053b0 DEOPT PACKING pc=0x0000018eb69cc2a8 sp=0x0000003b05dfc900
Event: 9.614 Thread 0x0000018eaa1053b0 DEOPT UNPACKING pc=0x0000018eb5fa46a2 sp=0x0000003b05dfc898 mode 2
Event: 9.673 Thread 0x0000018eaa1053b0 Uncommon trap: trap_request=0xffffffde fr.pc=0x0000018eb69135c0 relative=0x00000000000026c0
Event: 9.673 Thread 0x0000018eaa1053b0 Uncommon trap: reason=class_check action=maybe_recompile pc=0x0000018eb69135c0 method=org.jetbrains.kotlin.fir.lazy.Fir2IrLazySimpleFunction.getOverriddenSymbols()Ljava/util/List; @ 15 c2
Event: 9.673 Thread 0x0000018eaa1053b0 DEOPT PACKING pc=0x0000018eb69135c0 sp=0x0000003b05dfc7f0
Event: 9.673 Thread 0x0000018eaa1053b0 DEOPT UNPACKING pc=0x0000018eb5fa46a2 sp=0x0000003b05dfc848 mode 2
Event: 9.673 Thread 0x0000018eaa1053b0 Uncommon trap: trap_request=0xffffffde fr.pc=0x0000018eb69135c0 relative=0x00000000000026c0
Event: 9.673 Thread 0x0000018eaa1053b0 Uncommon trap: reason=class_check action=maybe_recompile pc=0x0000018eb69135c0 method=org.jetbrains.kotlin.fir.lazy.Fir2IrLazySimpleFunction.getOverriddenSymbols()Ljava/util/List; @ 15 c2
Event: 9.673 Thread 0x0000018eaa1053b0 DEOPT PACKING pc=0x0000018eb69135c0 sp=0x0000003b05dfc420
Event: 9.673 Thread 0x0000018eaa1053b0 DEOPT UNPACKING pc=0x0000018eb5fa46a2 sp=0x0000003b05dfc478 mode 2
Event: 9.673 Thread 0x0000018eaa1053b0 Uncommon trap: trap_request=0xffffffde fr.pc=0x0000018eb69135c0 relative=0x00000000000026c0
Event: 9.673 Thread 0x0000018eaa1053b0 Uncommon trap: reason=class_check action=maybe_recompile pc=0x0000018eb69135c0 method=org.jetbrains.kotlin.fir.lazy.Fir2IrLazySimpleFunction.getOverriddenSymbols()Ljava/util/List; @ 15 c2
Event: 9.673 Thread 0x0000018eaa1053b0 DEOPT PACKING pc=0x0000018eb69135c0 sp=0x0000003b05dfc7f0
Event: 9.673 Thread 0x0000018eaa1053b0 DEOPT UNPACKING pc=0x0000018eb5fa46a2 sp=0x0000003b05dfc848 mode 2
Event: 9.673 Thread 0x0000018eaa1053b0 Uncommon trap: trap_request=0xffffffde fr.pc=0x0000018eb69135c0 relative=0x00000000000026c0
Event: 9.673 Thread 0x0000018eaa1053b0 Uncommon trap: reason=class_check action=maybe_recompile pc=0x0000018eb69135c0 method=org.jetbrains.kotlin.fir.lazy.Fir2IrLazySimpleFunction.getOverriddenSymbols()Ljava/util/List; @ 15 c2
Event: 9.673 Thread 0x0000018eaa1053b0 DEOPT PACKING pc=0x0000018eb69135c0 sp=0x0000003b05dfc7f0
Event: 9.673 Thread 0x0000018eaa1053b0 DEOPT UNPACKING pc=0x0000018eb5fa46a2 sp=0x0000003b05dfc848 mode 2

Classes loaded (20 events):
Event: 9.721 Loading class sun/security/provider/MD5
Event: 9.721 Loading class sun/security/provider/DigestBase
Event: 9.721 Loading class sun/security/provider/DigestBase done
Event: 9.721 Loading class sun/security/provider/MD5 done
Event: 9.722 Loading class sun/security/jca/GetInstance$Instance
Event: 9.722 Loading class sun/security/jca/GetInstance$Instance done
Event: 9.722 Loading class java/security/MessageDigest$Delegate
Event: 9.722 Loading class sun/security/util/MessageDigestSpi2
Event: 9.722 Loading class sun/security/util/MessageDigestSpi2 done
Event: 9.722 Loading class java/security/MessageDigest$Delegate done
Event: 9.722 Loading class java/security/MessageDigest$Delegate$CloneableDelegate
Event: 9.722 Loading class java/security/MessageDigest$Delegate$CloneableDelegate done
Event: 9.722 Loading class sun/security/provider/ByteArrayAccess$LE
Event: 9.722 Loading class sun/security/provider/ByteArrayAccess$LE done
Event: 9.723 Loading class sun/security/provider/ByteArrayAccess
Event: 9.723 Loading class sun/security/provider/ByteArrayAccess done
Event: 9.723 Loading class java/util/Base64
Event: 9.723 Loading class java/util/Base64 done
Event: 9.723 Loading class java/util/Base64$Encoder
Event: 9.727 Loading class java/util/Base64$Encoder done

Classes unloaded (0 events):
No events

Classes redefined (0 events):
No events

Internal exceptions (20 events):
Event: 6.927 Thread 0x0000018eaa1053b0 Exception <a 'java/lang/NoSuchMethodError'{0x00000000934bf798}: 'java.lang.Object java.lang.invoke.DirectMethodHandle$Holder.newInvokeSpecial(java.lang.Object, java.lang.Object, int, int)'> (0x00000000934bf798) 
thrown [s\src\hotspot\share\interpreter\linkResolver.cpp, line 784]
Event: 6.927 Thread 0x0000018eaa1053b0 Exception <a 'java/lang/NoSuchMethodError'{0x00000000934c3a20}: 'java.lang.Object java.lang.invoke.DirectMethodHandle$Holder.invokeSpecial(java.lang.Object, java.lang.Object, java.lang.Object, int, int)'> (0x00000000934c3a20) 
thrown [s\src\hotspot\share\interpreter\linkResolver.cpp, line 784]
Event: 6.927 Thread 0x0000018eaa1053b0 Exception <a 'java/lang/NoSuchMethodError'{0x00000000934c7640}: 'java.lang.Object java.lang.invoke.Invokers$Holder.linkToTargetMethod(java.lang.Object, int, int, java.lang.Object)'> (0x00000000934c7640) 
thrown [s\src\hotspot\share\interpreter\linkResolver.cpp, line 784]
Event: 7.702 Thread 0x0000018eaa1053b0 Exception <a 'java/lang/NoSuchMethodError'{0x0000000093f40ec8}: 'java.lang.Object java.lang.invoke.DirectMethodHandle$Holder.invokeStatic(java.lang.Object, java.lang.Object, int, java.lang.Object, java.lang.Object)'> (0x0000000093f40ec8) 
thrown [s\src\hotspot\share\interpreter\linkResolver.cpp, line 784]
Event: 7.703 Thread 0x0000018eaa1053b0 Exception <a 'java/lang/NoSuchMethodError'{0x0000000093f48690}: 'java.lang.Object java.lang.invoke.DirectMethodHandle$Holder.newInvokeSpecial(java.lang.Object, java.lang.Object, int, java.lang.Object, java.lang.Object)'> (0x0000000093f48690) 
thrown [s\src\hotspot\share\interpreter\linkResolver.cpp, line 784]
Event: 7.704 Thread 0x0000018eaa1053b0 Exception <a 'java/lang/NoSuchMethodError'{0x0000000093f4cc40}: 'java.lang.Object java.lang.invoke.DirectMethodHandle$Holder.invokeSpecial(java.lang.Object, java.lang.Object, java.lang.Object, int, java.lang.Object, java.lang.Object)'> (0x0000000093f4cc40) 
thrown [s\src\hotspot\share\interpreter\linkResolver.cpp, line 784]
Event: 7.704 Thread 0x0000018eaa1053b0 Exception <a 'java/lang/NoSuchMethodError'{0x0000000093f50738}: 'java.lang.Object java.lang.invoke.Invokers$Holder.linkToTargetMethod(java.lang.Object, int, java.lang.Object, java.lang.Object, java.lang.Object)'> (0x0000000093f50738) 
thrown [s\src\hotspot\share\interpreter\linkResolver.cpp, line 784]
Event: 8.403 Thread 0x0000018eaa1053b0 Exception <a 'java/lang/NoSuchMethodError'{0x000000009266cdf8}: 'java.lang.Object java.lang.invoke.DirectMethodHandle$Holder.invokeStatic(java.lang.Object, java.lang.Object, java.lang.Object, java.lang.Object, java.lang.Object, java.lang.Object, int, java.lang.Object)'> (0x000000009266cdf8) 
thrown [s\src\hotspot\share\interpreter\linkResolver.cpp, line 784]
Event: 8.405 Thread 0x0000018eaa1053b0 Exception <a 'java/lang/NoSuchMethodError'{0x0000000092677118}: 'java.lang.Object java.lang.invoke.DirectMethodHandle$Holder.newInvokeSpecial(java.lang.Object, java.lang.Object, java.lang.Object, java.lang.Object, java.lang.Object, java.lang.Object, int)'> (0x0000000092677118) 
thrown [s\src\hotspot\share\interpreter\linkResolver.cpp, line 784]
Event: 8.406 Thread 0x0000018eaa1053b0 Exception <a 'java/lang/NoSuchMethodError'{0x000000009267b868}: 'java.lang.Object java.lang.invoke.DirectMethodHandle$Holder.invokeSpecial(java.lang.Object, java.lang.Object, java.lang.Object, java.lang.Object, java.lang.Object, java.lang.Object, java.lang.Object, int)'> (0x000000009267b868) 
thrown [s\src\hotspot\share\interpreter\linkResolver.cpp, line 784]
Event: 8.406 Thread 0x0000018eaa1053b0 Exception <a 'java/lang/NoSuchMethodError'{0x000000009267f970}: 'java.lang.Object java.lang.invoke.Invokers$Holder.linkToTargetMethod(java.lang.Object, java.lang.Object, java.lang.Object, java.lang.Object, java.lang.Object, int, java.lang.Object)'> (0x000000009267f970) 
thrown [s\src\hotspot\share\interpreter\linkResolver.cpp, line 784]
Event: 8.726 Thread 0x0000018eaa1053b0 Exception <a 'java/lang/NoSuchMethodError'{0x0000000091c5c578}: 'java.lang.Object java.lang.invoke.DirectMethodHandle$Holder.invokeStatic(java.lang.Object, java.lang.Object, java.lang.Object, java.lang.Object, java.lang.Object, int, java.lang.Object, java.lang.Object)'> (0x0000000091c5c578) 
thrown [s\src\hotspot\share\interpreter\linkResolver.cpp, line 784]
Event: 8.815 Thread 0x0000018eaa1053b0 Exception <a 'java/lang/NoSuchMethodError'{0x0000000091a0d1b0}: 'java.lang.Object java.lang.invoke.DirectMethodHandle$Holder.newInvokeSpecial(java.lang.Object, int, java.lang.Object, java.lang.Object, java.lang.Object)'> (0x0000000091a0d1b0) 
thrown [s\src\hotspot\share\interpreter\linkResolver.cpp, line 784]
Event: 8.819 Thread 0x0000018eaa1053b0 Exception <a 'java/lang/NoSuchMethodError'{0x0000000091a116b0}: 'java.lang.Object java.lang.invoke.DirectMethodHandle$Holder.invokeSpecial(java.lang.Object, java.lang.Object, int, java.lang.Object, java.lang.Object, java.lang.Object)'> (0x0000000091a116b0) 
thrown [s\src\hotspot\share\interpreter\linkResolver.cpp, line 784]
Event: 8.819 Thread 0x0000018eaa1053b0 Exception <a 'java/lang/NoSuchMethodError'{0x0000000091a15490}: 'java.lang.Object java.lang.invoke.Invokers$Holder.linkToTargetMethod(int, java.lang.Object, java.lang.Object, java.lang.Object, java.lang.Object)'> (0x0000000091a15490) 
thrown [s\src\hotspot\share\interpreter\linkResolver.cpp, line 784]
Event: 9.077 Thread 0x0000018eaa1053b0 Exception <a 'java/lang/NoSuchMethodError'{0x000000009413f520}: 'java.lang.Object java.lang.invoke.DirectMethodHandle$Holder.newInvokeSpecial(java.lang.Object, int, java.lang.Object, int)'> (0x000000009413f520) 
thrown [s\src\hotspot\share\interpreter\linkResolver.cpp, line 784]
Event: 9.388 Thread 0x0000018eaa1053b0 Implicit null exception at 0x0000018eb65cd636 to 0x0000018eb65cd884
Event: 9.937 Thread 0x0000018eaa1053b0 Exception <a 'java/lang/NoSuchMethodError'{0x000000009240b578}: 'java.lang.Object java.lang.invoke.DirectMethodHandle$Holder.newInvokeSpecial(java.lang.Object, java.lang.Object, int, java.lang.Object)'> (0x000000009240b578) 
thrown [s\src\hotspot\share\interpreter\linkResolver.cpp, line 784]
Event: 9.937 Thread 0x0000018eaa1053b0 Exception <a 'java/lang/NoSuchMethodError'{0x000000009240f488}: 'java.lang.Object java.lang.invoke.DirectMethodHandle$Holder.invokeSpecial(java.lang.Object, java.lang.Object, java.lang.Object, int, java.lang.Object)'> (0x000000009240f488) 
thrown [s\src\hotspot\share\interpreter\linkResolver.cpp, line 784]
Event: 9.938 Thread 0x0000018eaa1053b0 Exception <a 'java/lang/NoSuchMethodError'{0x0000000092412e58}: 'java.lang.Object java.lang.invoke.Invokers$Holder.linkToTargetMethod(java.lang.Object, int, java.lang.Object, java.lang.Object)'> (0x0000000092412e58) 
thrown [s\src\hotspot\share\interpreter\linkResolver.cpp, line 784]

ZGC Phase Switch (0 events):
No events

VM Operations (20 events):
Event: 9.221 Executing VM operation: ICBufferFull
Event: 9.221 Executing VM operation: ICBufferFull done
Event: 9.285 Executing VM operation: HandshakeAllThreads (Deoptimize)
Event: 9.285 Executing VM operation: HandshakeAllThreads (Deoptimize) done
Event: 9.386 Executing VM operation: ICBufferFull
Event: 9.386 Executing VM operation: ICBufferFull done
Event: 9.449 Executing VM operation: HandshakeAllThreads (Deoptimize)
Event: 9.449 Executing VM operation: HandshakeAllThreads (Deoptimize) done
Event: 9.456 Executing VM operation: HandshakeAllThreads (Deoptimize)
Event: 9.456 Executing VM operation: HandshakeAllThreads (Deoptimize) done
Event: 9.534 Executing VM operation: HandshakeAllThreads (Deoptimize)
Event: 9.534 Executing VM operation: HandshakeAllThreads (Deoptimize) done
Event: 9.602 Executing VM operation: ICBufferFull
Event: 9.602 Executing VM operation: ICBufferFull done
Event: 9.844 Executing VM operation: ICBufferFull
Event: 9.844 Executing VM operation: ICBufferFull done
Event: 9.954 Executing VM operation: HandshakeAllThreads (Deoptimize)
Event: 9.954 Executing VM operation: HandshakeAllThreads (Deoptimize) done
Event: 10.053 Executing VM operation: ICBufferFull
Event: 10.053 Executing VM operation: ICBufferFull done

Memory protections (0 events):
No events

Nmethod flushes (20 events):
Event: 4.582 Thread 0x0000018ec3427d20 flushing  nmethod 0x0000018eaec95490
Event: 4.582 Thread 0x0000018ec3427d20 flushing  nmethod 0x0000018eaeca2310
Event: 4.582 Thread 0x0000018ec3427d20 flushing  nmethod 0x0000018eaecf3a90
Event: 4.582 Thread 0x0000018ec3427d20 flushing  nmethod 0x0000018eaed09f90
Event: 4.582 Thread 0x0000018ec3427d20 flushing  nmethod 0x0000018eaed60010
Event: 4.582 Thread 0x0000018ec3427d20 flushing  nmethod 0x0000018eaed61790
Event: 4.582 Thread 0x0000018ec3427d20 flushing  nmethod 0x0000018eaed76b90
Event: 4.582 Thread 0x0000018ec3427d20 flushing  nmethod 0x0000018eaedee610
Event: 4.582 Thread 0x0000018ec3427d20 flushing  nmethod 0x0000018eaedeed10
Event: 4.582 Thread 0x0000018ec3427d20 flushing  nmethod 0x0000018eaedf1390
Event: 4.582 Thread 0x0000018ec3427d20 flushing  nmethod 0x0000018eaedf3090
Event: 4.582 Thread 0x0000018ec3427d20 flushing  nmethod 0x0000018eaedf4290
Event: 4.582 Thread 0x0000018ec3427d20 flushing  nmethod 0x0000018eaee0ee10
Event: 4.582 Thread 0x0000018ec3427d20 flushing  nmethod 0x0000018eaee0f890
Event: 4.582 Thread 0x0000018ec3427d20 flushing  nmethod 0x0000018eaee2ba90
Event: 4.582 Thread 0x0000018ec3427d20 flushing  nmethod 0x0000018eaee3d390
Event: 4.582 Thread 0x0000018ec3427d20 flushing  nmethod 0x0000018eaeeedc90
Event: 4.582 Thread 0x0000018ec3427d20 flushing  nmethod 0x0000018eaef00b10
Event: 4.582 Thread 0x0000018ec3427d20 flushing  nmethod 0x0000018eaef7a990
Event: 4.582 Thread 0x0000018ec3427d20 flushing  nmethod 0x0000018eaf031990

Events (20 events):
Event: 0.086 Thread 0x0000018eaa1053b0 Thread added: 0x0000018ec35e36c0
Event: 0.086 Thread 0x0000018eaa1053b0 Thread added: 0x0000018ec35dea70
Event: 0.086 Thread 0x0000018eaa1053b0 Thread added: 0x0000018ec35fbea0
Event: 0.086 Thread 0x0000018eaa1053b0 Thread added: 0x0000018ec35fc8f0
Event: 0.087 Thread 0x0000018eaa1053b0 Thread added: 0x0000018ec3611430
Event: 0.087 Thread 0x0000018eaa1053b0 Thread added: 0x0000018ec3613ae0
Event: 0.133 Thread 0x0000018eaa1053b0 Thread added: 0x0000018ec3792b00
Event: 0.138 Thread 0x0000018eaa1053b0 Thread added: 0x0000018ec3799f60
Event: 0.148 Loaded shared library C:\Program Files\Android\Android Studio\jbr\bin\net.dll
Event: 0.150 Loaded shared library C:\Program Files\Android\Android Studio\jbr\bin\nio.dll
Event: 0.168 Thread 0x0000018ec3611430 Thread added: 0x0000018ec3811c30
Event: 0.168 Thread 0x0000018ec3611430 Thread added: 0x0000018ec380a4c0
Event: 0.179 Loaded shared library C:\Program Files\Android\Android Studio\jbr\bin\zip.dll
Event: 0.214 Loaded shared library C:\Program Files\Android\Android Studio\jbr\bin\jimage.dll
Event: 1.570 Thread 0x0000018ec380a4c0 Thread exited: 0x0000018ec380a4c0
Event: 2.729 Thread 0x0000018ec3613ae0 Thread added: 0x0000018ecc01d8a0
Event: 6.817 Thread 0x0000018ecc01d8a0 Thread exited: 0x0000018ecc01d8a0
Event: 6.863 Thread 0x0000018ec3811c30 Thread exited: 0x0000018ec3811c30
Event: 7.158 Thread 0x0000018ec3613ae0 Thread added: 0x0000018ec9662eb0
Event: 7.319 Thread 0x0000018ec3613ae0 Thread added: 0x0000018ece9f6300


Dynamic libraries:
0x00007ff6280d0000 - 0x00007ff6280da000 	C:\Program Files\Android\Android Studio\jbr\bin\java.exe
0x00007ffd2dd50000 - 0x00007ffd2df67000 	C:\WINDOWS\SYSTEM32\ntdll.dll
0x00007ffce0f70000 - 0x00007ffce0f8a000 	C:\Program Files\AVG\Antivirus\aswhook.dll
0x00007ffd2c970000 - 0x00007ffd2ca34000 	C:\WINDOWS\System32\KERNEL32.DLL
0x00007ffd2b3f0000 - 0x00007ffd2b7c0000 	C:\WINDOWS\System32\KERNELBASE.dll
0x00007ffd2b0b0000 - 0x00007ffd2b1c1000 	C:\WINDOWS\System32\ucrtbase.dll
0x00007ffd13740000 - 0x00007ffd13758000 	C:\Program Files\Android\Android Studio\jbr\bin\jli.dll
0x00007ffd26ec0000 - 0x00007ffd26edb000 	C:\Program Files\Android\Android Studio\jbr\bin\VCRUNTIME140.dll
0x00007ffd2bdc0000 - 0x00007ffd2bf6e000 	C:\WINDOWS\System32\USER32.dll
0x00007ffd07910000 - 0x00007ffd07ba2000 	C:\WINDOWS\WinSxS\amd64_microsoft.windows.common-controls_6595b64144ccf1df_6.0.22621.4830_none_270fe7d773858e80\COMCTL32.dll
0x00007ffd2b000000 - 0x00007ffd2b026000 	C:\WINDOWS\System32\win32u.dll
0x00007ffd2c030000 - 0x00007ffd2c0d7000 	C:\WINDOWS\System32\msvcrt.dll
0x00007ffd2bf70000 - 0x00007ffd2bf99000 	C:\WINDOWS\System32\GDI32.dll
0x00007ffd2b7c0000 - 0x00007ffd2b8db000 	C:\WINDOWS\System32\gdi32full.dll
0x00007ffd2b9a0000 - 0x00007ffd2ba3a000 	C:\WINDOWS\System32\msvcp_win.dll
0x00007ffd2d960000 - 0x00007ffd2d991000 	C:\WINDOWS\System32\IMM32.DLL
0x00007ffd27c50000 - 0x00007ffd27c5c000 	C:\Program Files\Android\Android Studio\jbr\bin\vcruntime140_1.dll
0x00007ffcd2190000 - 0x00007ffcd221d000 	C:\Program Files\Android\Android Studio\jbr\bin\msvcp140.dll
0x00007ffcb2ce0000 - 0x00007ffcb396a000 	C:\Program Files\Android\Android Studio\jbr\bin\server\jvm.dll
0x00007ffd2d9b0000 - 0x00007ffd2da61000 	C:\WINDOWS\System32\ADVAPI32.dll
0x00007ffd2d3f0000 - 0x00007ffd2d497000 	C:\WINDOWS\System32\sechost.dll
0x00007ffd2b3c0000 - 0x00007ffd2b3e8000 	C:\WINDOWS\System32\bcrypt.dll
0x00007ffd2c0e0000 - 0x00007ffd2c1f4000 	C:\WINDOWS\System32\RPCRT4.dll
0x00007ffd2db30000 - 0x00007ffd2dba1000 	C:\WINDOWS\System32\WS2_32.dll
0x00007ffd2ad20000 - 0x00007ffd2ad6d000 	C:\WINDOWS\SYSTEM32\POWRPROF.dll
0x00007ffd26c90000 - 0x00007ffd26cc4000 	C:\WINDOWS\SYSTEM32\WINMM.dll
0x00007ffd237c0000 - 0x00007ffd237ca000 	C:\WINDOWS\SYSTEM32\VERSION.dll
0x00007ffd2ad00000 - 0x00007ffd2ad13000 	C:\WINDOWS\SYSTEM32\UMPDC.dll
0x00007ffd2a040000 - 0x00007ffd2a058000 	C:\WINDOWS\SYSTEM32\kernel.appcore.dll
0x00007ffd27c20000 - 0x00007ffd27c2a000 	C:\Program Files\Android\Android Studio\jbr\bin\jimage.dll
0x00007ffd25db0000 - 0x00007ffd25fe2000 	C:\WINDOWS\SYSTEM32\DBGHELP.DLL
0x00007ffd2d4f0000 - 0x00007ffd2d880000 	C:\WINDOWS\System32\combase.dll
0x00007ffd2d880000 - 0x00007ffd2d957000 	C:\WINDOWS\System32\OLEAUT32.dll
0x00007ffd20ee0000 - 0x00007ffd20f12000 	C:\WINDOWS\SYSTEM32\dbgcore.DLL
0x00007ffd2b1d0000 - 0x00007ffd2b24b000 	C:\WINDOWS\System32\bcryptPrimitives.dll
0x00007ffd26e40000 - 0x00007ffd26e60000 	C:\Program Files\Android\Android Studio\jbr\bin\java.dll
0x00007ffd23dd0000 - 0x00007ffd23de8000 	C:\Program Files\Android\Android Studio\jbr\bin\zip.dll
0x00007ffd2cb70000 - 0x00007ffd2d3e8000 	C:\WINDOWS\System32\SHELL32.dll
0x00007ffd28f50000 - 0x00007ffd29860000 	C:\WINDOWS\SYSTEM32\windows.storage.dll
0x00007ffd28e10000 - 0x00007ffd28f4f000 	C:\WINDOWS\SYSTEM32\wintypes.dll
0x00007ffd2dbd0000 - 0x00007ffd2dcda000 	C:\WINDOWS\System32\SHCORE.dll
0x00007ffd2da70000 - 0x00007ffd2dace000 	C:\WINDOWS\System32\shlwapi.dll
0x00007ffd2af30000 - 0x00007ffd2af5b000 	C:\WINDOWS\SYSTEM32\profapi.dll
0x00007ffd26f30000 - 0x00007ffd26f40000 	C:\Program Files\Android\Android Studio\jbr\bin\net.dll
0x00007ffd27fa0000 - 0x00007ffd280cc000 	C:\WINDOWS\SYSTEM32\WINHTTP.dll
0x00007ffd2a4c0000 - 0x00007ffd2a52a000 	C:\WINDOWS\system32\mswsock.dll
0x00007ffd158f0000 - 0x00007ffd15906000 	C:\Program Files\Android\Android Studio\jbr\bin\nio.dll
0x00007ffd135a0000 - 0x00007ffd135b0000 	C:\Program Files\Android\Android Studio\jbr\bin\verify.dll

dbghelp: loaded successfully - version: 4.0.5 - missing functions: none
symbol engine: initialized successfully - sym options: 0x614 - pdb path: .;C:\Program Files\Android\Android Studio\jbr\bin;C:\WINDOWS\SYSTEM32;C:\Program Files\AVG\Antivirus;C:\WINDOWS\WinSxS\amd64_microsoft.windows.common-controls_6595b64144ccf1df_6.0.22621.4830_none_270fe7d773858e80;C:\Program Files\Android\Android Studio\jbr\bin\server

VM Arguments:
java_command: org.jetbrains.kotlin.cli.jvm.K2JVMCompiler @C:\Users\Magdalena\TwitterSearch\app\build\20250302_9060245828184070041.compiler.options
java_class_path (initial): C:\Users\Magdalena\.gradle\caches\modules-2\files-2.1\org.jetbrains.kotlin\kotlin-compiler-embeddable\2.0.0\1de310de3446414381282ffc46c3ed3919a4d1da\kotlin-compiler-embeddable-2.0.0.jar;C:\Users\Magdalena\.gradle\caches\modules-2\files-2.1\org.jetbrains.kotlin\kotlin-stdlib\2.0.0\b48df2c4aede9586cc931ead433bc02d6fd7879e\kotlin-stdlib-2.0.0.jar;C:\Users\Magdalena\.gradle\caches\modules-2\files-2.1\org.jetbrains.kotlin\kotlin-script-runtime\2.0.0\fdc27dd047d592fa41d2dfa21e7621287a361612\kotlin-script-runtime-2.0.0.jar;C:\Users\Magdalena\.gradle\caches\modules-2\files-2.1\org.jetbrains.kotlin\kotlin-reflect\1.6.10\1cbe9c92c12a94eea200d23c2bbaedaf3daf5132\kotlin-reflect-1.6.10.jar;C:\Users\Magdalena\.gradle\caches\modules-2\files-2.1\org.jetbrains.kotlin\kotlin-daemon-embeddable\2.0.0\b39c612768614c4428c96ee9c65477181fffe9d\kotlin-daemon-embeddable-2.0.0.jar;C:\Users\Magdalena\.gradle\caches\modules-2\files-2.1\org.jetbrains.intellij.deps\trove4j\1.0.20200330\3afb14d5f9ceb459d724e907a21145e8ff394f02\trove4j-1.0.20200330.jar;C:\Users\Magdalena\.gradle\caches\modules-2\files-2.1\org.jetbrains\annotations\13.0\919f0dfe192fb4e063e7dacadee7f8bb9a2672a9\annotations-13.0.jar
Launcher Type: SUN_STANDARD

[Global flags]
     intx CICompilerCount                          = 4                                         {product} {ergonomic}
     uint ConcGCThreads                            = 2                                         {product} {ergonomic}
     uint G1ConcRefinementThreads                  = 8                                         {product} {ergonomic}
   size_t G1HeapRegionSize                         = 1048576                                   {product} {ergonomic}
    uintx GCDrainStackTargetSize                   = 64                                        {product} {ergonomic}
   size_t InitialHeapSize                          = 123731968                                 {product} {ergonomic}
   size_t MarkStackSize                            = 4194304                                   {product} {ergonomic}
   size_t MaxHeapSize                              = 1967128576                                {product} {ergonomic}
   size_t MaxNewSize                               = 1179648000                                {product} {ergonomic}
   size_t MinHeapDeltaBytes                        = 1048576                                   {product} {ergonomic}
   size_t MinHeapSize                              = 8388608                                   {product} {ergonomic}
    uintx NonNMethodCodeHeapSize                   = 5839372                                {pd product} {ergonomic}
    uintx NonProfiledCodeHeapSize                  = 122909434                              {pd product} {ergonomic}
    uintx ProfiledCodeHeapSize                     = 122909434                              {pd product} {ergonomic}
    uintx ReservedCodeCacheSize                    = 251658240                              {pd product} {ergonomic}
     bool SegmentedCodeCache                       = true                                      {product} {ergonomic}
   size_t SoftMaxHeapSize                          = 1967128576                             {manageable} {ergonomic}
     bool UseCompressedOops                        = true                           {product lp64_product} {ergonomic}
     bool UseG1GC                                  = true                                      {product} {ergonomic}
     bool UseLargePagesIndividualAllocation        = false                                  {pd product} {ergonomic}

Logging:
Log output configuration:
 #0: stdout all=warning uptime,level,tags foldmultilines=false
 #1: stderr all=off uptime,level,tags foldmultilines=false

Environment Variables:
PATH=C:\Program Files\Microsoft\jdk-11.0.16.101-hotspot\bin;C:\Program Files (x86)\NVIDIA Corporation\PhysX\Common;C:\Program Files\Common Files\Oracle\Java\javapath;C:\Program Files (x86)\Common Files\Oracle\Java\javapath;C:\Windows\system32;C:\Windows;C:\Windows\System32\Wbem;C:\Windows\System32\WindowsPowerShell\v1.0\;C:\Windows\System32\OpenSSH\;C:\WINDOWS\system32;C:\WINDOWS;C:\WINDOWS\System32\Wbem;C:\WINDOWS\System32\WindowsPowerShell\v1.0\;C:\WINDOWS\System32\OpenSSH\;C:\Program Files\Microsoft SQL Server\Client SDK\ODBC\110\Tools\Binn\;C:\Program Files (x86)\Windows Kits\8.1\Windows Performance Toolkit\;C:\Program Files\Git\cmd;C:\Program Files\Microsoft SQL Server\Client SDK\ODBC\170\Tools\Binn\;C:\Program Files\dotnet\;C:\Program Files (x86)\Microsoft SQL Server\160\Tools\Binn\;C:\Program Files\Microsoft SQL Server\160\Tools\Binn\;C:\Program Files\Microsoft SQL Server\160\DTS\Binn\;C:\Program Files (x86)\Microsoft SQL Server\160\DTS\Binn\;C:\Program Files\Microsoft SQL Server\150\Tools\Binn\;C:\Program Files\nodejs\;C:\Users\Magdalena\AppData\Local\Microsoft\WindowsApps;C:\Users\Magdalena\flutter\flutter\bin;C:\Program Files\PostgreSQL\15\bin;C:\Program Files\Java\jdk-17\bin;C:\Program Files\Java\jdk-17;C:\Program Files\Azure Data Studio\bin;C:\Users\Magdalena\.dotnet\tools;C:\Program Files\MongoDB\mongosh-2.1.5-win32-x64\bin;C:\Users\Magdalena\AppData\Local\Programs\Microsoft VS Code\bin;C:\Users\Magdalena\AppData\Roaming\npm
USERNAME=Magdalena
OS=Windows_NT
PROCESSOR_IDENTIFIER=AMD64 Family 23 Model 104 Stepping 1, AuthenticAMD
TMP=C:\Users\MAGDAL~1\AppData\Local\Temp
TEMP=C:\Users\MAGDAL~1\AppData\Local\Temp




Periodic native trim disabled

JNI global refs:
JNI global refs: 13, weak refs: 2

JNI global refs memory usage: 835, weak refs: 833

Process memory usage:
Resident Set Size: 403896K (5% of 7682180K total physical memory with 705128K free physical memory)

OOME stack traces (most recent first):
Classloader memory used:
Loader jdk.internal.loader.ClassLoaders$AppClassLoader                                 : 62420K
Loader bootstrap                                                                       : 11676K
Loader java.net.URLClassLoader                                                         : 2132K

---------------  S Y S T E M  ---------------

OS:
 Windows 11 , 64 bit Build 22621 (10.0.22621.4830)
OS uptime: 2 days 9:24 hours

CPU: total 8 (initial active 8) (8 cores per cpu, 2 threads per core) family 23 model 104 stepping 1 microcode 0x0, cx8, cmov, fxsr, ht, mmx, 3dnowpref, sse, sse2, sse3, ssse3, sse4a, sse4.1, sse4.2, popcnt, lzcnt, tsc, tscinvbit, avx, avx2, aes, clmul, bmi1, bmi2, adx, sha, fma, vzeroupper, clflush, clflushopt, rdtscp, rdpid, f16c
Processor Information for all 8 processors :
  Max Mhz: 2600, Current Mhz: 2600, Mhz Limit: 2600

Memory: 4k page, system-wide physical 7502M (688M free)
TotalPageFile size 15102M (AvailPageFile size 9M)
current process WorkingSet (physical memory assigned to process): 394M, peak: 397M
current process commit charge ("private bytes"): 425M, peak: 427M

vm_info: OpenJDK 64-Bit Server VM (21.0.5+-13047016-b750.29) for windows-amd64 JRE (21.0.5+-13047016-b750.29), built on 2025-02-11T21:12:39Z by "builder" with MS VC++ 16.10 / 16.11 (VS2019)

END.
