#
# There is insufficient memory for the Java Runtime Environment to continue.
# Native memory allocation (malloc) failed to allocate 1138560 bytes. Error detail: Chunk::new
# Possible reasons:
#   The system is out of physical RAM or swap space
#   This process is running with CompressedOops enabled, and the Java Heap may be blocking the growth of the native heap
# Possible solutions:
#   Reduce memory load on the system
#   Increase physical memory or swap space
#   Check if swap backing store is full
#   Decrease Java heap size (-Xmx/-Xms)
#   Decrease number of Java threads
#   Decrease Java thread stack sizes (-Xss)
#   Set larger code cache with -XX:ReservedCodeCacheSize=
#   JVM is running with Unscaled Compressed Oops mode in which the Java heap is
#     placed in the first 4GB address space. The Java Heap base address is the
#     maximum limit for the native heap growth. Please use -XX:HeapBaseMinAddress
#     to set the Java Heap base and to place the Java Heap above 4GB virtual address.
# This output file may be truncated or incomplete.
#
#  Out of Memory Error (arena.cpp:168), pid=7332, tid=24428
#
# JRE version: OpenJDK Runtime Environment (21.0.5) (build 21.0.5+-13047016-b750.29)
# Java VM: OpenJDK 64-Bit Server VM (21.0.5+-13047016-b750.29, mixed mode, tiered, compressed oops, compressed class ptrs, g1 gc, windows-amd64)
# No core dump will be written. Minidumps are not enabled by default on client versions of Windows
#

---------------  S U M M A R Y ------------

Command Line: org.jetbrains.kotlin.cli.jvm.K2JVMCompiler @C:\Users\Magdalena\TwitterSearch\app\build\20250302_4347203228740764087.compiler.options

Host: AMD Ryzen 3 5300U with Radeon Graphics         , 8 cores, 7G,  Windows 11 , 64 bit Build 22621 (10.0.22621.4830)
Time: Sun Mar  2 21:18:27 2025 Central European Standard Time elapsed time: 6.740287 seconds (0d 0h 0m 6s)

---------------  T H R E A D  ---------------

Current thread (0x000001d1b107acb0):  JavaThread "C2 CompilerThread0" daemon [_thread_in_native, id=24428, stack(0x0000009739800000,0x0000009739900000) (1024K)]


Current CompileTask:
C2:6740 5547       4       org.jetbrains.kotlin.fir.declarations.DeprecationUtilsKt::extractDeprecationAnnotationInfoPerUseSite (1240 bytes)

Stack: [0x0000009739800000,0x0000009739900000]
Native frames: (J=compiled Java code, j=interpreted, Vv=VM code, C=native code)
V  [jvm.dll+0x6cfb29]
V  [jvm.dll+0x85df93]
V  [jvm.dll+0x8604ee]
V  [jvm.dll+0x860bd3]
V  [jvm.dll+0x27e6b6]
V  [jvm.dll+0xbff6d]
V  [jvm.dll+0xc04a3]
V  [jvm.dll+0x3b5ffb]
V  [jvm.dll+0x1de852]
V  [jvm.dll+0x247db4]
V  [jvm.dll+0x247231]
V  [jvm.dll+0x1c5ee4]
V  [jvm.dll+0x25697c]
V  [jvm.dll+0x254ec6]
V  [jvm.dll+0x3f0ce6]
V  [jvm.dll+0x806368]
V  [jvm.dll+0x6ce3fd]
C  [ucrtbase.dll+0x29333]
C  [KERNEL32.DLL+0x1259d]
C  [ntdll.dll+0x5af38]


---------------  P R O C E S S  ---------------

Threads class SMR info:
_java_thread_list=0x000001d1b3b69210, length=12, elements={
0x000001d195825710, 0x000001d1b105c510, 0x000001d1b105d220, 0x000001d1b1060950,
0x000001d1b10613a0, 0x000001d1b10744c0, 0x000001d1b1075f20, 0x000001d1b107acb0,
0x000001d1b107b740, 0x000001d1b122a560, 0x000001d1b1233a00, 0x000001d1b2772e00
}

Java Threads: ( => current thread )
  0x000001d195825710 JavaThread "main"                              [_thread_in_Java, id=20516, stack(0x0000009738a00000,0x0000009738b00000) (1024K)]
  0x000001d1b105c510 JavaThread "Reference Handler"          daemon [_thread_blocked, id=18988, stack(0x0000009739200000,0x0000009739300000) (1024K)]
  0x000001d1b105d220 JavaThread "Finalizer"                  daemon [_thread_blocked, id=14364, stack(0x0000009739300000,0x0000009739400000) (1024K)]
  0x000001d1b1060950 JavaThread "Signal Dispatcher"          daemon [_thread_blocked, id=13572, stack(0x0000009739400000,0x0000009739500000) (1024K)]
  0x000001d1b10613a0 JavaThread "Attach Listener"            daemon [_thread_blocked, id=14688, stack(0x0000009739500000,0x0000009739600000) (1024K)]
  0x000001d1b10744c0 JavaThread "Service Thread"             daemon [_thread_blocked, id=5092, stack(0x0000009739600000,0x0000009739700000) (1024K)]
  0x000001d1b1075f20 JavaThread "Monitor Deflation Thread"   daemon [_thread_blocked, id=712, stack(0x0000009739700000,0x0000009739800000) (1024K)]
=>0x000001d1b107acb0 JavaThread "C2 CompilerThread0"         daemon [_thread_in_native, id=24428, stack(0x0000009739800000,0x0000009739900000) (1024K)]
  0x000001d1b107b740 JavaThread "C1 CompilerThread0"         daemon [_thread_in_native, id=8188, stack(0x0000009739900000,0x0000009739a00000) (1024K)]
  0x000001d1b122a560 JavaThread "Notification Thread"        daemon [_thread_blocked, id=21896, stack(0x0000009739a00000,0x0000009739b00000) (1024K)]
  0x000001d1b1233a00 JavaThread "Common-Cleaner"             daemon [_thread_blocked, id=19976, stack(0x0000009739b00000,0x0000009739c00000) (1024K)]
  0x000001d1b2772e00 JavaThread "C2 CompilerThread1"         daemon [_thread_in_native, id=23216, stack(0x0000009739c00000,0x0000009739d00000) (1024K)]
Total: 12

Other Threads:
  0x000001d1b1008070 VMThread "VM Thread"                           [id=5940, stack(0x0000009739100000,0x0000009739200000) (1024K)]
  0x000001d1acb42a90 WatcherThread "VM Periodic Task Thread"        [id=12932, stack(0x0000009739000000,0x0000009739100000) (1024K)]
  0x000001d1958742e0 WorkerThread "GC Thread#0"                     [id=7416, stack(0x0000009738b00000,0x0000009738c00000) (1024K)]
  0x000001d1b198c0e0 WorkerThread "GC Thread#1"                     [id=4380, stack(0x0000009739d00000,0x0000009739e00000) (1024K)]
  0x000001d1b1987d20 WorkerThread "GC Thread#2"                     [id=11992, stack(0x0000009739e00000,0x0000009739f00000) (1024K)]
  0x000001d1b192c2d0 WorkerThread "GC Thread#3"                     [id=16484, stack(0x0000009739f00000,0x000000973a000000) (1024K)]
  0x000001d1b19a1d50 WorkerThread "GC Thread#4"                     [id=7028, stack(0x000000973a000000,0x000000973a100000) (1024K)]
  0x000001d1b19a4100 WorkerThread "GC Thread#5"                     [id=22704, stack(0x000000973a100000,0x000000973a200000) (1024K)]
  0x000001d1b1e5a530 WorkerThread "GC Thread#6"                     [id=5072, stack(0x000000973a200000,0x000000973a300000) (1024K)]
  0x000001d1b1e5a190 WorkerThread "GC Thread#7"                     [id=2848, stack(0x000000973a300000,0x000000973a400000) (1024K)]
  0x000001d195885ad0 ConcurrentGCThread "G1 Main Marker"            [id=8344, stack(0x0000009738c00000,0x0000009738d00000) (1024K)]
  0x000001d195886d70 WorkerThread "G1 Conc#0"                       [id=2152, stack(0x0000009738d00000,0x0000009738e00000) (1024K)]
  0x000001d1b1e5ac70 WorkerThread "G1 Conc#1"                       [id=12444, stack(0x000000973a400000,0x000000973a500000) (1024K)]
  0x000001d1aca10150 ConcurrentGCThread "G1 Refine#0"               [id=17076, stack(0x0000009738e00000,0x0000009738f00000) (1024K)]
  0x000001d1aca10ad0 ConcurrentGCThread "G1 Service"                [id=16752, stack(0x0000009738f00000,0x0000009739000000) (1024K)]
Total: 15

Threads with active compile tasks:
C2 CompilerThread0  6765 5547       4       org.jetbrains.kotlin.fir.declarations.DeprecationUtilsKt::extractDeprecationAnnotationInfoPerUseSite (1240 bytes)
C1 CompilerThread0  6765 5948       3       org.jetbrains.kotlin.fir.java.scopes.JavaOverrideChecker::forceSingleValueParameterBoxing (148 bytes)
C2 CompilerThread1  6765 5937       4       org.jetbrains.kotlin.name.ClassId::asSingleFqName (60 bytes)
Total: 3

VM state: not at safepoint (normal execution)

VM Mutex/Monitor currently owned by a thread: None

Heap address: 0x000000008ac00000, size: 1876 MB, Compressed Oops mode: 32-bit

CDS archive(s) not mapped
Compressed class space mapped at: 0x0000000100000000-0x0000000140000000, reserved size: 1073741824
Narrow klass base: 0x0000000000000000, Narrow klass shift: 3, Narrow klass range: 0x140000000

GC Precious Log:
 CardTable entry size: 512
 Card Set container configuration: InlinePtr #cards 5 size 8 Array Of Cards #cards 12 size 40 Howl #buckets 4 coarsen threshold 1843 Howl Bitmap #cards 512 size 80 coarsen threshold 460 Card regions per heap region 1 cards per card region 2048
 CPUs: 8 total, 8 available
 Memory: 7502M
 Large Page Support: Disabled
 NUMA Support: Disabled
 Compressed Oops: Enabled (32-bit)
 Heap Region Size: 1M
 Heap Min Capacity: 8M
 Heap Initial Capacity: 118M
 Heap Max Capacity: 1876M
 Pre-touch: Disabled
 Parallel Workers: 8
 Concurrent Workers: 2
 Concurrent Refinement Workers: 8
 Periodic GC: Disabled

Heap:
 garbage-first heap   total 101376K, used 78619K [0x000000008ac00000, 0x0000000100000000)
  region size 1024K, 24 young (24576K), 4 survivors (4096K)
 Metaspace       used 55087K, committed 55424K, reserved 1114112K
  class space    used 6190K, committed 6336K, reserved 1048576K

Heap Regions: E=young(eden), S=young(survivor), O=old, HS=humongous(starts), HC=humongous(continues), CS=collection set, F=free, TAMS=top-at-mark-start, PB=parsable bottom
|   0|0x000000008ac00000, 0x000000008ad00000, 0x000000008ad00000|100%|HS|  |TAMS 0x000000008ac00000| PB 0x000000008ac00000| Complete 
|   1|0x000000008ad00000, 0x000000008ae00000, 0x000000008ae00000|100%|HC|  |TAMS 0x000000008ad00000| PB 0x000000008ad00000| Complete 
|   2|0x000000008ae00000, 0x000000008af00000, 0x000000008af00000|100%|HC|  |TAMS 0x000000008ae00000| PB 0x000000008ae00000| Complete 
|   3|0x000000008af00000, 0x000000008b000000, 0x000000008b000000|100%| O|  |TAMS 0x000000008af00000| PB 0x000000008af00000| Untracked 
|   4|0x000000008b000000, 0x000000008b100000, 0x000000008b100000|100%| O|  |TAMS 0x000000008b000000| PB 0x000000008b000000| Untracked 
|   5|0x000000008b100000, 0x000000008b1e4500, 0x000000008b200000| 89%| O|  |TAMS 0x000000008b100000| PB 0x000000008b100000| Untracked 
|   6|0x000000008b200000, 0x000000008b300000, 0x000000008b300000|100%| O|  |TAMS 0x000000008b200000| PB 0x000000008b200000| Untracked 
|   7|0x000000008b300000, 0x000000008b400000, 0x000000008b400000|100%| O|  |TAMS 0x000000008b300000| PB 0x000000008b300000| Untracked 
|   8|0x000000008b400000, 0x000000008b500000, 0x000000008b500000|100%| O|  |TAMS 0x000000008b400000| PB 0x000000008b400000| Untracked 
|   9|0x000000008b500000, 0x000000008b600000, 0x000000008b600000|100%| O|  |TAMS 0x000000008b500000| PB 0x000000008b500000| Untracked 
|  10|0x000000008b600000, 0x000000008b700000, 0x000000008b700000|100%| O|  |TAMS 0x000000008b600000| PB 0x000000008b600000| Untracked 
|  11|0x000000008b700000, 0x000000008b800000, 0x000000008b800000|100%| O|  |TAMS 0x000000008b700000| PB 0x000000008b700000| Untracked 
|  12|0x000000008b800000, 0x000000008b900000, 0x000000008b900000|100%| O|  |TAMS 0x000000008b800000| PB 0x000000008b800000| Untracked 
|  13|0x000000008b900000, 0x000000008ba00000, 0x000000008ba00000|100%| O|  |TAMS 0x000000008b900000| PB 0x000000008b900000| Untracked 
|  14|0x000000008ba00000, 0x000000008bb00000, 0x000000008bb00000|100%| O|  |TAMS 0x000000008ba00000| PB 0x000000008ba00000| Untracked 
|  15|0x000000008bb00000, 0x000000008bc00000, 0x000000008bc00000|100%| O|  |TAMS 0x000000008bb00000| PB 0x000000008bb00000| Untracked 
|  16|0x000000008bc00000, 0x000000008bd00000, 0x000000008bd00000|100%| O|  |TAMS 0x000000008bc00000| PB 0x000000008bc00000| Untracked 
|  17|0x000000008bd00000, 0x000000008be00000, 0x000000008be00000|100%| O|  |TAMS 0x000000008bd00000| PB 0x000000008bd00000| Untracked 
|  18|0x000000008be00000, 0x000000008bf00000, 0x000000008bf00000|100%| O|  |TAMS 0x000000008be00000| PB 0x000000008be00000| Untracked 
|  19|0x000000008bf00000, 0x000000008c000000, 0x000000008c000000|100%| O|  |TAMS 0x000000008bf00000| PB 0x000000008bf00000| Untracked 
|  20|0x000000008c000000, 0x000000008c100000, 0x000000008c100000|100%| O|  |TAMS 0x000000008c000000| PB 0x000000008c000000| Untracked 
|  21|0x000000008c100000, 0x000000008c200000, 0x000000008c200000|100%| O|  |TAMS 0x000000008c100000| PB 0x000000008c100000| Untracked 
|  22|0x000000008c200000, 0x000000008c300000, 0x000000008c300000|100%| O|  |TAMS 0x000000008c200000| PB 0x000000008c200000| Untracked 
|  23|0x000000008c300000, 0x000000008c400000, 0x000000008c400000|100%| O|  |TAMS 0x000000008c300000| PB 0x000000008c300000| Untracked 
|  24|0x000000008c400000, 0x000000008c500000, 0x000000008c500000|100%| O|Cm|TAMS 0x000000008c400000| PB 0x000000008c400000| Complete 
|  25|0x000000008c500000, 0x000000008c600000, 0x000000008c600000|100%| O|  |TAMS 0x000000008c500000| PB 0x000000008c500000| Untracked 
|  26|0x000000008c600000, 0x000000008c700000, 0x000000008c700000|100%| O|  |TAMS 0x000000008c600000| PB 0x000000008c600000| Untracked 
|  27|0x000000008c700000, 0x000000008c800000, 0x000000008c800000|100%| O|  |TAMS 0x000000008c700000| PB 0x000000008c700000| Untracked 
|  28|0x000000008c800000, 0x000000008c900000, 0x000000008c900000|100%| O|  |TAMS 0x000000008c800000| PB 0x000000008c800000| Untracked 
|  29|0x000000008c900000, 0x000000008ca00000, 0x000000008ca00000|100%| O|  |TAMS 0x000000008c900000| PB 0x000000008c900000| Untracked 
|  30|0x000000008ca00000, 0x000000008ca00000, 0x000000008cb00000|  0%| F|  |TAMS 0x000000008ca00000| PB 0x000000008ca00000| Untracked 
|  31|0x000000008cb00000, 0x000000008cc00000, 0x000000008cc00000|100%| O|  |TAMS 0x000000008cb00000| PB 0x000000008cb00000| Untracked 
|  32|0x000000008cc00000, 0x000000008cd00000, 0x000000008cd00000|100%| O|  |TAMS 0x000000008cc00000| PB 0x000000008cc00000| Untracked 
|  33|0x000000008cd00000, 0x000000008ce00000, 0x000000008ce00000|100%| O|  |TAMS 0x000000008cd00000| PB 0x000000008cd00000| Untracked 
|  34|0x000000008ce00000, 0x000000008cf00000, 0x000000008cf00000|100%| O|  |TAMS 0x000000008ce00000| PB 0x000000008ce00000| Untracked 
|  35|0x000000008cf00000, 0x000000008d000000, 0x000000008d000000|100%| O|  |TAMS 0x000000008cf00000| PB 0x000000008cf00000| Untracked 
|  36|0x000000008d000000, 0x000000008d100000, 0x000000008d100000|100%| O|  |TAMS 0x000000008d000000| PB 0x000000008d000000| Untracked 
|  37|0x000000008d100000, 0x000000008d200000, 0x000000008d200000|100%| O|  |TAMS 0x000000008d100000| PB 0x000000008d100000| Untracked 
|  38|0x000000008d200000, 0x000000008d300000, 0x000000008d300000|100%| O|  |TAMS 0x000000008d200000| PB 0x000000008d200000| Untracked 
|  39|0x000000008d300000, 0x000000008d400000, 0x000000008d400000|100%| O|Cm|TAMS 0x000000008d300000| PB 0x000000008d300000| Complete 
|  40|0x000000008d400000, 0x000000008d500000, 0x000000008d500000|100%| O|  |TAMS 0x000000008d400000| PB 0x000000008d400000| Untracked 
|  41|0x000000008d500000, 0x000000008d600000, 0x000000008d600000|100%| O|  |TAMS 0x000000008d500000| PB 0x000000008d500000| Untracked 
|  42|0x000000008d600000, 0x000000008d700000, 0x000000008d700000|100%| O|  |TAMS 0x000000008d600000| PB 0x000000008d600000| Untracked 
|  43|0x000000008d700000, 0x000000008d800000, 0x000000008d800000|100%| O|  |TAMS 0x000000008d700000| PB 0x000000008d700000| Untracked 
|  44|0x000000008d800000, 0x000000008d900000, 0x000000008d900000|100%| O|  |TAMS 0x000000008d800000| PB 0x000000008d800000| Untracked 
|  45|0x000000008d900000, 0x000000008da00000, 0x000000008da00000|100%| O|  |TAMS 0x000000008d900000| PB 0x000000008d900000| Untracked 
|  46|0x000000008da00000, 0x000000008db00000, 0x000000008db00000|100%| O|  |TAMS 0x000000008da00000| PB 0x000000008da00000| Untracked 
|  47|0x000000008db00000, 0x000000008dc00000, 0x000000008dc00000|100%| O|  |TAMS 0x000000008db00000| PB 0x000000008db00000| Untracked 
|  48|0x000000008dc00000, 0x000000008dd00000, 0x000000008dd00000|100%| O|  |TAMS 0x000000008dc00000| PB 0x000000008dc00000| Untracked 
|  49|0x000000008dd00000, 0x000000008de00000, 0x000000008de00000|100%| O|  |TAMS 0x000000008dd00000| PB 0x000000008dd00000| Untracked 
|  50|0x000000008de00000, 0x000000008df00000, 0x000000008df00000|100%| O|  |TAMS 0x000000008de00000| PB 0x000000008de00000| Untracked 
|  51|0x000000008df00000, 0x000000008e000000, 0x000000008e000000|100%| O|  |TAMS 0x000000008df00000| PB 0x000000008df00000| Untracked 
|  52|0x000000008e000000, 0x000000008e080000, 0x000000008e100000| 50%| O|  |TAMS 0x000000008e000000| PB 0x000000008e000000| Untracked 
|  53|0x000000008e100000, 0x000000008e100000, 0x000000008e200000|  0%| F|  |TAMS 0x000000008e100000| PB 0x000000008e100000| Untracked 
|  54|0x000000008e200000, 0x000000008e200000, 0x000000008e300000|  0%| F|  |TAMS 0x000000008e200000| PB 0x000000008e200000| Untracked 
|  55|0x000000008e300000, 0x000000008e300000, 0x000000008e400000|  0%| F|  |TAMS 0x000000008e300000| PB 0x000000008e300000| Untracked 
|  56|0x000000008e400000, 0x000000008e400000, 0x000000008e500000|  0%| F|  |TAMS 0x000000008e400000| PB 0x000000008e400000| Untracked 
|  57|0x000000008e500000, 0x000000008e500000, 0x000000008e600000|  0%| F|  |TAMS 0x000000008e500000| PB 0x000000008e500000| Untracked 
|  58|0x000000008e600000, 0x000000008e600000, 0x000000008e700000|  0%| F|  |TAMS 0x000000008e600000| PB 0x000000008e600000| Untracked 
|  59|0x000000008e700000, 0x000000008e700000, 0x000000008e800000|  0%| F|  |TAMS 0x000000008e700000| PB 0x000000008e700000| Untracked 
|  60|0x000000008e800000, 0x000000008e800000, 0x000000008e900000|  0%| F|  |TAMS 0x000000008e800000| PB 0x000000008e800000| Untracked 
|  61|0x000000008e900000, 0x000000008e900000, 0x000000008ea00000|  0%| F|  |TAMS 0x000000008e900000| PB 0x000000008e900000| Untracked 
|  62|0x000000008ea00000, 0x000000008ea62a78, 0x000000008eb00000| 38%| S|CS|TAMS 0x000000008ea00000| PB 0x000000008ea00000| Complete 
|  63|0x000000008eb00000, 0x000000008eb00000, 0x000000008ec00000|  0%| F|  |TAMS 0x000000008eb00000| PB 0x000000008eb00000| Untracked 
|  64|0x000000008ec00000, 0x000000008ec00000, 0x000000008ed00000|  0%| F|  |TAMS 0x000000008ec00000| PB 0x000000008ec00000| Untracked 
|  65|0x000000008ed00000, 0x000000008ed00000, 0x000000008ee00000|  0%| F|  |TAMS 0x000000008ed00000| PB 0x000000008ed00000| Untracked 
|  66|0x000000008ee00000, 0x000000008ee00000, 0x000000008ef00000|  0%| F|  |TAMS 0x000000008ee00000| PB 0x000000008ee00000| Untracked 
|  67|0x000000008ef00000, 0x000000008f000000, 0x000000008f000000|100%| S|CS|TAMS 0x000000008ef00000| PB 0x000000008ef00000| Complete 
|  68|0x000000008f000000, 0x000000008f100000, 0x000000008f100000|100%| S|CS|TAMS 0x000000008f000000| PB 0x000000008f000000| Complete 
|  69|0x000000008f100000, 0x000000008f200000, 0x000000008f200000|100%| S|CS|TAMS 0x000000008f100000| PB 0x000000008f100000| Complete 
|  70|0x000000008f200000, 0x000000008f200000, 0x000000008f300000|  0%| F|  |TAMS 0x000000008f200000| PB 0x000000008f200000| Untracked 
|  71|0x000000008f300000, 0x000000008f300000, 0x000000008f400000|  0%| F|  |TAMS 0x000000008f300000| PB 0x000000008f300000| Untracked 
|  72|0x000000008f400000, 0x000000008f400000, 0x000000008f500000|  0%| F|  |TAMS 0x000000008f400000| PB 0x000000008f400000| Untracked 
|  73|0x000000008f500000, 0x000000008f500000, 0x000000008f600000|  0%| F|  |TAMS 0x000000008f500000| PB 0x000000008f500000| Untracked 
|  74|0x000000008f600000, 0x000000008f600000, 0x000000008f700000|  0%| F|  |TAMS 0x000000008f600000| PB 0x000000008f600000| Untracked 
|  75|0x000000008f700000, 0x000000008f700000, 0x000000008f800000|  0%| F|  |TAMS 0x000000008f700000| PB 0x000000008f700000| Untracked 
|  76|0x000000008f800000, 0x000000008f8e0890, 0x000000008f900000| 87%| E|  |TAMS 0x000000008f800000| PB 0x000000008f800000| Complete 
|  77|0x000000008f900000, 0x000000008fa00000, 0x000000008fa00000|100%| E|CS|TAMS 0x000000008f900000| PB 0x000000008f900000| Complete 
|  78|0x000000008fa00000, 0x000000008fb00000, 0x000000008fb00000|100%| E|CS|TAMS 0x000000008fa00000| PB 0x000000008fa00000| Complete 
|  79|0x000000008fb00000, 0x000000008fc00000, 0x000000008fc00000|100%| E|CS|TAMS 0x000000008fb00000| PB 0x000000008fb00000| Complete 
|  80|0x000000008fc00000, 0x000000008fd00000, 0x000000008fd00000|100%| E|CS|TAMS 0x000000008fc00000| PB 0x000000008fc00000| Complete 
|  81|0x000000008fd00000, 0x000000008fe00000, 0x000000008fe00000|100%| E|CS|TAMS 0x000000008fd00000| PB 0x000000008fd00000| Complete 
|  82|0x000000008fe00000, 0x000000008ff00000, 0x000000008ff00000|100%| E|CS|TAMS 0x000000008fe00000| PB 0x000000008fe00000| Complete 
|  83|0x000000008ff00000, 0x0000000090000000, 0x0000000090000000|100%| E|CS|TAMS 0x000000008ff00000| PB 0x000000008ff00000| Complete 
|  84|0x0000000090000000, 0x0000000090100000, 0x0000000090100000|100%| E|CS|TAMS 0x0000000090000000| PB 0x0000000090000000| Complete 
|  85|0x0000000090100000, 0x0000000090200000, 0x0000000090200000|100%| E|CS|TAMS 0x0000000090100000| PB 0x0000000090100000| Complete 
|  86|0x0000000090200000, 0x0000000090300000, 0x0000000090300000|100%| E|CS|TAMS 0x0000000090200000| PB 0x0000000090200000| Complete 
|  87|0x0000000090300000, 0x0000000090400000, 0x0000000090400000|100%| E|CS|TAMS 0x0000000090300000| PB 0x0000000090300000| Complete 
|  88|0x0000000090400000, 0x0000000090500000, 0x0000000090500000|100%| E|CS|TAMS 0x0000000090400000| PB 0x0000000090400000| Complete 
|  89|0x0000000090500000, 0x0000000090600000, 0x0000000090600000|100%| E|CS|TAMS 0x0000000090500000| PB 0x0000000090500000| Complete 
|  90|0x0000000090600000, 0x0000000090700000, 0x0000000090700000|100%| E|CS|TAMS 0x0000000090600000| PB 0x0000000090600000| Complete 
|  91|0x0000000090700000, 0x0000000090800000, 0x0000000090800000|100%| E|CS|TAMS 0x0000000090700000| PB 0x0000000090700000| Complete 
|  92|0x0000000090800000, 0x0000000090900000, 0x0000000090900000|100%| E|CS|TAMS 0x0000000090800000| PB 0x0000000090800000| Complete 
|  97|0x0000000090d00000, 0x0000000090e00000, 0x0000000090e00000|100%| E|CS|TAMS 0x0000000090d00000| PB 0x0000000090d00000| Complete 
| 117|0x0000000092100000, 0x0000000092200000, 0x0000000092200000|100%| E|CS|TAMS 0x0000000092100000| PB 0x0000000092100000| Complete 
|1872|0x00000000ffc00000, 0x00000000ffd00000, 0x00000000ffd00000|100%| E|CS|TAMS 0x00000000ffc00000| PB 0x00000000ffc00000| Complete 
|1873|0x00000000ffd00000, 0x00000000ffe00000, 0x00000000ffe00000|100%| O|  |TAMS 0x00000000ffd00000| PB 0x00000000ffd00000| Untracked 
|1874|0x00000000ffe00000, 0x00000000fff00000, 0x00000000fff00000|100%| O|  |TAMS 0x00000000ffe00000| PB 0x00000000ffe00000| Untracked 
|1875|0x00000000fff00000, 0x0000000100000000, 0x0000000100000000|100%| O|  |TAMS 0x00000000fff00000| PB 0x00000000fff00000| Untracked 

Card table byte_map: [0x000001d1a8050000,0x000001d1a8400000] _byte_map_base: 0x000001d1a7bfa000

Marking Bits: (CMBitMap*) 0x000001d1958751f0
 Bits: [0x000001d1a8400000, 0x000001d1aa150000)

Polling page: 0x000001d1939a0000

Metaspace:

Usage:
  Non-class:     47.75 MB used.
      Class:      6.05 MB used.
       Both:     53.80 MB used.

Virtual space:
  Non-class space:       64.00 MB reserved,      47.94 MB ( 75%) committed,  1 nodes.
      Class space:        1.00 GB reserved,       6.19 MB ( <1%) committed,  1 nodes.
             Both:        1.06 GB reserved,      54.12 MB (  5%) committed. 

Chunk freelists:
   Non-Class:  15.52 MB
       Class:  9.66 MB
        Both:  25.17 MB

MaxMetaspaceSize: unlimited
CompressedClassSpaceSize: 1.00 GB
Initial GC threshold: 21.00 MB
Current GC threshold: 89.62 MB
CDS: off
 - commit_granule_bytes: 65536.
 - commit_granule_words: 8192.
 - virtual_space_node_default_size: 8388608.
 - enlarge_chunks_in_place: 1.
 - use_allocation_guard: 0.


Internal statistics:

num_allocs_failed_limit: 6.
num_arena_births: 288.
num_arena_deaths: 0.
num_vsnodes_births: 2.
num_vsnodes_deaths: 0.
num_space_committed: 865.
num_space_uncommitted: 0.
num_chunks_returned_to_freelist: 6.
num_chunks_taken_from_freelist: 1950.
num_chunk_merges: 6.
num_chunk_splits: 1572.
num_chunks_enlarged: 1412.
num_inconsistent_stats: 0.

CodeHeap 'non-profiled nmethods': size=120000Kb used=2803Kb max_used=2803Kb free=117197Kb
 bounds [0x000001d1a0440000, 0x000001d1a0700000, 0x000001d1a7970000]
CodeHeap 'profiled nmethods': size=120000Kb used=14996Kb max_used=14996Kb free=105003Kb
 bounds [0x000001d198970000, 0x000001d199820000, 0x000001d19fea0000]
CodeHeap 'non-nmethods': size=5760Kb used=1614Kb max_used=1663Kb free=4145Kb
 bounds [0x000001d19fea0000, 0x000001d1a0110000, 0x000001d1a0440000]
 total_blobs=6135 nmethods=5462 adapters=576
 compilation: enabled
              stopped_count=0, restarted_count=0
 full_count=0

Compilation events (20 events):
Event: 6.727 Thread 0x000001d1b107b740 5916       1       javaslang.collection.HashArrayMappedTrieModule$LeafNode::isEmpty (2 bytes)
Event: 6.727 Thread 0x000001d1b107b740 nmethod 5916 0x000001d1a06fa910 code [0x000001d1a06faaa0, 0x000001d1a06fab68]
Event: 6.727 Thread 0x000001d1b107b740 5908       1       org.jetbrains.kotlin.load.java.JavaNullabilityAnnotationsStatus::getReportLevelAfter (5 bytes)
Event: 6.727 Thread 0x000001d1b107b740 nmethod 5908 0x000001d1a06fac10 code [0x000001d1a06fada0, 0x000001d1a06fae68]
Event: 6.729 Thread 0x000001d1b2772e00 nmethod 5910 0x000001d1a06faf10 code [0x000001d1a06fb0e0, 0x000001d1a06fb4c8]
Event: 6.730 Thread 0x000001d1b107b740 5918       3       org.jetbrains.org.objectweb.asm.Type::getInternalName (16 bytes)
Event: 6.730 Thread 0x000001d1b2772e00 5917       4       org.jetbrains.kotlin.fir.java.FirJavaFacade::toSourceElement$default (36 bytes)
Event: 6.730 Thread 0x000001d1b107b740 nmethod 5918 0x000001d1997f4010 code [0x000001d1997f41c0, 0x000001d1997f4310]
Event: 6.730 Thread 0x000001d1b107b740 5919       3       org.jetbrains.kotlin.fir.java.enhancement.FirAnnotationTypeQualifierResolver::getMetaAnnotations (9 bytes)
Event: 6.730 Thread 0x000001d1b107b740 nmethod 5919 0x000001d1997f4410 code [0x000001d1997f45c0, 0x000001d1997f47d8]
Event: 6.730 Thread 0x000001d1b2772e00 nmethod 5917 0x000001d1a06fb810 code [0x000001d1a06fb9a0, 0x000001d1a06fbab8]
Event: 6.730 Thread 0x000001d1b107b740 5920       3       org.jetbrains.kotlin.fir.java.enhancement.FirAnnotationTypeQualifierResolver::getMetaAnnotations (116 bytes)
Event: 6.731 Thread 0x000001d1b107b740 nmethod 5920 0x000001d1997f4890 code [0x000001d1997f4b80, 0x000001d1997f5c60]
Event: 6.733 Thread 0x000001d1b107b740 5921       3       org.jetbrains.kotlin.it.unimi.dsi.fastutil.objects.AbstractObjectCollection::<init> (5 bytes)
Event: 6.733 Thread 0x000001d1b107b740 nmethod 5921 0x000001d1997f6090 code [0x000001d1997f6240, 0x000001d1997f6408]
Event: 6.736 Thread 0x000001d1b107b740 5922       3       org.jetbrains.kotlin.load.java.SpecialGenericSignatures$Companion::getJVM_SHORT_NAME_TO_BUILTIN_SHORT_NAMES_MAP (4 bytes)
Event: 6.736 Thread 0x000001d1b107b740 nmethod 5922 0x000001d1997f6510 code [0x000001d1997f66c0, 0x000001d1997f6830]
Event: 6.736 Thread 0x000001d1b107b740 5923       3       org.jetbrains.kotlin.load.java.SpecialGenericSignatures::access$getJVM_SHORT_NAME_TO_BUILTIN_SHORT_NAMES_MAP$cp (4 bytes)
Event: 6.737 Thread 0x000001d1b107b740 nmethod 5923 0x000001d1997f6910 code [0x000001d1997f6aa0, 0x000001d1997f6b98]
Event: 6.737 Thread 0x000001d1b107b740 5924       3       org.jetbrains.kotlin.fir.java.scopes.JavaClassUseSiteMemberScope::isVisibleInCurrentClass (272 bytes)

GC Heap History (20 events):
Event: 3.242 GC heap before
{Heap before GC invocations=11 (full 0):
 garbage-first heap   total 41984K, used 35308K [0x000000008ac00000, 0x0000000100000000)
  region size 1024K, 19 young (19456K), 2 survivors (2048K)
 Metaspace       used 44307K, committed 44544K, reserved 1114112K
  class space    used 5152K, committed 5248K, reserved 1048576K
}
Event: 3.250 GC heap after
{Heap after GC invocations=12 (full 0):
 garbage-first heap   total 41984K, used 19323K [0x000000008ac00000, 0x0000000100000000)
  region size 1024K, 3 young (3072K), 3 survivors (3072K)
 Metaspace       used 44307K, committed 44544K, reserved 1114112K
  class space    used 5152K, committed 5248K, reserved 1048576K
}
Event: 3.593 GC heap before
{Heap before GC invocations=12 (full 0):
 garbage-first heap   total 41984K, used 35707K [0x000000008ac00000, 0x0000000100000000)
  region size 1024K, 19 young (19456K), 3 survivors (3072K)
 Metaspace       used 45109K, committed 45376K, reserved 1114112K
  class space    used 5213K, committed 5312K, reserved 1048576K
}
Event: 3.607 GC heap after
{Heap after GC invocations=13 (full 0):
 garbage-first heap   total 54272K, used 24716K [0x000000008ac00000, 0x0000000100000000)
  region size 1024K, 3 young (3072K), 3 survivors (3072K)
 Metaspace       used 45109K, committed 45376K, reserved 1114112K
  class space    used 5213K, committed 5312K, reserved 1048576K
}
Event: 3.917 GC heap before
{Heap before GC invocations=13 (full 0):
 garbage-first heap   total 54272K, used 42124K [0x000000008ac00000, 0x0000000100000000)
  region size 1024K, 21 young (21504K), 3 survivors (3072K)
 Metaspace       used 46196K, committed 46464K, reserved 1114112K
  class space    used 5323K, committed 5440K, reserved 1048576K
}
Event: 3.928 GC heap after
{Heap after GC invocations=14 (full 0):
 garbage-first heap   total 54272K, used 30487K [0x000000008ac00000, 0x0000000100000000)
  region size 1024K, 3 young (3072K), 3 survivors (3072K)
 Metaspace       used 46196K, committed 46464K, reserved 1114112K
  class space    used 5323K, committed 5440K, reserved 1048576K
}
Event: 4.263 GC heap before
{Heap before GC invocations=14 (full 0):
 garbage-first heap   total 54272K, used 44823K [0x000000008ac00000, 0x0000000100000000)
  region size 1024K, 17 young (17408K), 3 survivors (3072K)
 Metaspace       used 48836K, committed 49152K, reserved 1114112K
  class space    used 5609K, committed 5760K, reserved 1048576K
}
Event: 4.269 GC heap after
{Heap after GC invocations=15 (full 0):
 garbage-first heap   total 54272K, used 33083K [0x000000008ac00000, 0x0000000100000000)
  region size 1024K, 2 young (2048K), 2 survivors (2048K)
 Metaspace       used 48836K, committed 49152K, reserved 1114112K
  class space    used 5609K, committed 5760K, reserved 1048576K
}
Event: 4.540 GC heap before
{Heap before GC invocations=16 (full 0):
 garbage-first heap   total 56320K, used 46395K [0x000000008ac00000, 0x0000000100000000)
  region size 1024K, 15 young (15360K), 2 survivors (2048K)
 Metaspace       used 49361K, committed 49664K, reserved 1114112K
  class space    used 5674K, committed 5824K, reserved 1048576K
}
Event: 4.547 GC heap after
{Heap after GC invocations=17 (full 0):
 garbage-first heap   total 56320K, used 35359K [0x000000008ac00000, 0x0000000100000000)
  region size 1024K, 2 young (2048K), 2 survivors (2048K)
 Metaspace       used 49361K, committed 49664K, reserved 1114112K
  class space    used 5674K, committed 5824K, reserved 1048576K
}
Event: 4.618 GC heap before
{Heap before GC invocations=17 (full 0):
 garbage-first heap   total 56320K, used 48671K [0x000000008ac00000, 0x0000000100000000)
  region size 1024K, 15 young (15360K), 2 survivors (2048K)
 Metaspace       used 49610K, committed 49920K, reserved 1114112K
  class space    used 5708K, committed 5888K, reserved 1048576K
}
Event: 4.631 GC heap after
{Heap after GC invocations=18 (full 0):
 garbage-first heap   total 57344K, used 40695K [0x000000008ac00000, 0x0000000100000000)
  region size 1024K, 2 young (2048K), 2 survivors (2048K)
 Metaspace       used 49610K, committed 49920K, reserved 1114112K
  class space    used 5708K, committed 5888K, reserved 1048576K
}
Event: 4.659 GC heap before
{Heap before GC invocations=18 (full 0):
 garbage-first heap   total 57344K, used 49911K [0x000000008ac00000, 0x0000000100000000)
  region size 1024K, 11 young (11264K), 2 survivors (2048K)
 Metaspace       used 49620K, committed 49984K, reserved 1114112K
  class space    used 5708K, committed 5888K, reserved 1048576K
}
Event: 4.665 GC heap after
{Heap after GC invocations=19 (full 0):
 garbage-first heap   total 97280K, used 44736K [0x000000008ac00000, 0x0000000100000000)
  region size 1024K, 2 young (2048K), 2 survivors (2048K)
 Metaspace       used 49620K, committed 49984K, reserved 1114112K
  class space    used 5708K, committed 5888K, reserved 1048576K
}
Event: 5.293 GC heap before
{Heap before GC invocations=20 (full 0):
 garbage-first heap   total 97280K, used 73408K [0x000000008ac00000, 0x0000000100000000)
  region size 1024K, 30 young (30720K), 2 survivors (2048K)
 Metaspace       used 50905K, committed 51200K, reserved 1114112K
  class space    used 5845K, committed 5952K, reserved 1048576K
}
Event: 5.307 GC heap after
{Heap after GC invocations=21 (full 0):
 garbage-first heap   total 97280K, used 51089K [0x000000008ac00000, 0x0000000100000000)
  region size 1024K, 4 young (4096K), 4 survivors (4096K)
 Metaspace       used 50905K, committed 51200K, reserved 1114112K
  class space    used 5845K, committed 5952K, reserved 1048576K
}
Event: 5.725 GC heap before
{Heap before GC invocations=21 (full 0):
 garbage-first heap   total 97280K, used 75665K [0x000000008ac00000, 0x0000000100000000)
  region size 1024K, 28 young (28672K), 4 survivors (4096K)
 Metaspace       used 51837K, committed 52160K, reserved 1114112K
  class space    used 5917K, committed 6080K, reserved 1048576K
}
Event: 5.746 GC heap after
{Heap after GC invocations=22 (full 0):
 garbage-first heap   total 97280K, used 56597K [0x000000008ac00000, 0x0000000100000000)
  region size 1024K, 4 young (4096K), 4 survivors (4096K)
 Metaspace       used 51837K, committed 52160K, reserved 1114112K
  class space    used 5917K, committed 6080K, reserved 1048576K
}
Event: 6.292 GC heap before
{Heap before GC invocations=22 (full 0):
 garbage-first heap   total 97280K, used 78101K [0x000000008ac00000, 0x0000000100000000)
  region size 1024K, 26 young (26624K), 4 survivors (4096K)
 Metaspace       used 54639K, committed 54976K, reserved 1114112K
  class space    used 6174K, committed 6336K, reserved 1048576K
}
Event: 6.307 GC heap after
{Heap after GC invocations=23 (full 0):
 garbage-first heap   total 97280K, used 60187K [0x000000008ac00000, 0x0000000100000000)
  region size 1024K, 4 young (4096K), 4 survivors (4096K)
 Metaspace       used 54639K, committed 54976K, reserved 1114112K
  class space    used 6174K, committed 6336K, reserved 1048576K
}

Dll operation events (3 events):
Event: 0.018 Loaded shared library C:\Program Files\Android\Android Studio\jbr\bin\java.dll
Event: 0.028 Loaded shared library C:\Program Files\Android\Android Studio\jbr\bin\zip.dll
Event: 1.301 Loaded shared library C:\Program Files\Android\Android Studio\jbr\bin\verify.dll

Deoptimization events (20 events):
Event: 6.376 Thread 0x000001d195825710 Uncommon trap: trap_request=0xffffffbe fr.pc=0x000001d1a06bcd5c relative=0x0000000000004a1c
Event: 6.376 Thread 0x000001d195825710 Uncommon trap: reason=profile_predicate action=maybe_recompile pc=0x000001d1a06bcd5c method=org.jetbrains.org.objectweb.asm.ClassReader.readMethod(Lorg/jetbrains/org/objectweb/asm/ClassVisitor;Lorg/jetbrains/org/objectweb/asm/Context;I)I @ 714 c2
Event: 6.376 Thread 0x000001d195825710 DEOPT PACKING pc=0x000001d1a06bcd5c sp=0x0000009738af9630
Event: 6.376 Thread 0x000001d195825710 DEOPT UNPACKING pc=0x000001d19fef46a2 sp=0x0000009738af95d8 mode 2
Event: 6.376 Thread 0x000001d195825710 Uncommon trap: trap_request=0xffffffbe fr.pc=0x000001d1a06bcd5c relative=0x0000000000004a1c
Event: 6.376 Thread 0x000001d195825710 Uncommon trap: reason=profile_predicate action=maybe_recompile pc=0x000001d1a06bcd5c method=org.jetbrains.org.objectweb.asm.ClassReader.readMethod(Lorg/jetbrains/org/objectweb/asm/ClassVisitor;Lorg/jetbrains/org/objectweb/asm/Context;I)I @ 714 c2
Event: 6.376 Thread 0x000001d195825710 DEOPT PACKING pc=0x000001d1a06bcd5c sp=0x0000009738af9630
Event: 6.376 Thread 0x000001d195825710 DEOPT UNPACKING pc=0x000001d19fef46a2 sp=0x0000009738af95d8 mode 2
Event: 6.492 Thread 0x000001d195825710 Uncommon trap: trap_request=0xffffff45 fr.pc=0x000001d1a0688ba8 relative=0x0000000000004f88
Event: 6.492 Thread 0x000001d195825710 Uncommon trap: reason=unstable_if action=reinterpret pc=0x000001d1a0688ba8 method=org.jetbrains.org.objectweb.asm.ClassReader.accept(Lorg/jetbrains/org/objectweb/asm/ClassVisitor;[Lorg/jetbrains/org/objectweb/asm/Attribute;I)V @ 400 c2
Event: 6.492 Thread 0x000001d195825710 DEOPT PACKING pc=0x000001d1a0688ba8 sp=0x0000009738afb720
Event: 6.492 Thread 0x000001d195825710 DEOPT UNPACKING pc=0x000001d19fef46a2 sp=0x0000009738afb758 mode 2
Event: 6.590 Thread 0x000001d195825710 Uncommon trap: trap_request=0xffffff45 fr.pc=0x000001d1a06119fc relative=0x000000000000013c
Event: 6.590 Thread 0x000001d195825710 Uncommon trap: reason=unstable_if action=reinterpret pc=0x000001d1a06119fc method=org.jetbrains.kotlin.fir.types.ConeTypeContext.typeConstructor(Lorg/jetbrains/kotlin/types/model/SimpleTypeMarker;)Lorg/jetbrains/kotlin/types/model/TypeConstructorMarker; @
Event: 6.590 Thread 0x000001d195825710 DEOPT PACKING pc=0x000001d1a06119fc sp=0x0000009738afc270
Event: 6.590 Thread 0x000001d195825710 DEOPT UNPACKING pc=0x000001d19fef46a2 sp=0x0000009738afc190 mode 2
Event: 6.662 Thread 0x000001d195825710 Uncommon trap: trap_request=0xffffff45 fr.pc=0x000001d1a06da9b4 relative=0x0000000000002ad4
Event: 6.662 Thread 0x000001d195825710 Uncommon trap: reason=unstable_if action=reinterpret pc=0x000001d1a06da9b4 method=org.jetbrains.org.objectweb.asm.ClassReader.readMethod(Lorg/jetbrains/org/objectweb/asm/ClassVisitor;Lorg/jetbrains/org/objectweb/asm/Context;I)I @ 595 c2
Event: 6.662 Thread 0x000001d195825710 DEOPT PACKING pc=0x000001d1a06da9b4 sp=0x0000009738afaa90
Event: 6.662 Thread 0x000001d195825710 DEOPT UNPACKING pc=0x000001d19fef46a2 sp=0x0000009738afaa28 mode 2

Classes loaded (20 events):
Event: 5.857 Loading class sun/util/locale/LocaleObjectCache done
Event: 5.857 Loading class sun/util/locale/BaseLocale$Cache done
Event: 5.857 Loading class sun/util/locale/LocaleObjectCache$CacheEntry
Event: 5.857 Loading class sun/util/locale/LocaleObjectCache$CacheEntry done
Event: 5.857 Loading class java/util/Locale$Cache
Event: 5.857 Loading class java/util/Locale$Cache done
Event: 5.887 Loading class java/text/ChoiceFormat
Event: 5.888 Loading class java/text/NumberFormat
Event: 5.888 Loading class java/text/NumberFormat done
Event: 5.888 Loading class java/text/ChoiceFormat done
Event: 5.910 Loading class java/util/RegularEnumSet$EnumSetIterator
Event: 5.910 Loading class java/util/RegularEnumSet$EnumSetIterator done
Event: 5.988 Loading class java/util/EnumMap$EntrySet
Event: 5.989 Loading class java/util/EnumMap$EntrySet done
Event: 5.989 Loading class java/util/EnumMap$EntryIterator
Event: 5.989 Loading class java/util/EnumMap$EnumMapIterator
Event: 5.989 Loading class java/util/EnumMap$EnumMapIterator done
Event: 5.989 Loading class java/util/EnumMap$EntryIterator done
Event: 5.989 Loading class java/util/EnumMap$EntryIterator$Entry
Event: 5.989 Loading class java/util/EnumMap$EntryIterator$Entry done

Classes unloaded (0 events):
No events

Classes redefined (0 events):
No events

Internal exceptions (20 events):
Event: 2.681 Thread 0x000001d195825710 Implicit null exception at 0x000001d1a0506f5a to 0x000001d1a0507058
Event: 3.041 Thread 0x000001d195825710 Implicit null exception at 0x000001d1a0518909 to 0x000001d1a0519158
Event: 3.042 Thread 0x000001d195825710 Implicit null exception at 0x000001d1a04eff46 to 0x000001d1a04f0204
Event: 3.043 Thread 0x000001d195825710 Implicit null exception at 0x000001d1a04952bd to 0x000001d1a0495339
Event: 3.868 Thread 0x000001d195825710 Exception <a 'java/lang/NoSuchMethodError'{0x000000008cd42e38}: 'java.lang.Object java.lang.invoke.DirectMethodHandle$Holder.invokeStaticInit(java.lang.Object, java.lang.Object, java.lang.Object, java.lang.Object)'> (0x000000008cd42e38) 
thrown [s\src\hotspot\share\interpreter\linkResolver.cpp, line 784]
Event: 4.023 Thread 0x000001d195825710 Exception <a 'java/lang/NoSuchMethodError'{0x000000008d90eb20}: 'java.lang.Object java.lang.invoke.DirectMethodHandle$Holder.newInvokeSpecial(java.lang.Object, java.lang.Object, java.lang.Object, java.lang.Object, java.lang.Object, java.lang.Object)'> (0x000000008d90eb20) 
thrown [s\src\hotspot\share\interpreter\linkResolver.cpp, line 784]
Event: 4.216 Thread 0x000001d195825710 Exception <a 'java/lang/NoSuchMethodError'{0x000000008d138028}: 'java.lang.Object java.lang.invoke.DirectMethodHandle$Holder.newInvokeSpecial(java.lang.Object, java.lang.Object, java.lang.Object, java.lang.Object, int)'> (0x000000008d138028) 
thrown [s\src\hotspot\share\interpreter\linkResolver.cpp, line 784]
Event: 4.216 Thread 0x000001d195825710 Exception <a 'java/lang/NoSuchMethodError'{0x000000008d13c470}: 'java.lang.Object java.lang.invoke.DirectMethodHandle$Holder.invokeSpecial(java.lang.Object, java.lang.Object, java.lang.Object, java.lang.Object, java.lang.Object, int)'> (0x000000008d13c470) 
thrown [s\src\hotspot\share\interpreter\linkResolver.cpp, line 784]
Event: 4.217 Thread 0x000001d195825710 Exception <a 'java/lang/NoSuchMethodError'{0x000000008d1401b0}: 'java.lang.Object java.lang.invoke.Invokers$Holder.linkToTargetMethod(java.lang.Object, java.lang.Object, java.lang.Object, int, java.lang.Object)'> (0x000000008d1401b0) 
thrown [s\src\hotspot\share\interpreter\linkResolver.cpp, line 784]
Event: 4.240 Thread 0x000001d195825710 Exception <a 'java/lang/NoSuchMethodError'{0x000000008d182a30}: 'java.lang.Object java.lang.invoke.DirectMethodHandle$Holder.newInvokeSpecial(java.lang.Object, java.lang.Object, java.lang.Object, java.lang.Object, int, java.lang.Object, java.lang.Object)'> (0x000000008d182a30) 
thrown [s\src\hotspot\share\interpreter\linkResolver.cpp, line 784]
Event: 4.523 Thread 0x000001d195825710 Exception <a 'java/lang/NoSuchMethodError'{0x000000008d3964b0}: 'java.lang.Object java.lang.invoke.DirectMethodHandle$Holder.newInvokeSpecial(java.lang.Object, java.lang.Object, java.lang.Object, java.lang.Object, java.lang.Object, java.lang.Object, java.lang.Object, java.lang.Object, java.lang.Object)'> (0x000000008d3964b0) 
thrown [s\src\hotspot\share\interpreter\linkResolver.cpp, line 784]
Event: 4.527 Thread 0x000001d195825710 Exception <a 'java/lang/NoSuchMethodError'{0x000000008d3aa8f0}: 'java.lang.Object java.lang.invoke.DirectMethodHandle$Holder.newInvokeSpecial(java.lang.Object, java.lang.Object, java.lang.Object, int)'> (0x000000008d3aa8f0) 
thrown [s\src\hotspot\share\interpreter\linkResolver.cpp, line 784]
Event: 4.528 Thread 0x000001d195825710 Exception <a 'java/lang/NoSuchMethodError'{0x000000008d3ae770}: 'java.lang.Object java.lang.invoke.DirectMethodHandle$Holder.invokeSpecial(java.lang.Object, java.lang.Object, java.lang.Object, java.lang.Object, int)'> (0x000000008d3ae770) 
thrown [s\src\hotspot\share\interpreter\linkResolver.cpp, line 784]
Event: 4.528 Thread 0x000001d195825710 Exception <a 'java/lang/NoSuchMethodError'{0x000000008d3b1f28}: 'java.lang.Object java.lang.invoke.Invokers$Holder.linkToTargetMethod(java.lang.Object, java.lang.Object, int, java.lang.Object)'> (0x000000008d3b1f28) 
thrown [s\src\hotspot\share\interpreter\linkResolver.cpp, line 784]
Event: 4.531 Thread 0x000001d195825710 Exception <a 'java/lang/NoSuchMethodError'{0x000000008d3c1318}: 'java.lang.Object java.lang.invoke.DirectMethodHandle$Holder.newInvokeSpecial(java.lang.Object, int, java.lang.Object)'> (0x000000008d3c1318) 
thrown [s\src\hotspot\share\interpreter\linkResolver.cpp, line 784]
Event: 4.551 Thread 0x000001d195825710 Exception <a 'java/lang/NoSuchMethodError'{0x0000000092120250}: 'java.lang.Object java.lang.invoke.DirectMethodHandle$Holder.invokeStatic(java.lang.Object, int, java.lang.Object, java.lang.Object)'> (0x0000000092120250) 
thrown [s\src\hotspot\share\interpreter\linkResolver.cpp, line 784]
Event: 4.914 Thread 0x000001d195825710 Exception <a 'java/lang/NoSuchMethodError'{0x000000008f9fa920}: 'java.lang.Object java.lang.invoke.DirectMethodHandle$Holder.newInvokeSpecial(java.lang.Object, java.lang.Object, java.lang.Object, int, int)'> (0x000000008f9fa920) 
thrown [s\src\hotspot\share\interpreter\linkResolver.cpp, line 784]
Event: 4.967 Thread 0x000001d195825710 Exception <a 'java/lang/NoSuchMethodError'{0x000000008f74d9a0}: 'java.lang.Object java.lang.invoke.DirectMethodHandle$Holder.invokeStatic(java.lang.Object, java.lang.Object, java.lang.Object, int, java.lang.Object, java.lang.Object)'> (0x000000008f74d9a0) 
thrown [s\src\hotspot\share\interpreter\linkResolver.cpp, line 784]
Event: 6.337 Thread 0x000001d195825710 Exception <a 'java/lang/NoSuchMethodError'{0x00000000ffc93480}: 'java.lang.Object java.lang.invoke.DirectMethodHandle$Holder.invokeSpecial(java.lang.Object, java.lang.Object, java.lang.Object, int, java.lang.Object, java.lang.Object, java.lang.Object)'> (0x00000000ffc93480) 
thrown [s\src\hotspot\share\interpreter\linkResolver.cpp, line 784]
Event: 6.338 Thread 0x000001d195825710 Exception <a 'java/lang/NoSuchMethodError'{0x00000000ffc96df0}: 'java.lang.Object java.lang.invoke.Invokers$Holder.linkToTargetMethod(java.lang.Object, int, java.lang.Object, java.lang.Object, java.lang.Object, java.lang.Object)'> (0x00000000ffc96df0) 
thrown [s\src\hotspot\share\interpreter\linkResolver.cpp, line 784]

ZGC Phase Switch (0 events):
No events

VM Operations (20 events):
Event: 5.695 Executing VM operation: ICBufferFull
Event: 5.696 Executing VM operation: ICBufferFull done
Event: 5.725 Executing VM operation: G1CollectForAllocation (G1 Evacuation Pause)
Event: 5.746 Executing VM operation: G1CollectForAllocation (G1 Evacuation Pause) done
Event: 5.760 Executing VM operation: HandshakeAllThreads (Deoptimize)
Event: 5.760 Executing VM operation: HandshakeAllThreads (Deoptimize) done
Event: 6.170 Executing VM operation: ICBufferFull
Event: 6.170 Executing VM operation: ICBufferFull done
Event: 6.181 Executing VM operation: HandshakeAllThreads (Deoptimize)
Event: 6.181 Executing VM operation: HandshakeAllThreads (Deoptimize) done
Event: 6.216 Executing VM operation: HandshakeAllThreads (Deoptimize)
Event: 6.216 Executing VM operation: HandshakeAllThreads (Deoptimize) done
Event: 6.292 Executing VM operation: G1CollectForAllocation (G1 Evacuation Pause)
Event: 6.307 Executing VM operation: G1CollectForAllocation (G1 Evacuation Pause) done
Event: 6.356 Executing VM operation: G1PauseRemark
Event: 6.363 Executing VM operation: G1PauseRemark done
Event: 6.375 Executing VM operation: G1PauseCleanup
Event: 6.375 Executing VM operation: G1PauseCleanup done
Event: 6.683 Executing VM operation: ICBufferFull
Event: 6.683 Executing VM operation: ICBufferFull done

Memory protections (0 events):
No events

Nmethod flushes (20 events):
Event: 4.710 Thread 0x000001d1b1008070 flushing  nmethod 0x000001d198d2bf10
Event: 4.710 Thread 0x000001d1b1008070 flushing  nmethod 0x000001d198d2c690
Event: 4.710 Thread 0x000001d1b1008070 flushing  nmethod 0x000001d198d77a10
Event: 4.710 Thread 0x000001d1b1008070 flushing  nmethod 0x000001d198d99010
Event: 4.710 Thread 0x000001d1b1008070 flushing  nmethod 0x000001d198d9d190
Event: 4.710 Thread 0x000001d1b1008070 flushing  nmethod 0x000001d198da5490
Event: 4.710 Thread 0x000001d1b1008070 flushing  nmethod 0x000001d198da7a90
Event: 4.710 Thread 0x000001d1b1008070 flushing  nmethod 0x000001d198da8510
Event: 4.710 Thread 0x000001d1b1008070 flushing  nmethod 0x000001d198dadc90
Event: 4.710 Thread 0x000001d1b1008070 flushing  nmethod 0x000001d198fd8510
Event: 6.362 Thread 0x000001d1b1008070 flushing  nmethod 0x000001d1989ae690
Event: 6.362 Thread 0x000001d1b1008070 flushing  nmethod 0x000001d198d50d90
Event: 6.362 Thread 0x000001d1b1008070 flushing  nmethod 0x000001d198d88210
Event: 6.362 Thread 0x000001d1b1008070 flushing  nmethod 0x000001d198e50390
Event: 6.362 Thread 0x000001d1b1008070 flushing  nmethod 0x000001d1a054ac90
Event: 6.362 Thread 0x000001d1b1008070 flushing  nmethod 0x000001d1a0556290
Event: 6.362 Thread 0x000001d1b1008070 flushing  nmethod 0x000001d1989cf590
Event: 6.362 Thread 0x000001d1b1008070 flushing  nmethod 0x000001d198d02610
Event: 6.362 Thread 0x000001d1b1008070 flushing  nmethod 0x000001d198d2a510
Event: 6.362 Thread 0x000001d1b1008070 flushing  nmethod 0x000001d198d98410

Events (20 events):
Event: 0.025 Thread 0x000001d195825710 Thread added: 0x000001d195825710
Event: 0.103 Thread 0x000001d195825710 Thread added: 0x000001d1b105c510
Event: 0.103 Thread 0x000001d195825710 Thread added: 0x000001d1b105d220
Event: 0.105 Thread 0x000001d195825710 Thread added: 0x000001d1b1060950
Event: 0.105 Thread 0x000001d195825710 Thread added: 0x000001d1b10613a0
Event: 0.105 Thread 0x000001d195825710 Thread added: 0x000001d1b10744c0
Event: 0.105 Thread 0x000001d195825710 Thread added: 0x000001d1b1075f20
Event: 0.105 Thread 0x000001d195825710 Thread added: 0x000001d1b107acb0
Event: 0.106 Thread 0x000001d195825710 Thread added: 0x000001d1b107b740
Event: 0.149 Thread 0x000001d195825710 Thread added: 0x000001d1b122a560
Event: 0.154 Thread 0x000001d195825710 Thread added: 0x000001d1b1233a00
Event: 0.164 Loaded shared library C:\Program Files\Android\Android Studio\jbr\bin\net.dll
Event: 0.166 Loaded shared library C:\Program Files\Android\Android Studio\jbr\bin\nio.dll
Event: 0.183 Thread 0x000001d1b107acb0 Thread added: 0x000001d1b12a6bf0
Event: 0.196 Loaded shared library C:\Program Files\Android\Android Studio\jbr\bin\zip.dll
Event: 0.230 Loaded shared library C:\Program Files\Android\Android Studio\jbr\bin\jimage.dll
Event: 1.843 Thread 0x000001d1b12a6bf0 Thread exited: 0x000001d1b12a6bf0
Event: 2.024 Thread 0x000001d1b107b740 Thread added: 0x000001d1b21e59e0
Event: 2.501 Thread 0x000001d1b21e59e0 Thread exited: 0x000001d1b21e59e0
Event: 2.704 Thread 0x000001d1b107acb0 Thread added: 0x000001d1b2772e00


Dynamic libraries:
0x00007ff6280d0000 - 0x00007ff6280da000 	C:\Program Files\Android\Android Studio\jbr\bin\java.exe
0x00007ffd2dd50000 - 0x00007ffd2df67000 	C:\WINDOWS\SYSTEM32\ntdll.dll
0x00007ffce0f70000 - 0x00007ffce0f8a000 	C:\Program Files\AVG\Antivirus\aswhook.dll
0x00007ffd2c970000 - 0x00007ffd2ca34000 	C:\WINDOWS\System32\KERNEL32.DLL
0x00007ffd2b3f0000 - 0x00007ffd2b7c0000 	C:\WINDOWS\System32\KERNELBASE.dll
0x00007ffd2b0b0000 - 0x00007ffd2b1c1000 	C:\WINDOWS\System32\ucrtbase.dll
0x00007ffd13740000 - 0x00007ffd13758000 	C:\Program Files\Android\Android Studio\jbr\bin\jli.dll
0x00007ffd26ec0000 - 0x00007ffd26edb000 	C:\Program Files\Android\Android Studio\jbr\bin\VCRUNTIME140.dll
0x00007ffd2bdc0000 - 0x00007ffd2bf6e000 	C:\WINDOWS\System32\USER32.dll
0x00007ffd2b000000 - 0x00007ffd2b026000 	C:\WINDOWS\System32\win32u.dll
0x00007ffd07910000 - 0x00007ffd07ba2000 	C:\WINDOWS\WinSxS\amd64_microsoft.windows.common-controls_6595b64144ccf1df_6.0.22621.4830_none_270fe7d773858e80\COMCTL32.dll
0x00007ffd2c030000 - 0x00007ffd2c0d7000 	C:\WINDOWS\System32\msvcrt.dll
0x00007ffd2bf70000 - 0x00007ffd2bf99000 	C:\WINDOWS\System32\GDI32.dll
0x00007ffd2b7c0000 - 0x00007ffd2b8db000 	C:\WINDOWS\System32\gdi32full.dll
0x00007ffd2b9a0000 - 0x00007ffd2ba3a000 	C:\WINDOWS\System32\msvcp_win.dll
0x00007ffd2d960000 - 0x00007ffd2d991000 	C:\WINDOWS\System32\IMM32.DLL
0x00007ffd27c50000 - 0x00007ffd27c5c000 	C:\Program Files\Android\Android Studio\jbr\bin\vcruntime140_1.dll
0x00007ffcd2190000 - 0x00007ffcd221d000 	C:\Program Files\Android\Android Studio\jbr\bin\msvcp140.dll
0x00007ffcb2ce0000 - 0x00007ffcb396a000 	C:\Program Files\Android\Android Studio\jbr\bin\server\jvm.dll
0x00007ffd2d9b0000 - 0x00007ffd2da61000 	C:\WINDOWS\System32\ADVAPI32.dll
0x00007ffd2d3f0000 - 0x00007ffd2d497000 	C:\WINDOWS\System32\sechost.dll
0x00007ffd2b3c0000 - 0x00007ffd2b3e8000 	C:\WINDOWS\System32\bcrypt.dll
0x00007ffd2c0e0000 - 0x00007ffd2c1f4000 	C:\WINDOWS\System32\RPCRT4.dll
0x00007ffd2db30000 - 0x00007ffd2dba1000 	C:\WINDOWS\System32\WS2_32.dll
0x00007ffd2ad20000 - 0x00007ffd2ad6d000 	C:\WINDOWS\SYSTEM32\POWRPROF.dll
0x00007ffd237c0000 - 0x00007ffd237ca000 	C:\WINDOWS\SYSTEM32\VERSION.dll
0x00007ffd26c90000 - 0x00007ffd26cc4000 	C:\WINDOWS\SYSTEM32\WINMM.dll
0x00007ffd2ad00000 - 0x00007ffd2ad13000 	C:\WINDOWS\SYSTEM32\UMPDC.dll
0x00007ffd2a040000 - 0x00007ffd2a058000 	C:\WINDOWS\SYSTEM32\kernel.appcore.dll
0x00007ffd27c20000 - 0x00007ffd27c2a000 	C:\Program Files\Android\Android Studio\jbr\bin\jimage.dll
0x00007ffd25db0000 - 0x00007ffd25fe2000 	C:\WINDOWS\SYSTEM32\DBGHELP.DLL
0x00007ffd2d4f0000 - 0x00007ffd2d880000 	C:\WINDOWS\System32\combase.dll
0x00007ffd2d880000 - 0x00007ffd2d957000 	C:\WINDOWS\System32\OLEAUT32.dll
0x00007ffd20ee0000 - 0x00007ffd20f12000 	C:\WINDOWS\SYSTEM32\dbgcore.DLL
0x00007ffd2b1d0000 - 0x00007ffd2b24b000 	C:\WINDOWS\System32\bcryptPrimitives.dll
0x00007ffd26e40000 - 0x00007ffd26e60000 	C:\Program Files\Android\Android Studio\jbr\bin\java.dll
0x00007ffd23dd0000 - 0x00007ffd23de8000 	C:\Program Files\Android\Android Studio\jbr\bin\zip.dll
0x00007ffd2cb70000 - 0x00007ffd2d3e8000 	C:\WINDOWS\System32\SHELL32.dll
0x00007ffd28f50000 - 0x00007ffd29860000 	C:\WINDOWS\SYSTEM32\windows.storage.dll
0x00007ffd28e10000 - 0x00007ffd28f4f000 	C:\WINDOWS\SYSTEM32\wintypes.dll
0x00007ffd2dbd0000 - 0x00007ffd2dcda000 	C:\WINDOWS\System32\SHCORE.dll
0x00007ffd2da70000 - 0x00007ffd2dace000 	C:\WINDOWS\System32\shlwapi.dll
0x00007ffd2af30000 - 0x00007ffd2af5b000 	C:\WINDOWS\SYSTEM32\profapi.dll
0x00007ffd26f30000 - 0x00007ffd26f40000 	C:\Program Files\Android\Android Studio\jbr\bin\net.dll
0x00007ffd27fa0000 - 0x00007ffd280cc000 	C:\WINDOWS\SYSTEM32\WINHTTP.dll
0x00007ffd2a4c0000 - 0x00007ffd2a52a000 	C:\WINDOWS\system32\mswsock.dll
0x00007ffd158f0000 - 0x00007ffd15906000 	C:\Program Files\Android\Android Studio\jbr\bin\nio.dll
0x00007ffd135a0000 - 0x00007ffd135b0000 	C:\Program Files\Android\Android Studio\jbr\bin\verify.dll

dbghelp: loaded successfully - version: 4.0.5 - missing functions: none
symbol engine: initialized successfully - sym options: 0x614 - pdb path: .;C:\Program Files\Android\Android Studio\jbr\bin;C:\WINDOWS\SYSTEM32;C:\Program Files\AVG\Antivirus;C:\WINDOWS\WinSxS\amd64_microsoft.windows.common-controls_6595b64144ccf1df_6.0.22621.4830_none_270fe7d773858e80;C:\Program Files\Android\Android Studio\jbr\bin\server

VM Arguments:
java_command: org.jetbrains.kotlin.cli.jvm.K2JVMCompiler @C:\Users\Magdalena\TwitterSearch\app\build\20250302_4347203228740764087.compiler.options
java_class_path (initial): C:\Users\Magdalena\.gradle\caches\modules-2\files-2.1\org.jetbrains.kotlin\kotlin-compiler-embeddable\2.0.0\1de310de3446414381282ffc46c3ed3919a4d1da\kotlin-compiler-embeddable-2.0.0.jar;C:\Users\Magdalena\.gradle\caches\modules-2\files-2.1\org.jetbrains.kotlin\kotlin-stdlib\2.0.0\b48df2c4aede9586cc931ead433bc02d6fd7879e\kotlin-stdlib-2.0.0.jar;C:\Users\Magdalena\.gradle\caches\modules-2\files-2.1\org.jetbrains.kotlin\kotlin-script-runtime\2.0.0\fdc27dd047d592fa41d2dfa21e7621287a361612\kotlin-script-runtime-2.0.0.jar;C:\Users\Magdalena\.gradle\caches\modules-2\files-2.1\org.jetbrains.kotlin\kotlin-reflect\1.6.10\1cbe9c92c12a94eea200d23c2bbaedaf3daf5132\kotlin-reflect-1.6.10.jar;C:\Users\Magdalena\.gradle\caches\modules-2\files-2.1\org.jetbrains.kotlin\kotlin-daemon-embeddable\2.0.0\b39c612768614c4428c96ee9c65477181fffe9d\kotlin-daemon-embeddable-2.0.0.jar;C:\Users\Magdalena\.gradle\caches\modules-2\files-2.1\org.jetbrains.intellij.deps\trove4j\1.0.20200330\3afb14d5f9ceb459d724e907a21145e8ff394f02\trove4j-1.0.20200330.jar;C:\Users\Magdalena\.gradle\caches\modules-2\files-2.1\org.jetbrains\annotations\13.0\919f0dfe192fb4e063e7dacadee7f8bb9a2672a9\annotations-13.0.jar
Launcher Type: SUN_STANDARD

[Global flags]
     intx CICompilerCount                          = 4                                         {product} {ergonomic}
     uint ConcGCThreads                            = 2                                         {product} {ergonomic}
     uint G1ConcRefinementThreads                  = 8                                         {product} {ergonomic}
   size_t G1HeapRegionSize                         = 1048576                                   {product} {ergonomic}
    uintx GCDrainStackTargetSize                   = 64                                        {product} {ergonomic}
   size_t InitialHeapSize                          = 123731968                                 {product} {ergonomic}
   size_t MarkStackSize                            = 4194304                                   {product} {ergonomic}
   size_t MaxHeapSize                              = 1967128576                                {product} {ergonomic}
   size_t MaxNewSize                               = 1179648000                                {product} {ergonomic}
   size_t MinHeapDeltaBytes                        = 1048576                                   {product} {ergonomic}
   size_t MinHeapSize                              = 8388608                                   {product} {ergonomic}
    uintx NonNMethodCodeHeapSize                   = 5839372                                {pd product} {ergonomic}
    uintx NonProfiledCodeHeapSize                  = 122909434                              {pd product} {ergonomic}
    uintx ProfiledCodeHeapSize                     = 122909434                              {pd product} {ergonomic}
    uintx ReservedCodeCacheSize                    = 251658240                              {pd product} {ergonomic}
     bool SegmentedCodeCache                       = true                                      {product} {ergonomic}
   size_t SoftMaxHeapSize                          = 1967128576                             {manageable} {ergonomic}
     bool UseCompressedOops                        = true                           {product lp64_product} {ergonomic}
     bool UseG1GC                                  = true                                      {product} {ergonomic}
     bool UseLargePagesIndividualAllocation        = false                                  {pd product} {ergonomic}

Logging:
Log output configuration:
 #0: stdout all=warning uptime,level,tags foldmultilines=false
 #1: stderr all=off uptime,level,tags foldmultilines=false

Environment Variables:
PATH=C:\Program Files\Microsoft\jdk-11.0.16.101-hotspot\bin;C:\Program Files (x86)\NVIDIA Corporation\PhysX\Common;C:\Program Files\Common Files\Oracle\Java\javapath;C:\Program Files (x86)\Common Files\Oracle\Java\javapath;C:\Windows\system32;C:\Windows;C:\Windows\System32\Wbem;C:\Windows\System32\WindowsPowerShell\v1.0\;C:\Windows\System32\OpenSSH\;C:\WINDOWS\system32;C:\WINDOWS;C:\WINDOWS\System32\Wbem;C:\WINDOWS\System32\WindowsPowerShell\v1.0\;C:\WINDOWS\System32\OpenSSH\;C:\Program Files\Microsoft SQL Server\Client SDK\ODBC\110\Tools\Binn\;C:\Program Files (x86)\Windows Kits\8.1\Windows Performance Toolkit\;C:\Program Files\Git\cmd;C:\Program Files\Microsoft SQL Server\Client SDK\ODBC\170\Tools\Binn\;C:\Program Files\dotnet\;C:\Program Files (x86)\Microsoft SQL Server\160\Tools\Binn\;C:\Program Files\Microsoft SQL Server\160\Tools\Binn\;C:\Program Files\Microsoft SQL Server\160\DTS\Binn\;C:\Program Files (x86)\Microsoft SQL Server\160\DTS\Binn\;C:\Program Files\Microsoft SQL Server\150\Tools\Binn\;C:\Program Files\nodejs\;C:\Users\Magdalena\AppData\Local\Microsoft\WindowsApps;C:\Users\Magdalena\flutter\flutter\bin;C:\Program Files\PostgreSQL\15\bin;C:\Program Files\Java\jdk-17\bin;C:\Program Files\Java\jdk-17;C:\Program Files\Azure Data Studio\bin;C:\Users\Magdalena\.dotnet\tools;C:\Program Files\MongoDB\mongosh-2.1.5-win32-x64\bin;C:\Users\Magdalena\AppData\Local\Programs\Microsoft VS Code\bin;C:\Users\Magdalena\AppData\Roaming\npm
USERNAME=Magdalena
OS=Windows_NT
PROCESSOR_IDENTIFIER=AMD64 Family 23 Model 104 Stepping 1, AuthenticAMD
TMP=C:\Users\MAGDAL~1\AppData\Local\Temp
TEMP=C:\Users\MAGDAL~1\AppData\Local\Temp




Periodic native trim disabled

JNI global refs:
JNI global refs: 11, weak refs: 2

JNI global refs memory usage: 835, weak refs: 833

Process memory usage:
Resident Set Size: 275576K (3% of 7682180K total physical memory with 398792K free physical memory)

OOME stack traces (most recent first):
Classloader memory used:
Loader jdk.internal.loader.ClassLoaders$AppClassLoader                                 : 43903K
Loader bootstrap                                                                       : 10918K
Loader java.net.URLClassLoader                                                         : 266K

---------------  S Y S T E M  ---------------

OS:
 Windows 11 , 64 bit Build 22621 (10.0.22621.4830)
OS uptime: 2 days 9:29 hours

CPU: total 8 (initial active 8) (8 cores per cpu, 2 threads per core) family 23 model 104 stepping 1 microcode 0x0, cx8, cmov, fxsr, ht, mmx, 3dnowpref, sse, sse2, sse3, ssse3, sse4a, sse4.1, sse4.2, popcnt, lzcnt, tsc, tscinvbit, avx, avx2, aes, clmul, bmi1, bmi2, adx, sha, fma, vzeroupper, clflush, clflushopt, rdtscp, rdpid, f16c
Processor Information for all 8 processors :
  Max Mhz: 2600, Current Mhz: 2600, Mhz Limit: 2600

Memory: 4k page, system-wide physical 7502M (389M free)
TotalPageFile size 15102M (AvailPageFile size 7M)
current process WorkingSet (physical memory assigned to process): 269M, peak: 269M
current process commit charge ("private bytes"): 303M, peak: 305M

vm_info: OpenJDK 64-Bit Server VM (21.0.5+-13047016-b750.29) for windows-amd64 JRE (21.0.5+-13047016-b750.29), built on 2025-02-11T21:12:39Z by "builder" with MS VC++ 16.10 / 16.11 (VS2019)

END.
